Determining if the environ exist failed with the following output:
Change Dir: /home/ajender/QemuV1/Docker/buildroot-2023.02.4/output/build/host-cmake-3.22.3/CMakeFiles/CMakeTmp

Run Build Command(s):/usr/bin/gmake -f Makefile cmTC_2a699/fast && gmake[1]: Entering directory '/home/ajender/QemuV1/Docker/buildroot-2023.02.4/output/build/host-cmake-3.22.3/CMakeFiles/CMakeTmp'
gmake  -f CMakeFiles/cmTC_2a699.dir/build.make CMakeFiles/cmTC_2a699.dir/build
gmake[2]: Entering directory '/home/ajender/QemuV1/Docker/buildroot-2023.02.4/output/build/host-cmake-3.22.3/CMakeFiles/CMakeTmp'
Building C object CMakeFiles/cmTC_2a699.dir/CheckSymbolExists.c.o
/usr/bin/gcc   -O2  -std=gnu11 -o CMakeFiles/cmTC_2a699.dir/CheckSymbolExists.c.o -c /home/ajender/QemuV1/Docker/buildroot-2023.02.4/output/build/host-cmake-3.22.3/CMakeFiles/CMakeTmp/CheckSymbolExists.c
/home/ajender/QemuV1/Docker/buildroot-2023.02.4/output/build/host-cmake-3.22.3/CMakeFiles/CMakeTmp/CheckSymbolExists.c: In function ‘main’:
/home/ajender/QemuV1/Docker/buildroot-2023.02.4/output/build/host-cmake-3.22.3/CMakeFiles/CMakeTmp/CheckSymbolExists.c:8:19: error: ‘environ’ undeclared (first use in this function)
    8 |   return ((int*)(&environ))[argc];
      |                   ^~~~~~~
/home/ajender/QemuV1/Docker/buildroot-2023.02.4/output/build/host-cmake-3.22.3/CMakeFiles/CMakeTmp/CheckSymbolExists.c:8:19: note: each undeclared identifier is reported only once for each function it appears in
gmake[2]: *** [CMakeFiles/cmTC_2a699.dir/build.make:78: CMakeFiles/cmTC_2a699.dir/CheckSymbolExists.c.o] Error 1
gmake[2]: Leaving directory '/home/ajender/QemuV1/Docker/buildroot-2023.02.4/output/build/host-cmake-3.22.3/CMakeFiles/CMakeTmp'
gmake[1]: *** [Makefile:127: cmTC_2a699/fast] Error 2
gmake[1]: Leaving directory '/home/ajender/QemuV1/Docker/buildroot-2023.02.4/output/build/host-cmake-3.22.3/CMakeFiles/CMakeTmp'


File /home/ajender/QemuV1/Docker/buildroot-2023.02.4/output/build/host-cmake-3.22.3/CMakeFiles/CMakeTmp/CheckSymbolExists.c:
/* */
#include <stdlib.h>

int main(int argc, char** argv)
{
  (void)argv;
#ifndef environ
  return ((int*)(&environ))[argc];
#else
  (void)argc;
  return 0;
#endif
}
Checking whether CXX compiler has environ in stdlib.h failed to compile with the following output:
Change Dir: /home/ajender/QemuV1/Docker/buildroot-2023.02.4/output/build/host-cmake-3.22.3/Source/kwsys/CMakeFiles/CMakeTmp

Run Build Command(s):/usr/bin/gmake -f Makefile cmTC_987a5/fast && gmake[1]: Entering directory '/home/ajender/QemuV1/Docker/buildroot-2023.02.4/output/build/host-cmake-3.22.3/Source/kwsys/CMakeFiles/CMakeTmp'
gmake  -f CMakeFiles/cmTC_987a5.dir/build.make CMakeFiles/cmTC_987a5.dir/build
gmake[2]: Entering directory '/home/ajender/QemuV1/Docker/buildroot-2023.02.4/output/build/host-cmake-3.22.3/Source/kwsys/CMakeFiles/CMakeTmp'
Building CXX object CMakeFiles/cmTC_987a5.dir/kwsysPlatformTestsCXX.cxx.o
/usr/bin/g++ -DTEST_KWSYS_CXX_HAS_ENVIRON_IN_STDLIB_H  -O2  -o CMakeFiles/cmTC_987a5.dir/kwsysPlatformTestsCXX.cxx.o -c /home/ajender/QemuV1/Docker/buildroot-2023.02.4/output/build/host-cmake-3.22.3/Source/kwsys/kwsysPlatformTestsCXX.cxx
/home/ajender/QemuV1/Docker/buildroot-2023.02.4/output/build/host-cmake-3.22.3/Source/kwsys/kwsysPlatformTestsCXX.cxx: In function ‘int main()’:
/home/ajender/QemuV1/Docker/buildroot-2023.02.4/output/build/host-cmake-3.22.3/Source/kwsys/kwsysPlatformTestsCXX.cxx:53:13: error: ‘environ’ was not declared in this scope; did you mean ‘union’?
   53 |   char* e = environ[0];
      |             ^~~~~~~
      |             union
gmake[2]: *** [CMakeFiles/cmTC_987a5.dir/build.make:78: CMakeFiles/cmTC_987a5.dir/kwsysPlatformTestsCXX.cxx.o] Error 1
gmake[2]: Leaving directory '/home/ajender/QemuV1/Docker/buildroot-2023.02.4/output/build/host-cmake-3.22.3/Source/kwsys/CMakeFiles/CMakeTmp'
gmake[1]: *** [Makefile:127: cmTC_987a5/fast] Error 2
gmake[1]: Leaving directory '/home/ajender/QemuV1/Docker/buildroot-2023.02.4/output/build/host-cmake-3.22.3/Source/kwsys/CMakeFiles/CMakeTmp'



Checking whether CXX compiler struct stat has st_mtimespec member failed to compile with the following output:
Change Dir: /home/ajender/QemuV1/Docker/buildroot-2023.02.4/output/build/host-cmake-3.22.3/Source/kwsys/CMakeFiles/CMakeTmp

Run Build Command(s):/usr/bin/gmake -f Makefile cmTC_37be1/fast && gmake[1]: Entering directory '/home/ajender/QemuV1/Docker/buildroot-2023.02.4/output/build/host-cmake-3.22.3/Source/kwsys/CMakeFiles/CMakeTmp'
gmake  -f CMakeFiles/cmTC_37be1.dir/build.make CMakeFiles/cmTC_37be1.dir/build
gmake[2]: Entering directory '/home/ajender/QemuV1/Docker/buildroot-2023.02.4/output/build/host-cmake-3.22.3/Source/kwsys/CMakeFiles/CMakeTmp'
Building CXX object CMakeFiles/cmTC_37be1.dir/kwsysPlatformTestsCXX.cxx.o
/usr/bin/g++ -DTEST_KWSYS_CXX_STAT_HAS_ST_MTIMESPEC  -O2  -o CMakeFiles/cmTC_37be1.dir/kwsysPlatformTestsCXX.cxx.o -c /home/ajender/QemuV1/Docker/buildroot-2023.02.4/output/build/host-cmake-3.22.3/Source/kwsys/kwsysPlatformTestsCXX.cxx
/home/ajender/QemuV1/Docker/buildroot-2023.02.4/output/build/host-cmake-3.22.3/Source/kwsys/kwsysPlatformTestsCXX.cxx: In function ‘int main()’:
/home/ajender/QemuV1/Docker/buildroot-2023.02.4/output/build/host-cmake-3.22.3/Source/kwsys/kwsysPlatformTestsCXX.cxx:26:15: error: ‘struct stat’ has no member named ‘st_mtimespec’
   26 |   (void)stat1.st_mtimespec.tv_sec;
      |               ^~~~~~~~~~~~
/home/ajender/QemuV1/Docker/buildroot-2023.02.4/output/build/host-cmake-3.22.3/Source/kwsys/kwsysPlatformTestsCXX.cxx:27:15: error: ‘struct stat’ has no member named ‘st_mtimespec’
   27 |   (void)stat1.st_mtimespec.tv_nsec;
      |               ^~~~~~~~~~~~
gmake[2]: *** [CMakeFiles/cmTC_37be1.dir/build.make:78: CMakeFiles/cmTC_37be1.dir/kwsysPlatformTestsCXX.cxx.o] Error 1
gmake[2]: Leaving directory '/home/ajender/QemuV1/Docker/buildroot-2023.02.4/output/build/host-cmake-3.22.3/Source/kwsys/CMakeFiles/CMakeTmp'
gmake[1]: *** [Makefile:127: cmTC_37be1/fast] Error 2
gmake[1]: Leaving directory '/home/ajender/QemuV1/Docker/buildroot-2023.02.4/output/build/host-cmake-3.22.3/Source/kwsys/CMakeFiles/CMakeTmp'



Determining if the function connect exists in the socket;dl failed with the following output:
Change Dir: /home/ajender/QemuV1/Docker/buildroot-2023.02.4/output/build/host-cmake-3.22.3/CMakeFiles/CMakeTmp

Run Build Command(s):/usr/bin/gmake -f Makefile cmTC_44682/fast && gmake[1]: Entering directory '/home/ajender/QemuV1/Docker/buildroot-2023.02.4/output/build/host-cmake-3.22.3/CMakeFiles/CMakeTmp'
gmake  -f CMakeFiles/cmTC_44682.dir/build.make CMakeFiles/cmTC_44682.dir/build
gmake[2]: Entering directory '/home/ajender/QemuV1/Docker/buildroot-2023.02.4/output/build/host-cmake-3.22.3/CMakeFiles/CMakeTmp'
Building C object CMakeFiles/cmTC_44682.dir/CheckFunctionExists.c.o
/usr/bin/gcc   -O2 -w -DCHECK_FUNCTION_EXISTS=connect -std=gnu11 -o CMakeFiles/cmTC_44682.dir/CheckFunctionExists.c.o -c /home/ajender/QemuV1/Docker/buildroot-2023.02.4/output/build/host-cmake-3.22.3/Modules/CheckFunctionExists.c
Linking C executable cmTC_44682
/home/ajender/QemuV1/Docker/buildroot-2023.02.4/output/build/host-cmake-3.22.3/Bootstrap.cmk/cmake -E cmake_link_script CMakeFiles/cmTC_44682.dir/link.txt --verbose=1
/usr/bin/gcc -O2 -w -DCHECK_FUNCTION_EXISTS=connect -L/home/ajender/QemuV1/Docker/buildroot-2023.02.4/output/host/lib -Wl,-rpath,/home/ajender/QemuV1/Docker/buildroot-2023.02.4/output/host/lib  CMakeFiles/cmTC_44682.dir/CheckFunctionExists.c.o -o cmTC_44682  -lsocket -ldl 
/usr/bin/ld: cannot find -lsocket: No such file or directory
collect2: error: ld returned 1 exit status
gmake[2]: *** [CMakeFiles/cmTC_44682.dir/build.make:99: cmTC_44682] Error 1
gmake[2]: Leaving directory '/home/ajender/QemuV1/Docker/buildroot-2023.02.4/output/build/host-cmake-3.22.3/CMakeFiles/CMakeTmp'
gmake[1]: *** [Makefile:127: cmTC_44682/fast] Error 2
gmake[1]: Leaving directory '/home/ajender/QemuV1/Docker/buildroot-2023.02.4/output/build/host-cmake-3.22.3/CMakeFiles/CMakeTmp'



Determining if the function recv exists in the network;dl failed with the following output:
Change Dir: /home/ajender/QemuV1/Docker/buildroot-2023.02.4/output/build/host-cmake-3.22.3/CMakeFiles/CMakeTmp

Run Build Command(s):/usr/bin/gmake -f Makefile cmTC_7b704/fast && gmake[1]: Entering directory '/home/ajender/QemuV1/Docker/buildroot-2023.02.4/output/build/host-cmake-3.22.3/CMakeFiles/CMakeTmp'
gmake  -f CMakeFiles/cmTC_7b704.dir/build.make CMakeFiles/cmTC_7b704.dir/build
gmake[2]: Entering directory '/home/ajender/QemuV1/Docker/buildroot-2023.02.4/output/build/host-cmake-3.22.3/CMakeFiles/CMakeTmp'
Building C object CMakeFiles/cmTC_7b704.dir/CheckFunctionExists.c.o
/usr/bin/gcc   -O2 -w -DCHECK_FUNCTION_EXISTS=recv -std=gnu11 -o CMakeFiles/cmTC_7b704.dir/CheckFunctionExists.c.o -c /home/ajender/QemuV1/Docker/buildroot-2023.02.4/output/build/host-cmake-3.22.3/Modules/CheckFunctionExists.c
Linking C executable cmTC_7b704
/home/ajender/QemuV1/Docker/buildroot-2023.02.4/output/build/host-cmake-3.22.3/Bootstrap.cmk/cmake -E cmake_link_script CMakeFiles/cmTC_7b704.dir/link.txt --verbose=1
/usr/bin/gcc -O2 -w -DCHECK_FUNCTION_EXISTS=recv -L/home/ajender/QemuV1/Docker/buildroot-2023.02.4/output/host/lib -Wl,-rpath,/home/ajender/QemuV1/Docker/buildroot-2023.02.4/output/host/lib  CMakeFiles/cmTC_7b704.dir/CheckFunctionExists.c.o -o cmTC_7b704  -lnetwork -ldl 
/usr/bin/ld: cannot find -lnetwork: No such file or directory
collect2: error: ld returned 1 exit status
gmake[2]: *** [CMakeFiles/cmTC_7b704.dir/build.make:99: cmTC_7b704] Error 1
gmake[2]: Leaving directory '/home/ajender/QemuV1/Docker/buildroot-2023.02.4/output/build/host-cmake-3.22.3/CMakeFiles/CMakeTmp'
gmake[1]: *** [Makefile:127: cmTC_7b704/fast] Error 2
gmake[1]: Leaving directory '/home/ajender/QemuV1/Docker/buildroot-2023.02.4/output/build/host-cmake-3.22.3/CMakeFiles/CMakeTmp'



Determining if the function dlopen exists in the dl;cmnghttp2 failed with the following output:
Change Dir: /home/ajender/QemuV1/Docker/buildroot-2023.02.4/output/build/host-cmake-3.22.3/CMakeFiles/CMakeTmp

Run Build Command(s):/usr/bin/gmake -f Makefile cmTC_58ea7/fast && gmake[1]: Entering directory '/home/ajender/QemuV1/Docker/buildroot-2023.02.4/output/build/host-cmake-3.22.3/CMakeFiles/CMakeTmp'
gmake  -f CMakeFiles/cmTC_58ea7.dir/build.make CMakeFiles/cmTC_58ea7.dir/build
gmake[2]: Entering directory '/home/ajender/QemuV1/Docker/buildroot-2023.02.4/output/build/host-cmake-3.22.3/CMakeFiles/CMakeTmp'
Building C object CMakeFiles/cmTC_58ea7.dir/CheckFunctionExists.c.o
/usr/bin/gcc   -O2 -w -DCHECK_FUNCTION_EXISTS=dlopen -std=gnu11 -o CMakeFiles/cmTC_58ea7.dir/CheckFunctionExists.c.o -c /home/ajender/QemuV1/Docker/buildroot-2023.02.4/output/build/host-cmake-3.22.3/Modules/CheckFunctionExists.c
Linking C executable cmTC_58ea7
/home/ajender/QemuV1/Docker/buildroot-2023.02.4/output/build/host-cmake-3.22.3/Bootstrap.cmk/cmake -E cmake_link_script CMakeFiles/cmTC_58ea7.dir/link.txt --verbose=1
/usr/bin/gcc -O2 -w -DCHECK_FUNCTION_EXISTS=dlopen -L/home/ajender/QemuV1/Docker/buildroot-2023.02.4/output/host/lib -Wl,-rpath,/home/ajender/QemuV1/Docker/buildroot-2023.02.4/output/host/lib  CMakeFiles/cmTC_58ea7.dir/CheckFunctionExists.c.o -o cmTC_58ea7  -ldl -lcmnghttp2 
/usr/bin/ld: cannot find -lcmnghttp2: No such file or directory
collect2: error: ld returned 1 exit status
gmake[2]: *** [CMakeFiles/cmTC_58ea7.dir/build.make:99: cmTC_58ea7] Error 1
gmake[2]: Leaving directory '/home/ajender/QemuV1/Docker/buildroot-2023.02.4/output/build/host-cmake-3.22.3/CMakeFiles/CMakeTmp'
gmake[1]: *** [Makefile:127: cmTC_58ea7/fast] Error 2
gmake[1]: Leaving directory '/home/ajender/QemuV1/Docker/buildroot-2023.02.4/output/build/host-cmake-3.22.3/CMakeFiles/CMakeTmp'



Determining if files stdio.h;inttypes.h;sys/filio.h exist failed with the following output:
Change Dir: /home/ajender/QemuV1/Docker/buildroot-2023.02.4/output/build/host-cmake-3.22.3/CMakeFiles/CMakeTmp

Run Build Command(s):/usr/bin/gmake -f Makefile cmTC_e4d89/fast && gmake[1]: Entering directory '/home/ajender/QemuV1/Docker/buildroot-2023.02.4/output/build/host-cmake-3.22.3/CMakeFiles/CMakeTmp'
gmake  -f CMakeFiles/cmTC_e4d89.dir/build.make CMakeFiles/cmTC_e4d89.dir/build
gmake[2]: Entering directory '/home/ajender/QemuV1/Docker/buildroot-2023.02.4/output/build/host-cmake-3.22.3/CMakeFiles/CMakeTmp'
Building C object CMakeFiles/cmTC_e4d89.dir/HAVE_SYS_FILIO_H.c.o
/usr/bin/gcc   -O2 -w  -std=gnu11 -o CMakeFiles/cmTC_e4d89.dir/HAVE_SYS_FILIO_H.c.o -c /home/ajender/QemuV1/Docker/buildroot-2023.02.4/output/build/host-cmake-3.22.3/CMakeFiles/CheckIncludeFiles/HAVE_SYS_FILIO_H.c
/home/ajender/QemuV1/Docker/buildroot-2023.02.4/output/build/host-cmake-3.22.3/CMakeFiles/CheckIncludeFiles/HAVE_SYS_FILIO_H.c:4:10: fatal error: sys/filio.h: No such file or directory
    4 | #include <sys/filio.h>
      |          ^~~~~~~~~~~~~
compilation terminated.
gmake[2]: *** [CMakeFiles/cmTC_e4d89.dir/build.make:78: CMakeFiles/cmTC_e4d89.dir/HAVE_SYS_FILIO_H.c.o] Error 1
gmake[2]: Leaving directory '/home/ajender/QemuV1/Docker/buildroot-2023.02.4/output/build/host-cmake-3.22.3/CMakeFiles/CMakeTmp'
gmake[1]: *** [Makefile:127: cmTC_e4d89/fast] Error 2
gmake[1]: Leaving directory '/home/ajender/QemuV1/Docker/buildroot-2023.02.4/output/build/host-cmake-3.22.3/CMakeFiles/CMakeTmp'


Source:
/* */
#include <stdio.h>
#include <inttypes.h>
#include <sys/filio.h>


int main(void){return 0;}

Determining if files stdio.h;inttypes.h;sys/ioctl.h;sys/param.h;sys/poll.h;sys/resource.h;sys/select.h;sys/socket.h;sys/sockio.h exist failed with the following output:
Change Dir: /home/ajender/QemuV1/Docker/buildroot-2023.02.4/output/build/host-cmake-3.22.3/CMakeFiles/CMakeTmp

Run Build Command(s):/usr/bin/gmake -f Makefile cmTC_a9122/fast && gmake[1]: Entering directory '/home/ajender/QemuV1/Docker/buildroot-2023.02.4/output/build/host-cmake-3.22.3/CMakeFiles/CMakeTmp'
gmake  -f CMakeFiles/cmTC_a9122.dir/build.make CMakeFiles/cmTC_a9122.dir/build
gmake[2]: Entering directory '/home/ajender/QemuV1/Docker/buildroot-2023.02.4/output/build/host-cmake-3.22.3/CMakeFiles/CMakeTmp'
Building C object CMakeFiles/cmTC_a9122.dir/HAVE_SYS_SOCKIO_H.c.o
/usr/bin/gcc   -O2 -w  -std=gnu11 -o CMakeFiles/cmTC_a9122.dir/HAVE_SYS_SOCKIO_H.c.o -c /home/ajender/QemuV1/Docker/buildroot-2023.02.4/output/build/host-cmake-3.22.3/CMakeFiles/CheckIncludeFiles/HAVE_SYS_SOCKIO_H.c
/home/ajender/QemuV1/Docker/buildroot-2023.02.4/output/build/host-cmake-3.22.3/CMakeFiles/CheckIncludeFiles/HAVE_SYS_SOCKIO_H.c:10:10: fatal error: sys/sockio.h: No such file or directory
   10 | #include <sys/sockio.h>
      |          ^~~~~~~~~~~~~~
compilation terminated.
gmake[2]: *** [CMakeFiles/cmTC_a9122.dir/build.make:78: CMakeFiles/cmTC_a9122.dir/HAVE_SYS_SOCKIO_H.c.o] Error 1
gmake[2]: Leaving directory '/home/ajender/QemuV1/Docker/buildroot-2023.02.4/output/build/host-cmake-3.22.3/CMakeFiles/CMakeTmp'
gmake[1]: *** [Makefile:127: cmTC_a9122/fast] Error 2
gmake[1]: Leaving directory '/home/ajender/QemuV1/Docker/buildroot-2023.02.4/output/build/host-cmake-3.22.3/CMakeFiles/CMakeTmp'


Source:
/* */
#include <stdio.h>
#include <inttypes.h>
#include <sys/ioctl.h>
#include <sys/param.h>
#include <sys/poll.h>
#include <sys/resource.h>
#include <sys/select.h>
#include <sys/socket.h>
#include <sys/sockio.h>


int main(void){return 0;}

Determining if files stdio.h;inttypes.h;sys/ioctl.h;sys/param.h;sys/poll.h;sys/resource.h;sys/select.h;sys/socket.h;sys/stat.h;sys/time.h;sys/types.h;sys/uio.h;sys/un.h;sys/utime.h exist failed with the following output:
Change Dir: /home/ajender/QemuV1/Docker/buildroot-2023.02.4/output/build/host-cmake-3.22.3/CMakeFiles/CMakeTmp

Run Build Command(s):/usr/bin/gmake -f Makefile cmTC_ef884/fast && gmake[1]: Entering directory '/home/ajender/QemuV1/Docker/buildroot-2023.02.4/output/build/host-cmake-3.22.3/CMakeFiles/CMakeTmp'
gmake  -f CMakeFiles/cmTC_ef884.dir/build.make CMakeFiles/cmTC_ef884.dir/build
gmake[2]: Entering directory '/home/ajender/QemuV1/Docker/buildroot-2023.02.4/output/build/host-cmake-3.22.3/CMakeFiles/CMakeTmp'
Building C object CMakeFiles/cmTC_ef884.dir/HAVE_SYS_UTIME_H.c.o
/usr/bin/gcc   -O2 -w  -std=gnu11 -o CMakeFiles/cmTC_ef884.dir/HAVE_SYS_UTIME_H.c.o -c /home/ajender/QemuV1/Docker/buildroot-2023.02.4/output/build/host-cmake-3.22.3/CMakeFiles/CheckIncludeFiles/HAVE_SYS_UTIME_H.c
/home/ajender/QemuV1/Docker/buildroot-2023.02.4/output/build/host-cmake-3.22.3/CMakeFiles/CheckIncludeFiles/HAVE_SYS_UTIME_H.c:15:10: fatal error: sys/utime.h: No such file or directory
   15 | #include <sys/utime.h>
      |          ^~~~~~~~~~~~~
compilation terminated.
gmake[2]: *** [CMakeFiles/cmTC_ef884.dir/build.make:78: CMakeFiles/cmTC_ef884.dir/HAVE_SYS_UTIME_H.c.o] Error 1
gmake[2]: Leaving directory '/home/ajender/QemuV1/Docker/buildroot-2023.02.4/output/build/host-cmake-3.22.3/CMakeFiles/CMakeTmp'
gmake[1]: *** [Makefile:127: cmTC_ef884/fast] Error 2
gmake[1]: Leaving directory '/home/ajender/QemuV1/Docker/buildroot-2023.02.4/output/build/host-cmake-3.22.3/CMakeFiles/CMakeTmp'


Source:
/* */
#include <stdio.h>
#include <inttypes.h>
#include <sys/ioctl.h>
#include <sys/param.h>
#include <sys/poll.h>
#include <sys/resource.h>
#include <sys/select.h>
#include <sys/socket.h>
#include <sys/stat.h>
#include <sys/time.h>
#include <sys/types.h>
#include <sys/uio.h>
#include <sys/un.h>
#include <sys/utime.h>


int main(void){return 0;}

Determining if files stdio.h;inttypes.h;sys/ioctl.h;sys/param.h;sys/poll.h;sys/resource.h;sys/select.h;sys/socket.h;sys/stat.h;sys/time.h;sys/types.h;sys/uio.h;sys/un.h;sys/xattr.h;alloca.h;arpa/inet.h;arpa/tftp.h;assert.h;errno.h;fcntl.h;idn2.h exist failed with the following output:
Change Dir: /home/ajender/QemuV1/Docker/buildroot-2023.02.4/output/build/host-cmake-3.22.3/CMakeFiles/CMakeTmp

Run Build Command(s):/usr/bin/gmake -f Makefile cmTC_64a75/fast && gmake[1]: Entering directory '/home/ajender/QemuV1/Docker/buildroot-2023.02.4/output/build/host-cmake-3.22.3/CMakeFiles/CMakeTmp'
gmake  -f CMakeFiles/cmTC_64a75.dir/build.make CMakeFiles/cmTC_64a75.dir/build
gmake[2]: Entering directory '/home/ajender/QemuV1/Docker/buildroot-2023.02.4/output/build/host-cmake-3.22.3/CMakeFiles/CMakeTmp'
Building C object CMakeFiles/cmTC_64a75.dir/HAVE_IDN2_H.c.o
/usr/bin/gcc   -O2 -w  -std=gnu11 -o CMakeFiles/cmTC_64a75.dir/HAVE_IDN2_H.c.o -c /home/ajender/QemuV1/Docker/buildroot-2023.02.4/output/build/host-cmake-3.22.3/CMakeFiles/CheckIncludeFiles/HAVE_IDN2_H.c
/home/ajender/QemuV1/Docker/buildroot-2023.02.4/output/build/host-cmake-3.22.3/CMakeFiles/CheckIncludeFiles/HAVE_IDN2_H.c:22:10: fatal error: idn2.h: No such file or directory
   22 | #include <idn2.h>
      |          ^~~~~~~~
compilation terminated.
gmake[2]: *** [CMakeFiles/cmTC_64a75.dir/build.make:78: CMakeFiles/cmTC_64a75.dir/HAVE_IDN2_H.c.o] Error 1
gmake[2]: Leaving directory '/home/ajender/QemuV1/Docker/buildroot-2023.02.4/output/build/host-cmake-3.22.3/CMakeFiles/CMakeTmp'
gmake[1]: *** [Makefile:127: cmTC_64a75/fast] Error 2
gmake[1]: Leaving directory '/home/ajender/QemuV1/Docker/buildroot-2023.02.4/output/build/host-cmake-3.22.3/CMakeFiles/CMakeTmp'


Source:
/* */
#include <stdio.h>
#include <inttypes.h>
#include <sys/ioctl.h>
#include <sys/param.h>
#include <sys/poll.h>
#include <sys/resource.h>
#include <sys/select.h>
#include <sys/socket.h>
#include <sys/stat.h>
#include <sys/time.h>
#include <sys/types.h>
#include <sys/uio.h>
#include <sys/un.h>
#include <sys/xattr.h>
#include <alloca.h>
#include <arpa/inet.h>
#include <arpa/tftp.h>
#include <assert.h>
#include <errno.h>
#include <fcntl.h>
#include <idn2.h>


int main(void){return 0;}

Determining if files stdio.h;inttypes.h;sys/ioctl.h;sys/param.h;sys/poll.h;sys/resource.h;sys/select.h;sys/socket.h;sys/stat.h;sys/time.h;sys/types.h;sys/uio.h;sys/un.h;sys/xattr.h;alloca.h;arpa/inet.h;arpa/tftp.h;assert.h;errno.h;fcntl.h;ifaddrs.h;io.h exist failed with the following output:
Change Dir: /home/ajender/QemuV1/Docker/buildroot-2023.02.4/output/build/host-cmake-3.22.3/CMakeFiles/CMakeTmp

Run Build Command(s):/usr/bin/gmake -f Makefile cmTC_24f17/fast && gmake[1]: Entering directory '/home/ajender/QemuV1/Docker/buildroot-2023.02.4/output/build/host-cmake-3.22.3/CMakeFiles/CMakeTmp'
gmake  -f CMakeFiles/cmTC_24f17.dir/build.make CMakeFiles/cmTC_24f17.dir/build
gmake[2]: Entering directory '/home/ajender/QemuV1/Docker/buildroot-2023.02.4/output/build/host-cmake-3.22.3/CMakeFiles/CMakeTmp'
Building C object CMakeFiles/cmTC_24f17.dir/HAVE_IO_H.c.o
/usr/bin/gcc   -O2 -w  -std=gnu11 -o CMakeFiles/cmTC_24f17.dir/HAVE_IO_H.c.o -c /home/ajender/QemuV1/Docker/buildroot-2023.02.4/output/build/host-cmake-3.22.3/CMakeFiles/CheckIncludeFiles/HAVE_IO_H.c
/home/ajender/QemuV1/Docker/buildroot-2023.02.4/output/build/host-cmake-3.22.3/CMakeFiles/CheckIncludeFiles/HAVE_IO_H.c:23:10: fatal error: io.h: No such file or directory
   23 | #include <io.h>
      |          ^~~~~~
compilation terminated.
gmake[2]: *** [CMakeFiles/cmTC_24f17.dir/build.make:78: CMakeFiles/cmTC_24f17.dir/HAVE_IO_H.c.o] Error 1
gmake[2]: Leaving directory '/home/ajender/QemuV1/Docker/buildroot-2023.02.4/output/build/host-cmake-3.22.3/CMakeFiles/CMakeTmp'
gmake[1]: *** [Makefile:127: cmTC_24f17/fast] Error 2
gmake[1]: Leaving directory '/home/ajender/QemuV1/Docker/buildroot-2023.02.4/output/build/host-cmake-3.22.3/CMakeFiles/CMakeTmp'


Source:
/* */
#include <stdio.h>
#include <inttypes.h>
#include <sys/ioctl.h>
#include <sys/param.h>
#include <sys/poll.h>
#include <sys/resource.h>
#include <sys/select.h>
#include <sys/socket.h>
#include <sys/stat.h>
#include <sys/time.h>
#include <sys/types.h>
#include <sys/uio.h>
#include <sys/un.h>
#include <sys/xattr.h>
#include <alloca.h>
#include <arpa/inet.h>
#include <arpa/tftp.h>
#include <assert.h>
#include <errno.h>
#include <fcntl.h>
#include <ifaddrs.h>
#include <io.h>


int main(void){return 0;}

Determining if files stdio.h;inttypes.h;sys/ioctl.h;sys/param.h;sys/poll.h;sys/resource.h;sys/select.h;sys/socket.h;sys/stat.h;sys/time.h;sys/types.h;sys/uio.h;sys/un.h;sys/xattr.h;alloca.h;arpa/inet.h;arpa/tftp.h;assert.h;errno.h;fcntl.h;ifaddrs.h;krb.h exist failed with the following output:
Change Dir: /home/ajender/QemuV1/Docker/buildroot-2023.02.4/output/build/host-cmake-3.22.3/CMakeFiles/CMakeTmp

Run Build Command(s):/usr/bin/gmake -f Makefile cmTC_63f3e/fast && gmake[1]: Entering directory '/home/ajender/QemuV1/Docker/buildroot-2023.02.4/output/build/host-cmake-3.22.3/CMakeFiles/CMakeTmp'
gmake  -f CMakeFiles/cmTC_63f3e.dir/build.make CMakeFiles/cmTC_63f3e.dir/build
gmake[2]: Entering directory '/home/ajender/QemuV1/Docker/buildroot-2023.02.4/output/build/host-cmake-3.22.3/CMakeFiles/CMakeTmp'
Building C object CMakeFiles/cmTC_63f3e.dir/HAVE_KRB_H.c.o
/usr/bin/gcc   -O2 -w  -std=gnu11 -o CMakeFiles/cmTC_63f3e.dir/HAVE_KRB_H.c.o -c /home/ajender/QemuV1/Docker/buildroot-2023.02.4/output/build/host-cmake-3.22.3/CMakeFiles/CheckIncludeFiles/HAVE_KRB_H.c
/home/ajender/QemuV1/Docker/buildroot-2023.02.4/output/build/host-cmake-3.22.3/CMakeFiles/CheckIncludeFiles/HAVE_KRB_H.c:23:10: fatal error: krb.h: No such file or directory
   23 | #include <krb.h>
      |          ^~~~~~~
compilation terminated.
gmake[2]: *** [CMakeFiles/cmTC_63f3e.dir/build.make:78: CMakeFiles/cmTC_63f3e.dir/HAVE_KRB_H.c.o] Error 1
gmake[2]: Leaving directory '/home/ajender/QemuV1/Docker/buildroot-2023.02.4/output/build/host-cmake-3.22.3/CMakeFiles/CMakeTmp'
gmake[1]: *** [Makefile:127: cmTC_63f3e/fast] Error 2
gmake[1]: Leaving directory '/home/ajender/QemuV1/Docker/buildroot-2023.02.4/output/build/host-cmake-3.22.3/CMakeFiles/CMakeTmp'


Source:
/* */
#include <stdio.h>
#include <inttypes.h>
#include <sys/ioctl.h>
#include <sys/param.h>
#include <sys/poll.h>
#include <sys/resource.h>
#include <sys/select.h>
#include <sys/socket.h>
#include <sys/stat.h>
#include <sys/time.h>
#include <sys/types.h>
#include <sys/uio.h>
#include <sys/un.h>
#include <sys/xattr.h>
#include <alloca.h>
#include <arpa/inet.h>
#include <arpa/tftp.h>
#include <assert.h>
#include <errno.h>
#include <fcntl.h>
#include <ifaddrs.h>
#include <krb.h>


int main(void){return 0;}

Determining if files stdio.h;inttypes.h;sys/ioctl.h;sys/param.h;sys/poll.h;sys/resource.h;sys/select.h;sys/socket.h;sys/stat.h;sys/time.h;sys/types.h;sys/uio.h;sys/un.h;sys/xattr.h;alloca.h;arpa/inet.h;arpa/tftp.h;assert.h;errno.h;fcntl.h;ifaddrs.h;libgen.h;locale.h;net/if.h;netdb.h;netinet/in.h;netinet/tcp.h;pem.h exist failed with the following output:
Change Dir: /home/ajender/QemuV1/Docker/buildroot-2023.02.4/output/build/host-cmake-3.22.3/CMakeFiles/CMakeTmp

Run Build Command(s):/usr/bin/gmake -f Makefile cmTC_247c1/fast && gmake[1]: Entering directory '/home/ajender/QemuV1/Docker/buildroot-2023.02.4/output/build/host-cmake-3.22.3/CMakeFiles/CMakeTmp'
gmake  -f CMakeFiles/cmTC_247c1.dir/build.make CMakeFiles/cmTC_247c1.dir/build
gmake[2]: Entering directory '/home/ajender/QemuV1/Docker/buildroot-2023.02.4/output/build/host-cmake-3.22.3/CMakeFiles/CMakeTmp'
Building C object CMakeFiles/cmTC_247c1.dir/HAVE_PEM_H.c.o
/usr/bin/gcc   -O2 -w  -std=gnu11 -o CMakeFiles/cmTC_247c1.dir/HAVE_PEM_H.c.o -c /home/ajender/QemuV1/Docker/buildroot-2023.02.4/output/build/host-cmake-3.22.3/CMakeFiles/CheckIncludeFiles/HAVE_PEM_H.c
/home/ajender/QemuV1/Docker/buildroot-2023.02.4/output/build/host-cmake-3.22.3/CMakeFiles/CheckIncludeFiles/HAVE_PEM_H.c:29:10: fatal error: pem.h: No such file or directory
   29 | #include <pem.h>
      |          ^~~~~~~
compilation terminated.
gmake[2]: *** [CMakeFiles/cmTC_247c1.dir/build.make:78: CMakeFiles/cmTC_247c1.dir/HAVE_PEM_H.c.o] Error 1
gmake[2]: Leaving directory '/home/ajender/QemuV1/Docker/buildroot-2023.02.4/output/build/host-cmake-3.22.3/CMakeFiles/CMakeTmp'
gmake[1]: *** [Makefile:127: cmTC_247c1/fast] Error 2
gmake[1]: Leaving directory '/home/ajender/QemuV1/Docker/buildroot-2023.02.4/output/build/host-cmake-3.22.3/CMakeFiles/CMakeTmp'


Source:
/* */
#include <stdio.h>
#include <inttypes.h>
#include <sys/ioctl.h>
#include <sys/param.h>
#include <sys/poll.h>
#include <sys/resource.h>
#include <sys/select.h>
#include <sys/socket.h>
#include <sys/stat.h>
#include <sys/time.h>
#include <sys/types.h>
#include <sys/uio.h>
#include <sys/un.h>
#include <sys/xattr.h>
#include <alloca.h>
#include <arpa/inet.h>
#include <arpa/tftp.h>
#include <assert.h>
#include <errno.h>
#include <fcntl.h>
#include <ifaddrs.h>
#include <libgen.h>
#include <locale.h>
#include <net/if.h>
#include <netdb.h>
#include <netinet/in.h>
#include <netinet/tcp.h>
#include <pem.h>


int main(void){return 0;}

Determining if files stdio.h;inttypes.h;sys/ioctl.h;sys/param.h;sys/poll.h;sys/resource.h;sys/select.h;sys/socket.h;sys/stat.h;sys/time.h;sys/types.h;sys/uio.h;sys/un.h;sys/xattr.h;alloca.h;arpa/inet.h;arpa/tftp.h;assert.h;errno.h;fcntl.h;ifaddrs.h;libgen.h;locale.h;net/if.h;netdb.h;netinet/in.h;netinet/tcp.h;poll.h;pwd.h;setjmp.h;signal.h;ssl.h exist failed with the following output:
Change Dir: /home/ajender/QemuV1/Docker/buildroot-2023.02.4/output/build/host-cmake-3.22.3/CMakeFiles/CMakeTmp

Run Build Command(s):/usr/bin/gmake -f Makefile cmTC_92e38/fast && gmake[1]: Entering directory '/home/ajender/QemuV1/Docker/buildroot-2023.02.4/output/build/host-cmake-3.22.3/CMakeFiles/CMakeTmp'
gmake  -f CMakeFiles/cmTC_92e38.dir/build.make CMakeFiles/cmTC_92e38.dir/build
gmake[2]: Entering directory '/home/ajender/QemuV1/Docker/buildroot-2023.02.4/output/build/host-cmake-3.22.3/CMakeFiles/CMakeTmp'
Building C object CMakeFiles/cmTC_92e38.dir/HAVE_SSL_H.c.o
/usr/bin/gcc   -O2 -w  -std=gnu11 -o CMakeFiles/cmTC_92e38.dir/HAVE_SSL_H.c.o -c /home/ajender/QemuV1/Docker/buildroot-2023.02.4/output/build/host-cmake-3.22.3/CMakeFiles/CheckIncludeFiles/HAVE_SSL_H.c
/home/ajender/QemuV1/Docker/buildroot-2023.02.4/output/build/host-cmake-3.22.3/CMakeFiles/CheckIncludeFiles/HAVE_SSL_H.c:33:10: fatal error: ssl.h: No such file or directory
   33 | #include <ssl.h>
      |          ^~~~~~~
compilation terminated.
gmake[2]: *** [CMakeFiles/cmTC_92e38.dir/build.make:78: CMakeFiles/cmTC_92e38.dir/HAVE_SSL_H.c.o] Error 1
gmake[2]: Leaving directory '/home/ajender/QemuV1/Docker/buildroot-2023.02.4/output/build/host-cmake-3.22.3/CMakeFiles/CMakeTmp'
gmake[1]: *** [Makefile:127: cmTC_92e38/fast] Error 2
gmake[1]: Leaving directory '/home/ajender/QemuV1/Docker/buildroot-2023.02.4/output/build/host-cmake-3.22.3/CMakeFiles/CMakeTmp'


Source:
/* */
#include <stdio.h>
#include <inttypes.h>
#include <sys/ioctl.h>
#include <sys/param.h>
#include <sys/poll.h>
#include <sys/resource.h>
#include <sys/select.h>
#include <sys/socket.h>
#include <sys/stat.h>
#include <sys/time.h>
#include <sys/types.h>
#include <sys/uio.h>
#include <sys/un.h>
#include <sys/xattr.h>
#include <alloca.h>
#include <arpa/inet.h>
#include <arpa/tftp.h>
#include <assert.h>
#include <errno.h>
#include <fcntl.h>
#include <ifaddrs.h>
#include <libgen.h>
#include <locale.h>
#include <net/if.h>
#include <netdb.h>
#include <netinet/in.h>
#include <netinet/tcp.h>
#include <poll.h>
#include <pwd.h>
#include <setjmp.h>
#include <signal.h>
#include <ssl.h>


int main(void){return 0;}

Determining if files stdio.h;inttypes.h;sys/ioctl.h;sys/param.h;sys/poll.h;sys/resource.h;sys/select.h;sys/socket.h;sys/stat.h;sys/time.h;sys/types.h;sys/uio.h;sys/un.h;sys/xattr.h;alloca.h;arpa/inet.h;arpa/tftp.h;assert.h;errno.h;fcntl.h;ifaddrs.h;libgen.h;locale.h;net/if.h;netdb.h;netinet/in.h;netinet/tcp.h;poll.h;pwd.h;setjmp.h;signal.h;stdbool.h;stdint.h;stdio.h;stdlib.h;string.h;strings.h;stropts.h exist failed with the following output:
Change Dir: /home/ajender/QemuV1/Docker/buildroot-2023.02.4/output/build/host-cmake-3.22.3/CMakeFiles/CMakeTmp

Run Build Command(s):/usr/bin/gmake -f Makefile cmTC_2a65c/fast && gmake[1]: Entering directory '/home/ajender/QemuV1/Docker/buildroot-2023.02.4/output/build/host-cmake-3.22.3/CMakeFiles/CMakeTmp'
gmake  -f CMakeFiles/cmTC_2a65c.dir/build.make CMakeFiles/cmTC_2a65c.dir/build
gmake[2]: Entering directory '/home/ajender/QemuV1/Docker/buildroot-2023.02.4/output/build/host-cmake-3.22.3/CMakeFiles/CMakeTmp'
Building C object CMakeFiles/cmTC_2a65c.dir/HAVE_STROPTS_H.c.o
/usr/bin/gcc   -O2 -w  -std=gnu11 -o CMakeFiles/cmTC_2a65c.dir/HAVE_STROPTS_H.c.o -c /home/ajender/QemuV1/Docker/buildroot-2023.02.4/output/build/host-cmake-3.22.3/CMakeFiles/CheckIncludeFiles/HAVE_STROPTS_H.c
/home/ajender/QemuV1/Docker/buildroot-2023.02.4/output/build/host-cmake-3.22.3/CMakeFiles/CheckIncludeFiles/HAVE_STROPTS_H.c:39:10: fatal error: stropts.h: No such file or directory
   39 | #include <stropts.h>
      |          ^~~~~~~~~~~
compilation terminated.
gmake[2]: *** [CMakeFiles/cmTC_2a65c.dir/build.make:78: CMakeFiles/cmTC_2a65c.dir/HAVE_STROPTS_H.c.o] Error 1
gmake[2]: Leaving directory '/home/ajender/QemuV1/Docker/buildroot-2023.02.4/output/build/host-cmake-3.22.3/CMakeFiles/CMakeTmp'
gmake[1]: *** [Makefile:127: cmTC_2a65c/fast] Error 2
gmake[1]: Leaving directory '/home/ajender/QemuV1/Docker/buildroot-2023.02.4/output/build/host-cmake-3.22.3/CMakeFiles/CMakeTmp'


Source:
/* */
#include <stdio.h>
#include <inttypes.h>
#include <sys/ioctl.h>
#include <sys/param.h>
#include <sys/poll.h>
#include <sys/resource.h>
#include <sys/select.h>
#include <sys/socket.h>
#include <sys/stat.h>
#include <sys/time.h>
#include <sys/types.h>
#include <sys/uio.h>
#include <sys/un.h>
#include <sys/xattr.h>
#include <alloca.h>
#include <arpa/inet.h>
#include <arpa/tftp.h>
#include <assert.h>
#include <errno.h>
#include <fcntl.h>
#include <ifaddrs.h>
#include <libgen.h>
#include <locale.h>
#include <net/if.h>
#include <netdb.h>
#include <netinet/in.h>
#include <netinet/tcp.h>
#include <poll.h>
#include <pwd.h>
#include <setjmp.h>
#include <signal.h>
#include <stdbool.h>
#include <stdint.h>
#include <stdio.h>
#include <stdlib.h>
#include <string.h>
#include <strings.h>
#include <stropts.h>


int main(void){return 0;}

Determining if files stdio.h;inttypes.h;sys/ioctl.h;sys/param.h;sys/poll.h;sys/resource.h;sys/select.h;sys/socket.h;sys/stat.h;sys/time.h;sys/types.h;sys/uio.h;sys/un.h;sys/xattr.h;alloca.h;arpa/inet.h;arpa/tftp.h;assert.h;errno.h;fcntl.h;ifaddrs.h;libgen.h;locale.h;net/if.h;netdb.h;netinet/in.h;netinet/tcp.h;poll.h;pwd.h;setjmp.h;signal.h;stdbool.h;stdint.h;stdio.h;stdlib.h;string.h;strings.h;termio.h;termios.h;time.h;unistd.h;utime.h;x509.h exist failed with the following output:
Change Dir: /home/ajender/QemuV1/Docker/buildroot-2023.02.4/output/build/host-cmake-3.22.3/CMakeFiles/CMakeTmp

Run Build Command(s):/usr/bin/gmake -f Makefile cmTC_12ac7/fast && gmake[1]: Entering directory '/home/ajender/QemuV1/Docker/buildroot-2023.02.4/output/build/host-cmake-3.22.3/CMakeFiles/CMakeTmp'
gmake  -f CMakeFiles/cmTC_12ac7.dir/build.make CMakeFiles/cmTC_12ac7.dir/build
gmake[2]: Entering directory '/home/ajender/QemuV1/Docker/buildroot-2023.02.4/output/build/host-cmake-3.22.3/CMakeFiles/CMakeTmp'
Building C object CMakeFiles/cmTC_12ac7.dir/HAVE_X509_H.c.o
/usr/bin/gcc   -O2 -w  -std=gnu11 -o CMakeFiles/cmTC_12ac7.dir/HAVE_X509_H.c.o -c /home/ajender/QemuV1/Docker/buildroot-2023.02.4/output/build/host-cmake-3.22.3/CMakeFiles/CheckIncludeFiles/HAVE_X509_H.c
/home/ajender/QemuV1/Docker/buildroot-2023.02.4/output/build/host-cmake-3.22.3/CMakeFiles/CheckIncludeFiles/HAVE_X509_H.c:44:10: fatal error: x509.h: No such file or directory
   44 | #include <x509.h>
      |          ^~~~~~~~
compilation terminated.
gmake[2]: *** [CMakeFiles/cmTC_12ac7.dir/build.make:78: CMakeFiles/cmTC_12ac7.dir/HAVE_X509_H.c.o] Error 1
gmake[2]: Leaving directory '/home/ajender/QemuV1/Docker/buildroot-2023.02.4/output/build/host-cmake-3.22.3/CMakeFiles/CMakeTmp'
gmake[1]: *** [Makefile:127: cmTC_12ac7/fast] Error 2
gmake[1]: Leaving directory '/home/ajender/QemuV1/Docker/buildroot-2023.02.4/output/build/host-cmake-3.22.3/CMakeFiles/CMakeTmp'


Source:
/* */
#include <stdio.h>
#include <inttypes.h>
#include <sys/ioctl.h>
#include <sys/param.h>
#include <sys/poll.h>
#include <sys/resource.h>
#include <sys/select.h>
#include <sys/socket.h>
#include <sys/stat.h>
#include <sys/time.h>
#include <sys/types.h>
#include <sys/uio.h>
#include <sys/un.h>
#include <sys/xattr.h>
#include <alloca.h>
#include <arpa/inet.h>
#include <arpa/tftp.h>
#include <assert.h>
#include <errno.h>
#include <fcntl.h>
#include <ifaddrs.h>
#include <libgen.h>
#include <locale.h>
#include <net/if.h>
#include <netdb.h>
#include <netinet/in.h>
#include <netinet/tcp.h>
#include <poll.h>
#include <pwd.h>
#include <setjmp.h>
#include <signal.h>
#include <stdbool.h>
#include <stdint.h>
#include <stdio.h>
#include <stdlib.h>
#include <string.h>
#include <strings.h>
#include <termio.h>
#include <termios.h>
#include <time.h>
#include <unistd.h>
#include <utime.h>
#include <x509.h>


int main(void){return 0;}

Determining if files stdio.h;inttypes.h;sys/ioctl.h;sys/param.h;sys/poll.h;sys/resource.h;sys/select.h;sys/socket.h;sys/stat.h;sys/time.h;sys/types.h;sys/uio.h;sys/un.h;sys/xattr.h;alloca.h;arpa/inet.h;arpa/tftp.h;assert.h;errno.h;fcntl.h;ifaddrs.h;libgen.h;locale.h;net/if.h;netdb.h;netinet/in.h;netinet/tcp.h;poll.h;pwd.h;setjmp.h;signal.h;stdbool.h;stdint.h;stdio.h;stdlib.h;string.h;strings.h;termio.h;termios.h;time.h;unistd.h;utime.h;process.h exist failed with the following output:
Change Dir: /home/ajender/QemuV1/Docker/buildroot-2023.02.4/output/build/host-cmake-3.22.3/CMakeFiles/CMakeTmp

Run Build Command(s):/usr/bin/gmake -f Makefile cmTC_bef5c/fast && gmake[1]: Entering directory '/home/ajender/QemuV1/Docker/buildroot-2023.02.4/output/build/host-cmake-3.22.3/CMakeFiles/CMakeTmp'
gmake  -f CMakeFiles/cmTC_bef5c.dir/build.make CMakeFiles/cmTC_bef5c.dir/build
gmake[2]: Entering directory '/home/ajender/QemuV1/Docker/buildroot-2023.02.4/output/build/host-cmake-3.22.3/CMakeFiles/CMakeTmp'
Building C object CMakeFiles/cmTC_bef5c.dir/HAVE_PROCESS_H.c.o
/usr/bin/gcc   -O2 -w  -std=gnu11 -o CMakeFiles/cmTC_bef5c.dir/HAVE_PROCESS_H.c.o -c /home/ajender/QemuV1/Docker/buildroot-2023.02.4/output/build/host-cmake-3.22.3/CMakeFiles/CheckIncludeFiles/HAVE_PROCESS_H.c
/home/ajender/QemuV1/Docker/buildroot-2023.02.4/output/build/host-cmake-3.22.3/CMakeFiles/CheckIncludeFiles/HAVE_PROCESS_H.c:44:10: fatal error: process.h: No such file or directory
   44 | #include <process.h>
      |          ^~~~~~~~~~~
compilation terminated.
gmake[2]: *** [CMakeFiles/cmTC_bef5c.dir/build.make:78: CMakeFiles/cmTC_bef5c.dir/HAVE_PROCESS_H.c.o] Error 1
gmake[2]: Leaving directory '/home/ajender/QemuV1/Docker/buildroot-2023.02.4/output/build/host-cmake-3.22.3/CMakeFiles/CMakeTmp'
gmake[1]: *** [Makefile:127: cmTC_bef5c/fast] Error 2
gmake[1]: Leaving directory '/home/ajender/QemuV1/Docker/buildroot-2023.02.4/output/build/host-cmake-3.22.3/CMakeFiles/CMakeTmp'


Source:
/* */
#include <stdio.h>
#include <inttypes.h>
#include <sys/ioctl.h>
#include <sys/param.h>
#include <sys/poll.h>
#include <sys/resource.h>
#include <sys/select.h>
#include <sys/socket.h>
#include <sys/stat.h>
#include <sys/time.h>
#include <sys/types.h>
#include <sys/uio.h>
#include <sys/un.h>
#include <sys/xattr.h>
#include <alloca.h>
#include <arpa/inet.h>
#include <arpa/tftp.h>
#include <assert.h>
#include <errno.h>
#include <fcntl.h>
#include <ifaddrs.h>
#include <libgen.h>
#include <locale.h>
#include <net/if.h>
#include <netdb.h>
#include <netinet/in.h>
#include <netinet/tcp.h>
#include <poll.h>
#include <pwd.h>
#include <setjmp.h>
#include <signal.h>
#include <stdbool.h>
#include <stdint.h>
#include <stdio.h>
#include <stdlib.h>
#include <string.h>
#include <strings.h>
#include <termio.h>
#include <termios.h>
#include <time.h>
#include <unistd.h>
#include <utime.h>
#include <process.h>


int main(void){return 0;}

Determining if files stdio.h;inttypes.h;sys/ioctl.h;sys/param.h;sys/poll.h;sys/resource.h;sys/select.h;sys/socket.h;sys/stat.h;sys/time.h;sys/types.h;sys/uio.h;sys/un.h;sys/xattr.h;alloca.h;arpa/inet.h;arpa/tftp.h;assert.h;errno.h;fcntl.h;ifaddrs.h;libgen.h;locale.h;net/if.h;netdb.h;netinet/in.h;netinet/tcp.h;poll.h;pwd.h;setjmp.h;signal.h;stdbool.h;stdint.h;stdio.h;stdlib.h;string.h;strings.h;termio.h;termios.h;time.h;unistd.h;utime.h;stddef.h;dlfcn.h;malloc.h;memory.h;netinet/if_ether.h;stdint.h;sockio.h exist failed with the following output:
Change Dir: /home/ajender/QemuV1/Docker/buildroot-2023.02.4/output/build/host-cmake-3.22.3/CMakeFiles/CMakeTmp

Run Build Command(s):/usr/bin/gmake -f Makefile cmTC_d6455/fast && gmake[1]: Entering directory '/home/ajender/QemuV1/Docker/buildroot-2023.02.4/output/build/host-cmake-3.22.3/CMakeFiles/CMakeTmp'
gmake  -f CMakeFiles/cmTC_d6455.dir/build.make CMakeFiles/cmTC_d6455.dir/build
gmake[2]: Entering directory '/home/ajender/QemuV1/Docker/buildroot-2023.02.4/output/build/host-cmake-3.22.3/CMakeFiles/CMakeTmp'
Building C object CMakeFiles/cmTC_d6455.dir/HAVE_SOCKIO_H.c.o
/usr/bin/gcc   -O2 -w  -std=gnu11 -o CMakeFiles/cmTC_d6455.dir/HAVE_SOCKIO_H.c.o -c /home/ajender/QemuV1/Docker/buildroot-2023.02.4/output/build/host-cmake-3.22.3/CMakeFiles/CheckIncludeFiles/HAVE_SOCKIO_H.c
/home/ajender/QemuV1/Docker/buildroot-2023.02.4/output/build/host-cmake-3.22.3/CMakeFiles/CheckIncludeFiles/HAVE_SOCKIO_H.c:50:10: fatal error: sockio.h: No such file or directory
   50 | #include <sockio.h>
      |          ^~~~~~~~~~
compilation terminated.
gmake[2]: *** [CMakeFiles/cmTC_d6455.dir/build.make:78: CMakeFiles/cmTC_d6455.dir/HAVE_SOCKIO_H.c.o] Error 1
gmake[2]: Leaving directory '/home/ajender/QemuV1/Docker/buildroot-2023.02.4/output/build/host-cmake-3.22.3/CMakeFiles/CMakeTmp'
gmake[1]: *** [Makefile:127: cmTC_d6455/fast] Error 2
gmake[1]: Leaving directory '/home/ajender/QemuV1/Docker/buildroot-2023.02.4/output/build/host-cmake-3.22.3/CMakeFiles/CMakeTmp'


Source:
/* */
#include <stdio.h>
#include <inttypes.h>
#include <sys/ioctl.h>
#include <sys/param.h>
#include <sys/poll.h>
#include <sys/resource.h>
#include <sys/select.h>
#include <sys/socket.h>
#include <sys/stat.h>
#include <sys/time.h>
#include <sys/types.h>
#include <sys/uio.h>
#include <sys/un.h>
#include <sys/xattr.h>
#include <alloca.h>
#include <arpa/inet.h>
#include <arpa/tftp.h>
#include <assert.h>
#include <errno.h>
#include <fcntl.h>
#include <ifaddrs.h>
#include <libgen.h>
#include <locale.h>
#include <net/if.h>
#include <netdb.h>
#include <netinet/in.h>
#include <netinet/tcp.h>
#include <poll.h>
#include <pwd.h>
#include <setjmp.h>
#include <signal.h>
#include <stdbool.h>
#include <stdint.h>
#include <stdio.h>
#include <stdlib.h>
#include <string.h>
#include <strings.h>
#include <termio.h>
#include <termios.h>
#include <time.h>
#include <unistd.h>
#include <utime.h>
#include <stddef.h>
#include <dlfcn.h>
#include <malloc.h>
#include <memory.h>
#include <netinet/if_ether.h>
#include <stdint.h>
#include <sockio.h>


int main(void){return 0;}

Determining if the stricmp exist failed with the following output:
Change Dir: /home/ajender/QemuV1/Docker/buildroot-2023.02.4/output/build/host-cmake-3.22.3/CMakeFiles/CMakeTmp

Run Build Command(s):/usr/bin/gmake -f Makefile cmTC_8e91d/fast && gmake[1]: Entering directory '/home/ajender/QemuV1/Docker/buildroot-2023.02.4/output/build/host-cmake-3.22.3/CMakeFiles/CMakeTmp'
gmake  -f CMakeFiles/cmTC_8e91d.dir/build.make CMakeFiles/cmTC_8e91d.dir/build
gmake[2]: Entering directory '/home/ajender/QemuV1/Docker/buildroot-2023.02.4/output/build/host-cmake-3.22.3/CMakeFiles/CMakeTmp'
Building C object CMakeFiles/cmTC_8e91d.dir/CheckSymbolExists.c.o
/usr/bin/gcc   -O2 -w  -std=gnu11 -o CMakeFiles/cmTC_8e91d.dir/CheckSymbolExists.c.o -c /home/ajender/QemuV1/Docker/buildroot-2023.02.4/output/build/host-cmake-3.22.3/CMakeFiles/CMakeTmp/CheckSymbolExists.c
/home/ajender/QemuV1/Docker/buildroot-2023.02.4/output/build/host-cmake-3.22.3/CMakeFiles/CMakeTmp/CheckSymbolExists.c: In function ‘main’:
/home/ajender/QemuV1/Docker/buildroot-2023.02.4/output/build/host-cmake-3.22.3/CMakeFiles/CMakeTmp/CheckSymbolExists.c:56:19: error: ‘stricmp’ undeclared (first use in this function); did you mean ‘strncmp’?
   56 |   return ((int*)(&stricmp))[argc];
      |                   ^~~~~~~
      |                   strncmp
/home/ajender/QemuV1/Docker/buildroot-2023.02.4/output/build/host-cmake-3.22.3/CMakeFiles/CMakeTmp/CheckSymbolExists.c:56:19: note: each undeclared identifier is reported only once for each function it appears in
gmake[2]: *** [CMakeFiles/cmTC_8e91d.dir/build.make:78: CMakeFiles/cmTC_8e91d.dir/CheckSymbolExists.c.o] Error 1
gmake[2]: Leaving directory '/home/ajender/QemuV1/Docker/buildroot-2023.02.4/output/build/host-cmake-3.22.3/CMakeFiles/CMakeTmp'
gmake[1]: *** [Makefile:127: cmTC_8e91d/fast] Error 2
gmake[1]: Leaving directory '/home/ajender/QemuV1/Docker/buildroot-2023.02.4/output/build/host-cmake-3.22.3/CMakeFiles/CMakeTmp'


File /home/ajender/QemuV1/Docker/buildroot-2023.02.4/output/build/host-cmake-3.22.3/CMakeFiles/CMakeTmp/CheckSymbolExists.c:
/* */
#include <stdio.h>
#include <inttypes.h>
#include <sys/ioctl.h>
#include <sys/param.h>
#include <sys/poll.h>
#include <sys/resource.h>
#include <sys/select.h>
#include <sys/socket.h>
#include <sys/stat.h>
#include <sys/time.h>
#include <sys/types.h>
#include <sys/uio.h>
#include <sys/un.h>
#include <sys/xattr.h>
#include <alloca.h>
#include <arpa/inet.h>
#include <arpa/tftp.h>
#include <assert.h>
#include <errno.h>
#include <fcntl.h>
#include <ifaddrs.h>
#include <libgen.h>
#include <locale.h>
#include <net/if.h>
#include <netdb.h>
#include <netinet/in.h>
#include <netinet/tcp.h>
#include <poll.h>
#include <pwd.h>
#include <setjmp.h>
#include <signal.h>
#include <stdbool.h>
#include <stdint.h>
#include <stdio.h>
#include <stdlib.h>
#include <string.h>
#include <strings.h>
#include <termio.h>
#include <termios.h>
#include <time.h>
#include <unistd.h>
#include <utime.h>
#include <stddef.h>
#include <dlfcn.h>
#include <malloc.h>
#include <memory.h>
#include <netinet/if_ether.h>
#include <stdint.h>
#include <sys/utsname.h>

int main(int argc, char** argv)
{
  (void)argv;
#ifndef stricmp
  return ((int*)(&stricmp))[argc];
#else
  (void)argc;
  return 0;
#endif
}
Determining if the strcmpi exist failed with the following output:
Change Dir: /home/ajender/QemuV1/Docker/buildroot-2023.02.4/output/build/host-cmake-3.22.3/CMakeFiles/CMakeTmp

Run Build Command(s):/usr/bin/gmake -f Makefile cmTC_27f71/fast && gmake[1]: Entering directory '/home/ajender/QemuV1/Docker/buildroot-2023.02.4/output/build/host-cmake-3.22.3/CMakeFiles/CMakeTmp'
gmake  -f CMakeFiles/cmTC_27f71.dir/build.make CMakeFiles/cmTC_27f71.dir/build
gmake[2]: Entering directory '/home/ajender/QemuV1/Docker/buildroot-2023.02.4/output/build/host-cmake-3.22.3/CMakeFiles/CMakeTmp'
Building C object CMakeFiles/cmTC_27f71.dir/CheckSymbolExists.c.o
/usr/bin/gcc   -O2 -w  -std=gnu11 -o CMakeFiles/cmTC_27f71.dir/CheckSymbolExists.c.o -c /home/ajender/QemuV1/Docker/buildroot-2023.02.4/output/build/host-cmake-3.22.3/CMakeFiles/CMakeTmp/CheckSymbolExists.c
/home/ajender/QemuV1/Docker/buildroot-2023.02.4/output/build/host-cmake-3.22.3/CMakeFiles/CMakeTmp/CheckSymbolExists.c: In function ‘main’:
/home/ajender/QemuV1/Docker/buildroot-2023.02.4/output/build/host-cmake-3.22.3/CMakeFiles/CMakeTmp/CheckSymbolExists.c:56:19: error: ‘strcmpi’ undeclared (first use in this function); did you mean ‘strcmp’?
   56 |   return ((int*)(&strcmpi))[argc];
      |                   ^~~~~~~
      |                   strcmp
/home/ajender/QemuV1/Docker/buildroot-2023.02.4/output/build/host-cmake-3.22.3/CMakeFiles/CMakeTmp/CheckSymbolExists.c:56:19: note: each undeclared identifier is reported only once for each function it appears in
gmake[2]: *** [CMakeFiles/cmTC_27f71.dir/build.make:78: CMakeFiles/cmTC_27f71.dir/CheckSymbolExists.c.o] Error 1
gmake[2]: Leaving directory '/home/ajender/QemuV1/Docker/buildroot-2023.02.4/output/build/host-cmake-3.22.3/CMakeFiles/CMakeTmp'
gmake[1]: *** [Makefile:127: cmTC_27f71/fast] Error 2
gmake[1]: Leaving directory '/home/ajender/QemuV1/Docker/buildroot-2023.02.4/output/build/host-cmake-3.22.3/CMakeFiles/CMakeTmp'


File /home/ajender/QemuV1/Docker/buildroot-2023.02.4/output/build/host-cmake-3.22.3/CMakeFiles/CMakeTmp/CheckSymbolExists.c:
/* */
#include <stdio.h>
#include <inttypes.h>
#include <sys/ioctl.h>
#include <sys/param.h>
#include <sys/poll.h>
#include <sys/resource.h>
#include <sys/select.h>
#include <sys/socket.h>
#include <sys/stat.h>
#include <sys/time.h>
#include <sys/types.h>
#include <sys/uio.h>
#include <sys/un.h>
#include <sys/xattr.h>
#include <alloca.h>
#include <arpa/inet.h>
#include <arpa/tftp.h>
#include <assert.h>
#include <errno.h>
#include <fcntl.h>
#include <ifaddrs.h>
#include <libgen.h>
#include <locale.h>
#include <net/if.h>
#include <netdb.h>
#include <netinet/in.h>
#include <netinet/tcp.h>
#include <poll.h>
#include <pwd.h>
#include <setjmp.h>
#include <signal.h>
#include <stdbool.h>
#include <stdint.h>
#include <stdio.h>
#include <stdlib.h>
#include <string.h>
#include <strings.h>
#include <termio.h>
#include <termios.h>
#include <time.h>
#include <unistd.h>
#include <utime.h>
#include <stddef.h>
#include <dlfcn.h>
#include <malloc.h>
#include <memory.h>
#include <netinet/if_ether.h>
#include <stdint.h>
#include <sys/utsname.h>

int main(int argc, char** argv)
{
  (void)argv;
#ifndef strcmpi
  return ((int*)(&strcmpi))[argc];
#else
  (void)argc;
  return 0;
#endif
}
Determining if the strncmpi exist failed with the following output:
Change Dir: /home/ajender/QemuV1/Docker/buildroot-2023.02.4/output/build/host-cmake-3.22.3/CMakeFiles/CMakeTmp

Run Build Command(s):/usr/bin/gmake -f Makefile cmTC_535ec/fast && gmake[1]: Entering directory '/home/ajender/QemuV1/Docker/buildroot-2023.02.4/output/build/host-cmake-3.22.3/CMakeFiles/CMakeTmp'
gmake  -f CMakeFiles/cmTC_535ec.dir/build.make CMakeFiles/cmTC_535ec.dir/build
gmake[2]: Entering directory '/home/ajender/QemuV1/Docker/buildroot-2023.02.4/output/build/host-cmake-3.22.3/CMakeFiles/CMakeTmp'
Building C object CMakeFiles/cmTC_535ec.dir/CheckSymbolExists.c.o
/usr/bin/gcc   -O2 -w  -std=gnu11 -o CMakeFiles/cmTC_535ec.dir/CheckSymbolExists.c.o -c /home/ajender/QemuV1/Docker/buildroot-2023.02.4/output/build/host-cmake-3.22.3/CMakeFiles/CMakeTmp/CheckSymbolExists.c
/home/ajender/QemuV1/Docker/buildroot-2023.02.4/output/build/host-cmake-3.22.3/CMakeFiles/CMakeTmp/CheckSymbolExists.c: In function ‘main’:
/home/ajender/QemuV1/Docker/buildroot-2023.02.4/output/build/host-cmake-3.22.3/CMakeFiles/CMakeTmp/CheckSymbolExists.c:56:19: error: ‘strncmpi’ undeclared (first use in this function); did you mean ‘strncmp’?
   56 |   return ((int*)(&strncmpi))[argc];
      |                   ^~~~~~~~
      |                   strncmp
/home/ajender/QemuV1/Docker/buildroot-2023.02.4/output/build/host-cmake-3.22.3/CMakeFiles/CMakeTmp/CheckSymbolExists.c:56:19: note: each undeclared identifier is reported only once for each function it appears in
gmake[2]: *** [CMakeFiles/cmTC_535ec.dir/build.make:78: CMakeFiles/cmTC_535ec.dir/CheckSymbolExists.c.o] Error 1
gmake[2]: Leaving directory '/home/ajender/QemuV1/Docker/buildroot-2023.02.4/output/build/host-cmake-3.22.3/CMakeFiles/CMakeTmp'
gmake[1]: *** [Makefile:127: cmTC_535ec/fast] Error 2
gmake[1]: Leaving directory '/home/ajender/QemuV1/Docker/buildroot-2023.02.4/output/build/host-cmake-3.22.3/CMakeFiles/CMakeTmp'


File /home/ajender/QemuV1/Docker/buildroot-2023.02.4/output/build/host-cmake-3.22.3/CMakeFiles/CMakeTmp/CheckSymbolExists.c:
/* */
#include <stdio.h>
#include <inttypes.h>
#include <sys/ioctl.h>
#include <sys/param.h>
#include <sys/poll.h>
#include <sys/resource.h>
#include <sys/select.h>
#include <sys/socket.h>
#include <sys/stat.h>
#include <sys/time.h>
#include <sys/types.h>
#include <sys/uio.h>
#include <sys/un.h>
#include <sys/xattr.h>
#include <alloca.h>
#include <arpa/inet.h>
#include <arpa/tftp.h>
#include <assert.h>
#include <errno.h>
#include <fcntl.h>
#include <ifaddrs.h>
#include <libgen.h>
#include <locale.h>
#include <net/if.h>
#include <netdb.h>
#include <netinet/in.h>
#include <netinet/tcp.h>
#include <poll.h>
#include <pwd.h>
#include <setjmp.h>
#include <signal.h>
#include <stdbool.h>
#include <stdint.h>
#include <stdio.h>
#include <stdlib.h>
#include <string.h>
#include <strings.h>
#include <termio.h>
#include <termios.h>
#include <time.h>
#include <unistd.h>
#include <utime.h>
#include <stddef.h>
#include <dlfcn.h>
#include <malloc.h>
#include <memory.h>
#include <netinet/if_ether.h>
#include <stdint.h>
#include <sys/utsname.h>

int main(int argc, char** argv)
{
  (void)argv;
#ifndef strncmpi
  return ((int*)(&strncmpi))[argc];
#else
  (void)argc;
  return 0;
#endif
}
Determining if the closesocket exist failed with the following output:
Change Dir: /home/ajender/QemuV1/Docker/buildroot-2023.02.4/output/build/host-cmake-3.22.3/CMakeFiles/CMakeTmp

Run Build Command(s):/usr/bin/gmake -f Makefile cmTC_ec531/fast && gmake[1]: Entering directory '/home/ajender/QemuV1/Docker/buildroot-2023.02.4/output/build/host-cmake-3.22.3/CMakeFiles/CMakeTmp'
gmake  -f CMakeFiles/cmTC_ec531.dir/build.make CMakeFiles/cmTC_ec531.dir/build
gmake[2]: Entering directory '/home/ajender/QemuV1/Docker/buildroot-2023.02.4/output/build/host-cmake-3.22.3/CMakeFiles/CMakeTmp'
Building C object CMakeFiles/cmTC_ec531.dir/CheckSymbolExists.c.o
/usr/bin/gcc   -O2 -w  -std=gnu11 -o CMakeFiles/cmTC_ec531.dir/CheckSymbolExists.c.o -c /home/ajender/QemuV1/Docker/buildroot-2023.02.4/output/build/host-cmake-3.22.3/CMakeFiles/CMakeTmp/CheckSymbolExists.c
/home/ajender/QemuV1/Docker/buildroot-2023.02.4/output/build/host-cmake-3.22.3/CMakeFiles/CMakeTmp/CheckSymbolExists.c: In function ‘main’:
/home/ajender/QemuV1/Docker/buildroot-2023.02.4/output/build/host-cmake-3.22.3/CMakeFiles/CMakeTmp/CheckSymbolExists.c:56:19: error: ‘closesocket’ undeclared (first use in this function)
   56 |   return ((int*)(&closesocket))[argc];
      |                   ^~~~~~~~~~~
/home/ajender/QemuV1/Docker/buildroot-2023.02.4/output/build/host-cmake-3.22.3/CMakeFiles/CMakeTmp/CheckSymbolExists.c:56:19: note: each undeclared identifier is reported only once for each function it appears in
gmake[2]: *** [CMakeFiles/cmTC_ec531.dir/build.make:78: CMakeFiles/cmTC_ec531.dir/CheckSymbolExists.c.o] Error 1
gmake[2]: Leaving directory '/home/ajender/QemuV1/Docker/buildroot-2023.02.4/output/build/host-cmake-3.22.3/CMakeFiles/CMakeTmp'
gmake[1]: *** [Makefile:127: cmTC_ec531/fast] Error 2
gmake[1]: Leaving directory '/home/ajender/QemuV1/Docker/buildroot-2023.02.4/output/build/host-cmake-3.22.3/CMakeFiles/CMakeTmp'


File /home/ajender/QemuV1/Docker/buildroot-2023.02.4/output/build/host-cmake-3.22.3/CMakeFiles/CMakeTmp/CheckSymbolExists.c:
/* */
#include <stdio.h>
#include <inttypes.h>
#include <sys/ioctl.h>
#include <sys/param.h>
#include <sys/poll.h>
#include <sys/resource.h>
#include <sys/select.h>
#include <sys/socket.h>
#include <sys/stat.h>
#include <sys/time.h>
#include <sys/types.h>
#include <sys/uio.h>
#include <sys/un.h>
#include <sys/xattr.h>
#include <alloca.h>
#include <arpa/inet.h>
#include <arpa/tftp.h>
#include <assert.h>
#include <errno.h>
#include <fcntl.h>
#include <ifaddrs.h>
#include <libgen.h>
#include <locale.h>
#include <net/if.h>
#include <netdb.h>
#include <netinet/in.h>
#include <netinet/tcp.h>
#include <poll.h>
#include <pwd.h>
#include <setjmp.h>
#include <signal.h>
#include <stdbool.h>
#include <stdint.h>
#include <stdio.h>
#include <stdlib.h>
#include <string.h>
#include <strings.h>
#include <termio.h>
#include <termios.h>
#include <time.h>
#include <unistd.h>
#include <utime.h>
#include <stddef.h>
#include <dlfcn.h>
#include <malloc.h>
#include <memory.h>
#include <netinet/if_ether.h>
#include <stdint.h>
#include <sys/utsname.h>

int main(int argc, char** argv)
{
  (void)argv;
#ifndef closesocket
  return ((int*)(&closesocket))[argc];
#else
  (void)argc;
  return 0;
#endif
}
Determining if the getpass_r exist failed with the following output:
Change Dir: /home/ajender/QemuV1/Docker/buildroot-2023.02.4/output/build/host-cmake-3.22.3/CMakeFiles/CMakeTmp

Run Build Command(s):/usr/bin/gmake -f Makefile cmTC_3bb35/fast && gmake[1]: Entering directory '/home/ajender/QemuV1/Docker/buildroot-2023.02.4/output/build/host-cmake-3.22.3/CMakeFiles/CMakeTmp'
gmake  -f CMakeFiles/cmTC_3bb35.dir/build.make CMakeFiles/cmTC_3bb35.dir/build
gmake[2]: Entering directory '/home/ajender/QemuV1/Docker/buildroot-2023.02.4/output/build/host-cmake-3.22.3/CMakeFiles/CMakeTmp'
Building C object CMakeFiles/cmTC_3bb35.dir/CheckSymbolExists.c.o
/usr/bin/gcc   -O2 -w  -std=gnu11 -o CMakeFiles/cmTC_3bb35.dir/CheckSymbolExists.c.o -c /home/ajender/QemuV1/Docker/buildroot-2023.02.4/output/build/host-cmake-3.22.3/CMakeFiles/CMakeTmp/CheckSymbolExists.c
/home/ajender/QemuV1/Docker/buildroot-2023.02.4/output/build/host-cmake-3.22.3/CMakeFiles/CMakeTmp/CheckSymbolExists.c: In function ‘main’:
/home/ajender/QemuV1/Docker/buildroot-2023.02.4/output/build/host-cmake-3.22.3/CMakeFiles/CMakeTmp/CheckSymbolExists.c:56:19: error: ‘getpass_r’ undeclared (first use in this function); did you mean ‘getpass’?
   56 |   return ((int*)(&getpass_r))[argc];
      |                   ^~~~~~~~~
      |                   getpass
/home/ajender/QemuV1/Docker/buildroot-2023.02.4/output/build/host-cmake-3.22.3/CMakeFiles/CMakeTmp/CheckSymbolExists.c:56:19: note: each undeclared identifier is reported only once for each function it appears in
gmake[2]: *** [CMakeFiles/cmTC_3bb35.dir/build.make:78: CMakeFiles/cmTC_3bb35.dir/CheckSymbolExists.c.o] Error 1
gmake[2]: Leaving directory '/home/ajender/QemuV1/Docker/buildroot-2023.02.4/output/build/host-cmake-3.22.3/CMakeFiles/CMakeTmp'
gmake[1]: *** [Makefile:127: cmTC_3bb35/fast] Error 2
gmake[1]: Leaving directory '/home/ajender/QemuV1/Docker/buildroot-2023.02.4/output/build/host-cmake-3.22.3/CMakeFiles/CMakeTmp'


File /home/ajender/QemuV1/Docker/buildroot-2023.02.4/output/build/host-cmake-3.22.3/CMakeFiles/CMakeTmp/CheckSymbolExists.c:
/* */
#include <stdio.h>
#include <inttypes.h>
#include <sys/ioctl.h>
#include <sys/param.h>
#include <sys/poll.h>
#include <sys/resource.h>
#include <sys/select.h>
#include <sys/socket.h>
#include <sys/stat.h>
#include <sys/time.h>
#include <sys/types.h>
#include <sys/uio.h>
#include <sys/un.h>
#include <sys/xattr.h>
#include <alloca.h>
#include <arpa/inet.h>
#include <arpa/tftp.h>
#include <assert.h>
#include <errno.h>
#include <fcntl.h>
#include <ifaddrs.h>
#include <libgen.h>
#include <locale.h>
#include <net/if.h>
#include <netdb.h>
#include <netinet/in.h>
#include <netinet/tcp.h>
#include <poll.h>
#include <pwd.h>
#include <setjmp.h>
#include <signal.h>
#include <stdbool.h>
#include <stdint.h>
#include <stdio.h>
#include <stdlib.h>
#include <string.h>
#include <strings.h>
#include <termio.h>
#include <termios.h>
#include <time.h>
#include <unistd.h>
#include <utime.h>
#include <stddef.h>
#include <dlfcn.h>
#include <malloc.h>
#include <memory.h>
#include <netinet/if_ether.h>
#include <stdint.h>
#include <sys/utsname.h>

int main(int argc, char** argv)
{
  (void)argv;
#ifndef getpass_r
  return ((int*)(&getpass_r))[argc];
#else
  (void)argc;
  return 0;
#endif
}
Determining if the _strtoi64 exist failed with the following output:
Change Dir: /home/ajender/QemuV1/Docker/buildroot-2023.02.4/output/build/host-cmake-3.22.3/CMakeFiles/CMakeTmp

Run Build Command(s):/usr/bin/gmake -f Makefile cmTC_a4463/fast && gmake[1]: Entering directory '/home/ajender/QemuV1/Docker/buildroot-2023.02.4/output/build/host-cmake-3.22.3/CMakeFiles/CMakeTmp'
gmake  -f CMakeFiles/cmTC_a4463.dir/build.make CMakeFiles/cmTC_a4463.dir/build
gmake[2]: Entering directory '/home/ajender/QemuV1/Docker/buildroot-2023.02.4/output/build/host-cmake-3.22.3/CMakeFiles/CMakeTmp'
Building C object CMakeFiles/cmTC_a4463.dir/CheckSymbolExists.c.o
/usr/bin/gcc   -O2 -w  -std=gnu11 -o CMakeFiles/cmTC_a4463.dir/CheckSymbolExists.c.o -c /home/ajender/QemuV1/Docker/buildroot-2023.02.4/output/build/host-cmake-3.22.3/CMakeFiles/CMakeTmp/CheckSymbolExists.c
/home/ajender/QemuV1/Docker/buildroot-2023.02.4/output/build/host-cmake-3.22.3/CMakeFiles/CMakeTmp/CheckSymbolExists.c: In function ‘main’:
/home/ajender/QemuV1/Docker/buildroot-2023.02.4/output/build/host-cmake-3.22.3/CMakeFiles/CMakeTmp/CheckSymbolExists.c:56:19: error: ‘_strtoi64’ undeclared (first use in this function)
   56 |   return ((int*)(&_strtoi64))[argc];
      |                   ^~~~~~~~~
/home/ajender/QemuV1/Docker/buildroot-2023.02.4/output/build/host-cmake-3.22.3/CMakeFiles/CMakeTmp/CheckSymbolExists.c:56:19: note: each undeclared identifier is reported only once for each function it appears in
gmake[2]: *** [CMakeFiles/cmTC_a4463.dir/build.make:78: CMakeFiles/cmTC_a4463.dir/CheckSymbolExists.c.o] Error 1
gmake[2]: Leaving directory '/home/ajender/QemuV1/Docker/buildroot-2023.02.4/output/build/host-cmake-3.22.3/CMakeFiles/CMakeTmp'
gmake[1]: *** [Makefile:127: cmTC_a4463/fast] Error 2
gmake[1]: Leaving directory '/home/ajender/QemuV1/Docker/buildroot-2023.02.4/output/build/host-cmake-3.22.3/CMakeFiles/CMakeTmp'


File /home/ajender/QemuV1/Docker/buildroot-2023.02.4/output/build/host-cmake-3.22.3/CMakeFiles/CMakeTmp/CheckSymbolExists.c:
/* */
#include <stdio.h>
#include <inttypes.h>
#include <sys/ioctl.h>
#include <sys/param.h>
#include <sys/poll.h>
#include <sys/resource.h>
#include <sys/select.h>
#include <sys/socket.h>
#include <sys/stat.h>
#include <sys/time.h>
#include <sys/types.h>
#include <sys/uio.h>
#include <sys/un.h>
#include <sys/xattr.h>
#include <alloca.h>
#include <arpa/inet.h>
#include <arpa/tftp.h>
#include <assert.h>
#include <errno.h>
#include <fcntl.h>
#include <ifaddrs.h>
#include <libgen.h>
#include <locale.h>
#include <net/if.h>
#include <netdb.h>
#include <netinet/in.h>
#include <netinet/tcp.h>
#include <poll.h>
#include <pwd.h>
#include <setjmp.h>
#include <signal.h>
#include <stdbool.h>
#include <stdint.h>
#include <stdio.h>
#include <stdlib.h>
#include <string.h>
#include <strings.h>
#include <termio.h>
#include <termios.h>
#include <time.h>
#include <unistd.h>
#include <utime.h>
#include <stddef.h>
#include <dlfcn.h>
#include <malloc.h>
#include <memory.h>
#include <netinet/if_ether.h>
#include <stdint.h>
#include <sys/utsname.h>

int main(int argc, char** argv)
{
  (void)argv;
#ifndef _strtoi64
  return ((int*)(&_strtoi64))[argc];
#else
  (void)argc;
  return 0;
#endif
}
Determining if the setmode exist failed with the following output:
Change Dir: /home/ajender/QemuV1/Docker/buildroot-2023.02.4/output/build/host-cmake-3.22.3/CMakeFiles/CMakeTmp

Run Build Command(s):/usr/bin/gmake -f Makefile cmTC_d24d6/fast && gmake[1]: Entering directory '/home/ajender/QemuV1/Docker/buildroot-2023.02.4/output/build/host-cmake-3.22.3/CMakeFiles/CMakeTmp'
gmake  -f CMakeFiles/cmTC_d24d6.dir/build.make CMakeFiles/cmTC_d24d6.dir/build
gmake[2]: Entering directory '/home/ajender/QemuV1/Docker/buildroot-2023.02.4/output/build/host-cmake-3.22.3/CMakeFiles/CMakeTmp'
Building C object CMakeFiles/cmTC_d24d6.dir/CheckSymbolExists.c.o
/usr/bin/gcc   -O2 -w  -std=gnu11 -o CMakeFiles/cmTC_d24d6.dir/CheckSymbolExists.c.o -c /home/ajender/QemuV1/Docker/buildroot-2023.02.4/output/build/host-cmake-3.22.3/CMakeFiles/CMakeTmp/CheckSymbolExists.c
/home/ajender/QemuV1/Docker/buildroot-2023.02.4/output/build/host-cmake-3.22.3/CMakeFiles/CMakeTmp/CheckSymbolExists.c: In function ‘main’:
/home/ajender/QemuV1/Docker/buildroot-2023.02.4/output/build/host-cmake-3.22.3/CMakeFiles/CMakeTmp/CheckSymbolExists.c:56:19: error: ‘setmode’ undeclared (first use in this function)
   56 |   return ((int*)(&setmode))[argc];
      |                   ^~~~~~~
/home/ajender/QemuV1/Docker/buildroot-2023.02.4/output/build/host-cmake-3.22.3/CMakeFiles/CMakeTmp/CheckSymbolExists.c:56:19: note: each undeclared identifier is reported only once for each function it appears in
gmake[2]: *** [CMakeFiles/cmTC_d24d6.dir/build.make:78: CMakeFiles/cmTC_d24d6.dir/CheckSymbolExists.c.o] Error 1
gmake[2]: Leaving directory '/home/ajender/QemuV1/Docker/buildroot-2023.02.4/output/build/host-cmake-3.22.3/CMakeFiles/CMakeTmp'
gmake[1]: *** [Makefile:127: cmTC_d24d6/fast] Error 2
gmake[1]: Leaving directory '/home/ajender/QemuV1/Docker/buildroot-2023.02.4/output/build/host-cmake-3.22.3/CMakeFiles/CMakeTmp'


File /home/ajender/QemuV1/Docker/buildroot-2023.02.4/output/build/host-cmake-3.22.3/CMakeFiles/CMakeTmp/CheckSymbolExists.c:
/* */
#include <stdio.h>
#include <inttypes.h>
#include <sys/ioctl.h>
#include <sys/param.h>
#include <sys/poll.h>
#include <sys/resource.h>
#include <sys/select.h>
#include <sys/socket.h>
#include <sys/stat.h>
#include <sys/time.h>
#include <sys/types.h>
#include <sys/uio.h>
#include <sys/un.h>
#include <sys/xattr.h>
#include <alloca.h>
#include <arpa/inet.h>
#include <arpa/tftp.h>
#include <assert.h>
#include <errno.h>
#include <fcntl.h>
#include <ifaddrs.h>
#include <libgen.h>
#include <locale.h>
#include <net/if.h>
#include <netdb.h>
#include <netinet/in.h>
#include <netinet/tcp.h>
#include <poll.h>
#include <pwd.h>
#include <setjmp.h>
#include <signal.h>
#include <stdbool.h>
#include <stdint.h>
#include <stdio.h>
#include <stdlib.h>
#include <string.h>
#include <strings.h>
#include <termio.h>
#include <termios.h>
#include <time.h>
#include <unistd.h>
#include <utime.h>
#include <stddef.h>
#include <dlfcn.h>
#include <malloc.h>
#include <memory.h>
#include <netinet/if_ether.h>
#include <stdint.h>
#include <sys/utsname.h>

int main(int argc, char** argv)
{
  (void)argv;
#ifndef setmode
  return ((int*)(&setmode))[argc];
#else
  (void)argc;
  return 0;
#endif
}
Determining if the function mach_absolute_time exists failed with the following output:
Change Dir: /home/ajender/QemuV1/Docker/buildroot-2023.02.4/output/build/host-cmake-3.22.3/CMakeFiles/CMakeTmp

Run Build Command(s):/usr/bin/gmake -f Makefile cmTC_2c58b/fast && gmake[1]: Entering directory '/home/ajender/QemuV1/Docker/buildroot-2023.02.4/output/build/host-cmake-3.22.3/CMakeFiles/CMakeTmp'
gmake  -f CMakeFiles/cmTC_2c58b.dir/build.make CMakeFiles/cmTC_2c58b.dir/build
gmake[2]: Entering directory '/home/ajender/QemuV1/Docker/buildroot-2023.02.4/output/build/host-cmake-3.22.3/CMakeFiles/CMakeTmp'
Building C object CMakeFiles/cmTC_2c58b.dir/CheckFunctionExists.c.o
/usr/bin/gcc   -O2 -w -DCHECK_FUNCTION_EXISTS=mach_absolute_time -std=gnu11 -o CMakeFiles/cmTC_2c58b.dir/CheckFunctionExists.c.o -c /home/ajender/QemuV1/Docker/buildroot-2023.02.4/output/build/host-cmake-3.22.3/Modules/CheckFunctionExists.c
Linking C executable cmTC_2c58b
/home/ajender/QemuV1/Docker/buildroot-2023.02.4/output/build/host-cmake-3.22.3/Bootstrap.cmk/cmake -E cmake_link_script CMakeFiles/cmTC_2c58b.dir/link.txt --verbose=1
/usr/bin/gcc -O2 -w -DCHECK_FUNCTION_EXISTS=mach_absolute_time -L/home/ajender/QemuV1/Docker/buildroot-2023.02.4/output/host/lib -Wl,-rpath,/home/ajender/QemuV1/Docker/buildroot-2023.02.4/output/host/lib  CMakeFiles/cmTC_2c58b.dir/CheckFunctionExists.c.o -o cmTC_2c58b 
/usr/bin/ld: CMakeFiles/cmTC_2c58b.dir/CheckFunctionExists.c.o: in function `main':
CheckFunctionExists.c:(.text.startup+0x10): undefined reference to `mach_absolute_time'
collect2: error: ld returned 1 exit status
gmake[2]: *** [CMakeFiles/cmTC_2c58b.dir/build.make:99: cmTC_2c58b] Error 1
gmake[2]: Leaving directory '/home/ajender/QemuV1/Docker/buildroot-2023.02.4/output/build/host-cmake-3.22.3/CMakeFiles/CMakeTmp'
gmake[1]: *** [Makefile:127: cmTC_2c58b/fast] Error 2
gmake[1]: Leaving directory '/home/ajender/QemuV1/Docker/buildroot-2023.02.4/output/build/host-cmake-3.22.3/CMakeFiles/CMakeTmp'



Performing Curl Test HAVE_FSETXATTR_6 failed with the following output:
Change Dir: /home/ajender/QemuV1/Docker/buildroot-2023.02.4/output/build/host-cmake-3.22.3/CMakeFiles/CMakeTmp

Run Build Command(s):/usr/bin/gmake -f Makefile cmTC_4a565/fast && gmake[1]: Entering directory '/home/ajender/QemuV1/Docker/buildroot-2023.02.4/output/build/host-cmake-3.22.3/CMakeFiles/CMakeTmp'
gmake  -f CMakeFiles/cmTC_4a565.dir/build.make CMakeFiles/cmTC_4a565.dir/build
gmake[2]: Entering directory '/home/ajender/QemuV1/Docker/buildroot-2023.02.4/output/build/host-cmake-3.22.3/CMakeFiles/CMakeTmp'
Building C object CMakeFiles/cmTC_4a565.dir/CurlTests.c.o
/usr/bin/gcc   -O2 -w -DHAVE_FSETXATTR_6  -DHAVE_STDIO_H -DHAVE_INTTYPES_H -DHAVE_SYS_IOCTL_H -DHAVE_SYS_PARAM_H -DHAVE_SYS_POLL_H -DHAVE_SYS_RESOURCE_H -DHAVE_SYS_SELECT_H -DHAVE_SYS_SOCKET_H -DHAVE_SYS_STAT_H -DHAVE_SYS_TIME_H -DHAVE_SYS_TYPES_H -DHAVE_SYS_UIO_H -DHAVE_SYS_UN_H -DHAVE_SYS_XATTR_H -DHAVE_ALLOCA_H -DHAVE_ARPA_INET_H -DHAVE_ARPA_TFTP_H -DHAVE_ASSERT_H -DHAVE_ERRNO_H -DHAVE_FCNTL_H -DHAVE_IFADDRS_H -DHAVE_LIBGEN_H -DHAVE_LOCALE_H -DHAVE_NET_IF_H -DHAVE_NETDB_H -DHAVE_NETINET_IN_H -DHAVE_NETINET_TCP_H -DHAVE_POLL_H -DHAVE_PWD_H -DHAVE_SETJMP_H -DHAVE_SIGNAL_H -DHAVE_STDBOOL_H -DHAVE_STDINT_H -DHAVE_STDIO_H -DHAVE_STDLIB_H -DHAVE_STRING_H -DHAVE_STRINGS_H -DHAVE_TERMIO_H -DHAVE_TERMIOS_H -DHAVE_TIME_H -DHAVE_UNISTD_H -DHAVE_UTIME_H -DHAVE_STDDEF_H -DHAVE_DLFCN_H -DHAVE_MALLOC_H -DHAVE_MEMORY_H -DHAVE_NETINET_IF_ETHER_H -DHAVE_STDINT_H -DHAVE_SYS_UTSNAME_H -std=gnu11 -o CMakeFiles/cmTC_4a565.dir/CurlTests.c.o -c /home/ajender/QemuV1/Docker/buildroot-2023.02.4/output/build/host-cmake-3.22.3/Utilities/cmcurl/CMake/CurlTests.c
/home/ajender/QemuV1/Docker/buildroot-2023.02.4/output/build/host-cmake-3.22.3/Utilities/cmcurl/CMake/CurlTests.c: In function ‘main’:
/home/ajender/QemuV1/Docker/buildroot-2023.02.4/output/build/host-cmake-3.22.3/Utilities/cmcurl/CMake/CurlTests.c:463:3: error: too many arguments to function ‘fsetxattr’
  463 |   fsetxattr(0, 0, 0, 0, 0, 0);
      |   ^~~~~~~~~
In file included from /home/ajender/QemuV1/Docker/buildroot-2023.02.4/output/build/host-cmake-3.22.3/Utilities/cmcurl/CMake/CurlTests.c:460:
/usr/include/x86_64-linux-gnu/sys/xattr.h:54:12: note: declared here
   54 | extern int fsetxattr (int __fd, const char *__name, const void *__value,
      |            ^~~~~~~~~
gmake[2]: *** [CMakeFiles/cmTC_4a565.dir/build.make:78: CMakeFiles/cmTC_4a565.dir/CurlTests.c.o] Error 1
gmake[2]: Leaving directory '/home/ajender/QemuV1/Docker/buildroot-2023.02.4/output/build/host-cmake-3.22.3/CMakeFiles/CMakeTmp'
gmake[1]: *** [Makefile:127: cmTC_4a565/fast] Error 2
gmake[1]: Leaving directory '/home/ajender/QemuV1/Docker/buildroot-2023.02.4/output/build/host-cmake-3.22.3/CMakeFiles/CMakeTmp'


Determining size of ADDRESS_FAMILY failed with the following output:
Change Dir: /home/ajender/QemuV1/Docker/buildroot-2023.02.4/output/build/host-cmake-3.22.3/CMakeFiles/CMakeTmp

Run Build Command(s):/usr/bin/gmake -f Makefile cmTC_12421/fast && gmake[1]: Entering directory '/home/ajender/QemuV1/Docker/buildroot-2023.02.4/output/build/host-cmake-3.22.3/CMakeFiles/CMakeTmp'
gmake  -f CMakeFiles/cmTC_12421.dir/build.make CMakeFiles/cmTC_12421.dir/build
gmake[2]: Entering directory '/home/ajender/QemuV1/Docker/buildroot-2023.02.4/output/build/host-cmake-3.22.3/CMakeFiles/CMakeTmp'
Building C object CMakeFiles/cmTC_12421.dir/SIZEOF_ADDRESS_FAMILY.c.o
/usr/bin/gcc   -O2 -w  -std=gnu11 -o CMakeFiles/cmTC_12421.dir/SIZEOF_ADDRESS_FAMILY.c.o -c /home/ajender/QemuV1/Docker/buildroot-2023.02.4/output/build/host-cmake-3.22.3/CMakeFiles/CheckTypeSize/SIZEOF_ADDRESS_FAMILY.c
/home/ajender/QemuV1/Docker/buildroot-2023.02.4/output/build/host-cmake-3.22.3/CMakeFiles/CheckTypeSize/SIZEOF_ADDRESS_FAMILY.c:4:10: fatal error: ws2def.h: No such file or directory
    4 | #include "ws2def.h"
      |          ^~~~~~~~~~
compilation terminated.
gmake[2]: *** [CMakeFiles/cmTC_12421.dir/build.make:78: CMakeFiles/cmTC_12421.dir/SIZEOF_ADDRESS_FAMILY.c.o] Error 1
gmake[2]: Leaving directory '/home/ajender/QemuV1/Docker/buildroot-2023.02.4/output/build/host-cmake-3.22.3/CMakeFiles/CMakeTmp'
gmake[1]: *** [Makefile:127: cmTC_12421/fast] Error 2
gmake[1]: Leaving directory '/home/ajender/QemuV1/Docker/buildroot-2023.02.4/output/build/host-cmake-3.22.3/CMakeFiles/CMakeTmp'


/home/ajender/QemuV1/Docker/buildroot-2023.02.4/output/build/host-cmake-3.22.3/CMakeFiles/CheckTypeSize/SIZEOF_ADDRESS_FAMILY.c:
#include <sys/types.h>
#include <stdint.h>
#include <stddef.h>
#include "ws2def.h"


#undef KEY
#if defined(__i386)
# define KEY '_','_','i','3','8','6'
#elif defined(__x86_64)
# define KEY '_','_','x','8','6','_','6','4'
#elif defined(__PPC64__)
# define KEY '_','_','P','P','C','6','4','_','_'
#elif defined(__ppc64__)
# define KEY '_','_','p','p','c','6','4','_','_'
#elif defined(__PPC__)
# define KEY '_','_','P','P','C','_','_'
#elif defined(__ppc__)
# define KEY '_','_','p','p','c','_','_'
#elif defined(__aarch64__)
# define KEY '_','_','a','a','r','c','h','6','4','_','_'
#elif defined(__ARM_ARCH_7A__)
# define KEY '_','_','A','R','M','_','A','R','C','H','_','7','A','_','_'
#elif defined(__ARM_ARCH_7S__)
# define KEY '_','_','A','R','M','_','A','R','C','H','_','7','S','_','_'
#endif

#define SIZE (sizeof(ADDRESS_FAMILY))
static char info_size[] =  {'I', 'N', 'F', 'O', ':', 's','i','z','e','[',
  ('0' + ((SIZE / 10000)%10)),
  ('0' + ((SIZE / 1000)%10)),
  ('0' + ((SIZE / 100)%10)),
  ('0' + ((SIZE / 10)%10)),
  ('0' +  (SIZE    % 10)),
  ']',
#ifdef KEY
  ' ','k','e','y','[', KEY, ']',
#endif
  '\0'};

#ifdef __CLASSIC_C__
int main(argc, argv) int argc; char *argv[];
#else
int main(int argc, char *argv[])
#endif
{
  int require = 0;
  require += info_size[argc];
  (void)argv;
  return require;
}


Performing Curl Test HAVE_IOCTLSOCKET failed with the following output:
Change Dir: /home/ajender/QemuV1/Docker/buildroot-2023.02.4/output/build/host-cmake-3.22.3/CMakeFiles/CMakeTmp

Run Build Command(s):/usr/bin/gmake -f Makefile cmTC_01719/fast && gmake[1]: Entering directory '/home/ajender/QemuV1/Docker/buildroot-2023.02.4/output/build/host-cmake-3.22.3/CMakeFiles/CMakeTmp'
gmake  -f CMakeFiles/cmTC_01719.dir/build.make CMakeFiles/cmTC_01719.dir/build
gmake[2]: Entering directory '/home/ajender/QemuV1/Docker/buildroot-2023.02.4/output/build/host-cmake-3.22.3/CMakeFiles/CMakeTmp'
Building C object CMakeFiles/cmTC_01719.dir/CurlTests.c.o
/usr/bin/gcc   -O2 -w -DHAVE_IOCTLSOCKET  -DHAVE_STDIO_H -DHAVE_INTTYPES_H -DHAVE_SYS_IOCTL_H -DHAVE_SYS_PARAM_H -DHAVE_SYS_POLL_H -DHAVE_SYS_RESOURCE_H -DHAVE_SYS_SELECT_H -DHAVE_SYS_SOCKET_H -DHAVE_SYS_STAT_H -DHAVE_SYS_TIME_H -DHAVE_SYS_TYPES_H -DHAVE_SYS_UIO_H -DHAVE_SYS_UN_H -DHAVE_SYS_XATTR_H -DHAVE_ALLOCA_H -DHAVE_ARPA_INET_H -DHAVE_ARPA_TFTP_H -DHAVE_ASSERT_H -DHAVE_ERRNO_H -DHAVE_FCNTL_H -DHAVE_IFADDRS_H -DHAVE_LIBGEN_H -DHAVE_LOCALE_H -DHAVE_NET_IF_H -DHAVE_NETDB_H -DHAVE_NETINET_IN_H -DHAVE_NETINET_TCP_H -DHAVE_POLL_H -DHAVE_PWD_H -DHAVE_SETJMP_H -DHAVE_SIGNAL_H -DHAVE_STDBOOL_H -DHAVE_STDINT_H -DHAVE_STDIO_H -DHAVE_STDLIB_H -DHAVE_STRING_H -DHAVE_STRINGS_H -DHAVE_TERMIO_H -DHAVE_TERMIOS_H -DHAVE_TIME_H -DHAVE_UNISTD_H -DHAVE_UTIME_H -DHAVE_STDDEF_H -DHAVE_DLFCN_H -DHAVE_MALLOC_H -DHAVE_MEMORY_H -DHAVE_NETINET_IF_ETHER_H -DHAVE_STDINT_H -DHAVE_SYS_UTSNAME_H -std=gnu11 -o CMakeFiles/cmTC_01719.dir/CurlTests.c.o -c /home/ajender/QemuV1/Docker/buildroot-2023.02.4/output/build/host-cmake-3.22.3/Utilities/cmcurl/CMake/CurlTests.c
/home/ajender/QemuV1/Docker/buildroot-2023.02.4/output/build/host-cmake-3.22.3/Utilities/cmcurl/CMake/CurlTests.c: In function ‘main’:
/home/ajender/QemuV1/Docker/buildroot-2023.02.4/output/build/host-cmake-3.22.3/Utilities/cmcurl/CMake/CurlTests.c:245:44: error: ‘FIONBIO’ undeclared (first use in this function)
  245 |  unsigned long flags = ioctlsocket(socket, FIONBIO, &flags);
      |                                            ^~~~~~~
/home/ajender/QemuV1/Docker/buildroot-2023.02.4/output/build/host-cmake-3.22.3/Utilities/cmcurl/CMake/CurlTests.c:245:44: note: each undeclared identifier is reported only once for each function it appears in
gmake[2]: *** [CMakeFiles/cmTC_01719.dir/build.make:78: CMakeFiles/cmTC_01719.dir/CurlTests.c.o] Error 1
gmake[2]: Leaving directory '/home/ajender/QemuV1/Docker/buildroot-2023.02.4/output/build/host-cmake-3.22.3/CMakeFiles/CMakeTmp'
gmake[1]: *** [Makefile:127: cmTC_01719/fast] Error 2
gmake[1]: Leaving directory '/home/ajender/QemuV1/Docker/buildroot-2023.02.4/output/build/host-cmake-3.22.3/CMakeFiles/CMakeTmp'


Performing Curl Test HAVE_IOCTLSOCKET_CAMEL failed with the following output:
Change Dir: /home/ajender/QemuV1/Docker/buildroot-2023.02.4/output/build/host-cmake-3.22.3/CMakeFiles/CMakeTmp

Run Build Command(s):/usr/bin/gmake -f Makefile cmTC_04e18/fast && gmake[1]: Entering directory '/home/ajender/QemuV1/Docker/buildroot-2023.02.4/output/build/host-cmake-3.22.3/CMakeFiles/CMakeTmp'
gmake  -f CMakeFiles/cmTC_04e18.dir/build.make CMakeFiles/cmTC_04e18.dir/build
gmake[2]: Entering directory '/home/ajender/QemuV1/Docker/buildroot-2023.02.4/output/build/host-cmake-3.22.3/CMakeFiles/CMakeTmp'
Building C object CMakeFiles/cmTC_04e18.dir/CurlTests.c.o
/usr/bin/gcc   -O2 -w -DHAVE_IOCTLSOCKET_CAMEL  -DHAVE_STDIO_H -DHAVE_INTTYPES_H -DHAVE_SYS_IOCTL_H -DHAVE_SYS_PARAM_H -DHAVE_SYS_POLL_H -DHAVE_SYS_RESOURCE_H -DHAVE_SYS_SELECT_H -DHAVE_SYS_SOCKET_H -DHAVE_SYS_STAT_H -DHAVE_SYS_TIME_H -DHAVE_SYS_TYPES_H -DHAVE_SYS_UIO_H -DHAVE_SYS_UN_H -DHAVE_SYS_XATTR_H -DHAVE_ALLOCA_H -DHAVE_ARPA_INET_H -DHAVE_ARPA_TFTP_H -DHAVE_ASSERT_H -DHAVE_ERRNO_H -DHAVE_FCNTL_H -DHAVE_IFADDRS_H -DHAVE_LIBGEN_H -DHAVE_LOCALE_H -DHAVE_NET_IF_H -DHAVE_NETDB_H -DHAVE_NETINET_IN_H -DHAVE_NETINET_TCP_H -DHAVE_POLL_H -DHAVE_PWD_H -DHAVE_SETJMP_H -DHAVE_SIGNAL_H -DHAVE_STDBOOL_H -DHAVE_STDINT_H -DHAVE_STDIO_H -DHAVE_STDLIB_H -DHAVE_STRING_H -DHAVE_STRINGS_H -DHAVE_TERMIO_H -DHAVE_TERMIOS_H -DHAVE_TIME_H -DHAVE_UNISTD_H -DHAVE_UTIME_H -DHAVE_STDDEF_H -DHAVE_DLFCN_H -DHAVE_MALLOC_H -DHAVE_MEMORY_H -DHAVE_NETINET_IF_ETHER_H -DHAVE_STDINT_H -DHAVE_SYS_UTSNAME_H -std=gnu11 -o CMakeFiles/cmTC_04e18.dir/CurlTests.c.o -c /home/ajender/QemuV1/Docker/buildroot-2023.02.4/output/build/host-cmake-3.22.3/Utilities/cmcurl/CMake/CurlTests.c
Linking C executable cmTC_04e18
/home/ajender/QemuV1/Docker/buildroot-2023.02.4/output/build/host-cmake-3.22.3/Bootstrap.cmk/cmake -E cmake_link_script CMakeFiles/cmTC_04e18.dir/link.txt --verbose=1
/usr/bin/gcc -O2 -w -DHAVE_IOCTLSOCKET_CAMEL  -DHAVE_STDIO_H -DHAVE_INTTYPES_H -DHAVE_SYS_IOCTL_H -DHAVE_SYS_PARAM_H -DHAVE_SYS_POLL_H -DHAVE_SYS_RESOURCE_H -DHAVE_SYS_SELECT_H -DHAVE_SYS_SOCKET_H -DHAVE_SYS_STAT_H -DHAVE_SYS_TIME_H -DHAVE_SYS_TYPES_H -DHAVE_SYS_UIO_H -DHAVE_SYS_UN_H -DHAVE_SYS_XATTR_H -DHAVE_ALLOCA_H -DHAVE_ARPA_INET_H -DHAVE_ARPA_TFTP_H -DHAVE_ASSERT_H -DHAVE_ERRNO_H -DHAVE_FCNTL_H -DHAVE_IFADDRS_H -DHAVE_LIBGEN_H -DHAVE_LOCALE_H -DHAVE_NET_IF_H -DHAVE_NETDB_H -DHAVE_NETINET_IN_H -DHAVE_NETINET_TCP_H -DHAVE_POLL_H -DHAVE_PWD_H -DHAVE_SETJMP_H -DHAVE_SIGNAL_H -DHAVE_STDBOOL_H -DHAVE_STDINT_H -DHAVE_STDIO_H -DHAVE_STDLIB_H -DHAVE_STRING_H -DHAVE_STRINGS_H -DHAVE_TERMIO_H -DHAVE_TERMIOS_H -DHAVE_TIME_H -DHAVE_UNISTD_H -DHAVE_UTIME_H -DHAVE_STDDEF_H -DHAVE_DLFCN_H -DHAVE_MALLOC_H -DHAVE_MEMORY_H -DHAVE_NETINET_IF_ETHER_H -DHAVE_STDINT_H -DHAVE_SYS_UTSNAME_H -L/home/ajender/QemuV1/Docker/buildroot-2023.02.4/output/host/lib -Wl,-rpath,/home/ajender/QemuV1/Docker/buildroot-2023.02.4/output/host/lib  CMakeFiles/cmTC_04e18.dir/CurlTests.c.o -o cmTC_04e18 
/usr/bin/ld: CMakeFiles/cmTC_04e18.dir/CurlTests.c.o: in function `main':
CurlTests.c:(.text.startup+0x11): undefined reference to `IoctlSocket'
collect2: error: ld returned 1 exit status
gmake[2]: *** [CMakeFiles/cmTC_04e18.dir/build.make:99: cmTC_04e18] Error 1
gmake[2]: Leaving directory '/home/ajender/QemuV1/Docker/buildroot-2023.02.4/output/build/host-cmake-3.22.3/CMakeFiles/CMakeTmp'
gmake[1]: *** [Makefile:127: cmTC_04e18/fast] Error 2
gmake[1]: Leaving directory '/home/ajender/QemuV1/Docker/buildroot-2023.02.4/output/build/host-cmake-3.22.3/CMakeFiles/CMakeTmp'


Performing Curl Test HAVE_IOCTLSOCKET_CAMEL_FIONBIO failed with the following output:
Change Dir: /home/ajender/QemuV1/Docker/buildroot-2023.02.4/output/build/host-cmake-3.22.3/CMakeFiles/CMakeTmp

Run Build Command(s):/usr/bin/gmake -f Makefile cmTC_dfe42/fast && gmake[1]: Entering directory '/home/ajender/QemuV1/Docker/buildroot-2023.02.4/output/build/host-cmake-3.22.3/CMakeFiles/CMakeTmp'
gmake  -f CMakeFiles/cmTC_dfe42.dir/build.make CMakeFiles/cmTC_dfe42.dir/build
gmake[2]: Entering directory '/home/ajender/QemuV1/Docker/buildroot-2023.02.4/output/build/host-cmake-3.22.3/CMakeFiles/CMakeTmp'
Building C object CMakeFiles/cmTC_dfe42.dir/CurlTests.c.o
/usr/bin/gcc   -O2 -w -DHAVE_IOCTLSOCKET_CAMEL_FIONBIO  -DHAVE_STDIO_H -DHAVE_INTTYPES_H -DHAVE_SYS_IOCTL_H -DHAVE_SYS_PARAM_H -DHAVE_SYS_POLL_H -DHAVE_SYS_RESOURCE_H -DHAVE_SYS_SELECT_H -DHAVE_SYS_SOCKET_H -DHAVE_SYS_STAT_H -DHAVE_SYS_TIME_H -DHAVE_SYS_TYPES_H -DHAVE_SYS_UIO_H -DHAVE_SYS_UN_H -DHAVE_SYS_XATTR_H -DHAVE_ALLOCA_H -DHAVE_ARPA_INET_H -DHAVE_ARPA_TFTP_H -DHAVE_ASSERT_H -DHAVE_ERRNO_H -DHAVE_FCNTL_H -DHAVE_IFADDRS_H -DHAVE_LIBGEN_H -DHAVE_LOCALE_H -DHAVE_NET_IF_H -DHAVE_NETDB_H -DHAVE_NETINET_IN_H -DHAVE_NETINET_TCP_H -DHAVE_POLL_H -DHAVE_PWD_H -DHAVE_SETJMP_H -DHAVE_SIGNAL_H -DHAVE_STDBOOL_H -DHAVE_STDINT_H -DHAVE_STDIO_H -DHAVE_STDLIB_H -DHAVE_STRING_H -DHAVE_STRINGS_H -DHAVE_TERMIO_H -DHAVE_TERMIOS_H -DHAVE_TIME_H -DHAVE_UNISTD_H -DHAVE_UTIME_H -DHAVE_STDDEF_H -DHAVE_DLFCN_H -DHAVE_MALLOC_H -DHAVE_MEMORY_H -DHAVE_NETINET_IF_ETHER_H -DHAVE_STDINT_H -DHAVE_SYS_UTSNAME_H -std=gnu11 -o CMakeFiles/cmTC_dfe42.dir/CurlTests.c.o -c /home/ajender/QemuV1/Docker/buildroot-2023.02.4/output/build/host-cmake-3.22.3/Utilities/cmcurl/CMake/CurlTests.c
/home/ajender/QemuV1/Docker/buildroot-2023.02.4/output/build/host-cmake-3.22.3/Utilities/cmcurl/CMake/CurlTests.c: In function ‘main’:
/home/ajender/QemuV1/Docker/buildroot-2023.02.4/output/build/host-cmake-3.22.3/Utilities/cmcurl/CMake/CurlTests.c:301:32: error: ‘FIONBIO’ undeclared (first use in this function)
  301 |         if(0 != IoctlSocket(0, FIONBIO, &flags))
      |                                ^~~~~~~
/home/ajender/QemuV1/Docker/buildroot-2023.02.4/output/build/host-cmake-3.22.3/Utilities/cmcurl/CMake/CurlTests.c:301:32: note: each undeclared identifier is reported only once for each function it appears in
gmake[2]: *** [CMakeFiles/cmTC_dfe42.dir/build.make:78: CMakeFiles/cmTC_dfe42.dir/CurlTests.c.o] Error 1
gmake[2]: Leaving directory '/home/ajender/QemuV1/Docker/buildroot-2023.02.4/output/build/host-cmake-3.22.3/CMakeFiles/CMakeTmp'
gmake[1]: *** [Makefile:127: cmTC_dfe42/fast] Error 2
gmake[1]: Leaving directory '/home/ajender/QemuV1/Docker/buildroot-2023.02.4/output/build/host-cmake-3.22.3/CMakeFiles/CMakeTmp'


Performing Curl Test HAVE_IOCTLSOCKET_FIONBIO failed with the following output:
Change Dir: /home/ajender/QemuV1/Docker/buildroot-2023.02.4/output/build/host-cmake-3.22.3/CMakeFiles/CMakeTmp

Run Build Command(s):/usr/bin/gmake -f Makefile cmTC_abbf8/fast && gmake[1]: Entering directory '/home/ajender/QemuV1/Docker/buildroot-2023.02.4/output/build/host-cmake-3.22.3/CMakeFiles/CMakeTmp'
gmake  -f CMakeFiles/cmTC_abbf8.dir/build.make CMakeFiles/cmTC_abbf8.dir/build
gmake[2]: Entering directory '/home/ajender/QemuV1/Docker/buildroot-2023.02.4/output/build/host-cmake-3.22.3/CMakeFiles/CMakeTmp'
Building C object CMakeFiles/cmTC_abbf8.dir/CurlTests.c.o
/usr/bin/gcc   -O2 -w -DHAVE_IOCTLSOCKET_FIONBIO  -DHAVE_STDIO_H -DHAVE_INTTYPES_H -DHAVE_SYS_IOCTL_H -DHAVE_SYS_PARAM_H -DHAVE_SYS_POLL_H -DHAVE_SYS_RESOURCE_H -DHAVE_SYS_SELECT_H -DHAVE_SYS_SOCKET_H -DHAVE_SYS_STAT_H -DHAVE_SYS_TIME_H -DHAVE_SYS_TYPES_H -DHAVE_SYS_UIO_H -DHAVE_SYS_UN_H -DHAVE_SYS_XATTR_H -DHAVE_ALLOCA_H -DHAVE_ARPA_INET_H -DHAVE_ARPA_TFTP_H -DHAVE_ASSERT_H -DHAVE_ERRNO_H -DHAVE_FCNTL_H -DHAVE_IFADDRS_H -DHAVE_LIBGEN_H -DHAVE_LOCALE_H -DHAVE_NET_IF_H -DHAVE_NETDB_H -DHAVE_NETINET_IN_H -DHAVE_NETINET_TCP_H -DHAVE_POLL_H -DHAVE_PWD_H -DHAVE_SETJMP_H -DHAVE_SIGNAL_H -DHAVE_STDBOOL_H -DHAVE_STDINT_H -DHAVE_STDIO_H -DHAVE_STDLIB_H -DHAVE_STRING_H -DHAVE_STRINGS_H -DHAVE_TERMIO_H -DHAVE_TERMIOS_H -DHAVE_TIME_H -DHAVE_UNISTD_H -DHAVE_UTIME_H -DHAVE_STDDEF_H -DHAVE_DLFCN_H -DHAVE_MALLOC_H -DHAVE_MEMORY_H -DHAVE_NETINET_IF_ETHER_H -DHAVE_STDINT_H -DHAVE_SYS_UTSNAME_H -std=gnu11 -o CMakeFiles/cmTC_abbf8.dir/CurlTests.c.o -c /home/ajender/QemuV1/Docker/buildroot-2023.02.4/output/build/host-cmake-3.22.3/Utilities/cmcurl/CMake/CurlTests.c
/home/ajender/QemuV1/Docker/buildroot-2023.02.4/output/build/host-cmake-3.22.3/Utilities/cmcurl/CMake/CurlTests.c: In function ‘main’:
/home/ajender/QemuV1/Docker/buildroot-2023.02.4/output/build/host-cmake-3.22.3/Utilities/cmcurl/CMake/CurlTests.c:328:32: error: ‘FIONBIO’ undeclared (first use in this function)
  328 |         if(0 != ioctlsocket(0, FIONBIO, &flags))
      |                                ^~~~~~~
/home/ajender/QemuV1/Docker/buildroot-2023.02.4/output/build/host-cmake-3.22.3/Utilities/cmcurl/CMake/CurlTests.c:328:32: note: each undeclared identifier is reported only once for each function it appears in
gmake[2]: *** [CMakeFiles/cmTC_abbf8.dir/build.make:78: CMakeFiles/cmTC_abbf8.dir/CurlTests.c.o] Error 1
gmake[2]: Leaving directory '/home/ajender/QemuV1/Docker/buildroot-2023.02.4/output/build/host-cmake-3.22.3/CMakeFiles/CMakeTmp'
gmake[1]: *** [Makefile:127: cmTC_abbf8/fast] Error 2
gmake[1]: Leaving directory '/home/ajender/QemuV1/Docker/buildroot-2023.02.4/output/build/host-cmake-3.22.3/CMakeFiles/CMakeTmp'


Performing Curl Test HAVE_SETSOCKOPT_SO_NONBLOCK failed with the following output:
Change Dir: /home/ajender/QemuV1/Docker/buildroot-2023.02.4/output/build/host-cmake-3.22.3/CMakeFiles/CMakeTmp

Run Build Command(s):/usr/bin/gmake -f Makefile cmTC_197d5/fast && gmake[1]: Entering directory '/home/ajender/QemuV1/Docker/buildroot-2023.02.4/output/build/host-cmake-3.22.3/CMakeFiles/CMakeTmp'
gmake  -f CMakeFiles/cmTC_197d5.dir/build.make CMakeFiles/cmTC_197d5.dir/build
gmake[2]: Entering directory '/home/ajender/QemuV1/Docker/buildroot-2023.02.4/output/build/host-cmake-3.22.3/CMakeFiles/CMakeTmp'
Building C object CMakeFiles/cmTC_197d5.dir/CurlTests.c.o
/usr/bin/gcc   -O2 -w -DHAVE_SETSOCKOPT_SO_NONBLOCK  -DHAVE_STDIO_H -DHAVE_INTTYPES_H -DHAVE_SYS_IOCTL_H -DHAVE_SYS_PARAM_H -DHAVE_SYS_POLL_H -DHAVE_SYS_RESOURCE_H -DHAVE_SYS_SELECT_H -DHAVE_SYS_SOCKET_H -DHAVE_SYS_STAT_H -DHAVE_SYS_TIME_H -DHAVE_SYS_TYPES_H -DHAVE_SYS_UIO_H -DHAVE_SYS_UN_H -DHAVE_SYS_XATTR_H -DHAVE_ALLOCA_H -DHAVE_ARPA_INET_H -DHAVE_ARPA_TFTP_H -DHAVE_ASSERT_H -DHAVE_ERRNO_H -DHAVE_FCNTL_H -DHAVE_IFADDRS_H -DHAVE_LIBGEN_H -DHAVE_LOCALE_H -DHAVE_NET_IF_H -DHAVE_NETDB_H -DHAVE_NETINET_IN_H -DHAVE_NETINET_TCP_H -DHAVE_POLL_H -DHAVE_PWD_H -DHAVE_SETJMP_H -DHAVE_SIGNAL_H -DHAVE_STDBOOL_H -DHAVE_STDINT_H -DHAVE_STDIO_H -DHAVE_STDLIB_H -DHAVE_STRING_H -DHAVE_STRINGS_H -DHAVE_TERMIO_H -DHAVE_TERMIOS_H -DHAVE_TIME_H -DHAVE_UNISTD_H -DHAVE_UTIME_H -DHAVE_STDDEF_H -DHAVE_DLFCN_H -DHAVE_MALLOC_H -DHAVE_MEMORY_H -DHAVE_NETINET_IF_ETHER_H -DHAVE_STDINT_H -DHAVE_SYS_UTSNAME_H -std=gnu11 -o CMakeFiles/cmTC_197d5.dir/CurlTests.c.o -c /home/ajender/QemuV1/Docker/buildroot-2023.02.4/output/build/host-cmake-3.22.3/Utilities/cmcurl/CMake/CurlTests.c
/home/ajender/QemuV1/Docker/buildroot-2023.02.4/output/build/host-cmake-3.22.3/Utilities/cmcurl/CMake/CurlTests.c: In function ‘main’:
/home/ajender/QemuV1/Docker/buildroot-2023.02.4/output/build/host-cmake-3.22.3/Utilities/cmcurl/CMake/CurlTests.c:424:43: error: ‘SO_NONBLOCK’ undeclared (first use in this function); did you mean ‘SOCK_NONBLOCK’?
  424 |         if(0 != setsockopt(0, SOL_SOCKET, SO_NONBLOCK, 0, 0))
      |                                           ^~~~~~~~~~~
      |                                           SOCK_NONBLOCK
/home/ajender/QemuV1/Docker/buildroot-2023.02.4/output/build/host-cmake-3.22.3/Utilities/cmcurl/CMake/CurlTests.c:424:43: note: each undeclared identifier is reported only once for each function it appears in
gmake[2]: *** [CMakeFiles/cmTC_197d5.dir/build.make:78: CMakeFiles/cmTC_197d5.dir/CurlTests.c.o] Error 1
gmake[2]: Leaving directory '/home/ajender/QemuV1/Docker/buildroot-2023.02.4/output/build/host-cmake-3.22.3/CMakeFiles/CMakeTmp'
gmake[1]: *** [Makefile:127: cmTC_197d5/fast] Error 2
gmake[1]: Leaving directory '/home/ajender/QemuV1/Docker/buildroot-2023.02.4/output/build/host-cmake-3.22.3/CMakeFiles/CMakeTmp'


Performing Curl Test HAVE_O_NONBLOCK failed with the following output:
Change Dir: /home/ajender/QemuV1/Docker/buildroot-2023.02.4/output/build/host-cmake-3.22.3/CMakeFiles/CMakeTmp

Run Build Command(s):/usr/bin/gmake -f Makefile cmTC_c6fa5/fast && gmake[1]: Entering directory '/home/ajender/QemuV1/Docker/buildroot-2023.02.4/output/build/host-cmake-3.22.3/CMakeFiles/CMakeTmp'
gmake  -f CMakeFiles/cmTC_c6fa5.dir/build.make CMakeFiles/cmTC_c6fa5.dir/build
gmake[2]: Entering directory '/home/ajender/QemuV1/Docker/buildroot-2023.02.4/output/build/host-cmake-3.22.3/CMakeFiles/CMakeTmp'
Building C object CMakeFiles/cmTC_c6fa5.dir/CurlTests.c.o
/usr/bin/gcc   -O2 -w -DHAVE_O_NONBLOCK  -DHAVE_STDIO_H -DHAVE_INTTYPES_H -DHAVE_SYS_IOCTL_H -DHAVE_SYS_PARAM_H -DHAVE_SYS_POLL_H -DHAVE_SYS_RESOURCE_H -DHAVE_SYS_SELECT_H -DHAVE_SYS_SOCKET_H -DHAVE_SYS_STAT_H -DHAVE_SYS_TIME_H -DHAVE_SYS_TYPES_H -DHAVE_SYS_UIO_H -DHAVE_SYS_UN_H -DHAVE_SYS_XATTR_H -DHAVE_ALLOCA_H -DHAVE_ARPA_INET_H -DHAVE_ARPA_TFTP_H -DHAVE_ASSERT_H -DHAVE_ERRNO_H -DHAVE_FCNTL_H -DHAVE_IFADDRS_H -DHAVE_LIBGEN_H -DHAVE_LOCALE_H -DHAVE_NET_IF_H -DHAVE_NETDB_H -DHAVE_NETINET_IN_H -DHAVE_NETINET_TCP_H -DHAVE_POLL_H -DHAVE_PWD_H -DHAVE_SETJMP_H -DHAVE_SIGNAL_H -DHAVE_STDBOOL_H -DHAVE_STDINT_H -DHAVE_STDIO_H -DHAVE_STDLIB_H -DHAVE_STRING_H -DHAVE_STRINGS_H -DHAVE_TERMIO_H -DHAVE_TERMIOS_H -DHAVE_TIME_H -DHAVE_UNISTD_H -DHAVE_UTIME_H -DHAVE_STDDEF_H -DHAVE_DLFCN_H -DHAVE_MALLOC_H -DHAVE_MEMORY_H -DHAVE_NETINET_IF_ETHER_H -DHAVE_STDINT_H -DHAVE_SYS_UTSNAME_H -std=gnu11 -o CMakeFiles/cmTC_c6fa5.dir/CurlTests.c.o -c /home/ajender/QemuV1/Docker/buildroot-2023.02.4/output/build/host-cmake-3.22.3/Utilities/cmcurl/CMake/CurlTests.c
Linking C executable cmTC_c6fa5
/home/ajender/QemuV1/Docker/buildroot-2023.02.4/output/build/host-cmake-3.22.3/Bootstrap.cmk/cmake -E cmake_link_script CMakeFiles/cmTC_c6fa5.dir/link.txt --verbose=1
/usr/bin/gcc -O2 -w -DHAVE_O_NONBLOCK  -DHAVE_STDIO_H -DHAVE_INTTYPES_H -DHAVE_SYS_IOCTL_H -DHAVE_SYS_PARAM_H -DHAVE_SYS_POLL_H -DHAVE_SYS_RESOURCE_H -DHAVE_SYS_SELECT_H -DHAVE_SYS_SOCKET_H -DHAVE_SYS_STAT_H -DHAVE_SYS_TIME_H -DHAVE_SYS_TYPES_H -DHAVE_SYS_UIO_H -DHAVE_SYS_UN_H -DHAVE_SYS_XATTR_H -DHAVE_ALLOCA_H -DHAVE_ARPA_INET_H -DHAVE_ARPA_TFTP_H -DHAVE_ASSERT_H -DHAVE_ERRNO_H -DHAVE_FCNTL_H -DHAVE_IFADDRS_H -DHAVE_LIBGEN_H -DHAVE_LOCALE_H -DHAVE_NET_IF_H -DHAVE_NETDB_H -DHAVE_NETINET_IN_H -DHAVE_NETINET_TCP_H -DHAVE_POLL_H -DHAVE_PWD_H -DHAVE_SETJMP_H -DHAVE_SIGNAL_H -DHAVE_STDBOOL_H -DHAVE_STDINT_H -DHAVE_STDIO_H -DHAVE_STDLIB_H -DHAVE_STRING_H -DHAVE_STRINGS_H -DHAVE_TERMIO_H -DHAVE_TERMIOS_H -DHAVE_TIME_H -DHAVE_UNISTD_H -DHAVE_UTIME_H -DHAVE_STDDEF_H -DHAVE_DLFCN_H -DHAVE_MALLOC_H -DHAVE_MEMORY_H -DHAVE_NETINET_IF_ETHER_H -DHAVE_STDINT_H -DHAVE_SYS_UTSNAME_H -L/home/ajender/QemuV1/Docker/buildroot-2023.02.4/output/host/lib -Wl,-rpath,/home/ajender/QemuV1/Docker/buildroot-2023.02.4/output/host/lib  CMakeFiles/cmTC_c6fa5.dir/CurlTests.c.o -o cmTC_c6fa5 
/usr/bin/ld: /usr/lib/gcc/x86_64-linux-gnu/11/../../../x86_64-linux-gnu/Scrt1.o: in function `_start':
(.text+0x1b): undefined reference to `main'
collect2: error: ld returned 1 exit status
gmake[2]: *** [CMakeFiles/cmTC_c6fa5.dir/build.make:99: cmTC_c6fa5] Error 1
gmake[2]: Leaving directory '/home/ajender/QemuV1/Docker/buildroot-2023.02.4/output/build/host-cmake-3.22.3/CMakeFiles/CMakeTmp'
gmake[1]: *** [Makefile:127: cmTC_c6fa5/fast] Error 2
gmake[1]: Leaving directory '/home/ajender/QemuV1/Docker/buildroot-2023.02.4/output/build/host-cmake-3.22.3/CMakeFiles/CMakeTmp'


Performing Curl Test HAVE_GETHOSTBYNAME_R_3 failed with the following output:
Change Dir: /home/ajender/QemuV1/Docker/buildroot-2023.02.4/output/build/host-cmake-3.22.3/CMakeFiles/CMakeTmp

Run Build Command(s):/usr/bin/gmake -f Makefile cmTC_9b857/fast && gmake[1]: Entering directory '/home/ajender/QemuV1/Docker/buildroot-2023.02.4/output/build/host-cmake-3.22.3/CMakeFiles/CMakeTmp'
gmake  -f CMakeFiles/cmTC_9b857.dir/build.make CMakeFiles/cmTC_9b857.dir/build
gmake[2]: Entering directory '/home/ajender/QemuV1/Docker/buildroot-2023.02.4/output/build/host-cmake-3.22.3/CMakeFiles/CMakeTmp'
Building C object CMakeFiles/cmTC_9b857.dir/CurlTests.c.o
/usr/bin/gcc   -O2 -w -DHAVE_GETHOSTBYNAME_R_3  -DHAVE_STDIO_H -DHAVE_INTTYPES_H -DHAVE_SYS_IOCTL_H -DHAVE_SYS_PARAM_H -DHAVE_SYS_POLL_H -DHAVE_SYS_RESOURCE_H -DHAVE_SYS_SELECT_H -DHAVE_SYS_SOCKET_H -DHAVE_SYS_STAT_H -DHAVE_SYS_TIME_H -DHAVE_SYS_TYPES_H -DHAVE_SYS_UIO_H -DHAVE_SYS_UN_H -DHAVE_SYS_XATTR_H -DHAVE_ALLOCA_H -DHAVE_ARPA_INET_H -DHAVE_ARPA_TFTP_H -DHAVE_ASSERT_H -DHAVE_ERRNO_H -DHAVE_FCNTL_H -DHAVE_IFADDRS_H -DHAVE_LIBGEN_H -DHAVE_LOCALE_H -DHAVE_NET_IF_H -DHAVE_NETDB_H -DHAVE_NETINET_IN_H -DHAVE_NETINET_TCP_H -DHAVE_POLL_H -DHAVE_PWD_H -DHAVE_SETJMP_H -DHAVE_SIGNAL_H -DHAVE_STDBOOL_H -DHAVE_STDINT_H -DHAVE_STDIO_H -DHAVE_STDLIB_H -DHAVE_STRING_H -DHAVE_STRINGS_H -DHAVE_TERMIO_H -DHAVE_TERMIOS_H -DHAVE_TIME_H -DHAVE_UNISTD_H -DHAVE_UTIME_H -DHAVE_STDDEF_H -DHAVE_DLFCN_H -DHAVE_MALLOC_H -DHAVE_MEMORY_H -DHAVE_NETINET_IF_ETHER_H -DHAVE_STDINT_H -DHAVE_SYS_UTSNAME_H -std=gnu11 -o CMakeFiles/cmTC_9b857.dir/CurlTests.c.o -c /home/ajender/QemuV1/Docker/buildroot-2023.02.4/output/build/host-cmake-3.22.3/Utilities/cmcurl/CMake/CurlTests.c
/home/ajender/QemuV1/Docker/buildroot-2023.02.4/output/build/host-cmake-3.22.3/Utilities/cmcurl/CMake/CurlTests.c: In function ‘main’:
/home/ajender/QemuV1/Docker/buildroot-2023.02.4/output/build/host-cmake-3.22.3/Utilities/cmcurl/CMake/CurlTests.c:97:23: error: storage size of ‘hdata’ isn’t known
   97 |   struct hostent_data hdata;
      |                       ^~~~~
/home/ajender/QemuV1/Docker/buildroot-2023.02.4/output/build/host-cmake-3.22.3/Utilities/cmcurl/CMake/CurlTests.c:109:8: error: too few arguments to function ‘gethostbyname_r’
  109 |   rc = gethostbyname_r(address, &h, &hdata);
      |        ^~~~~~~~~~~~~~~
In file included from /home/ajender/QemuV1/Docker/buildroot-2023.02.4/output/build/host-cmake-3.22.3/Utilities/cmcurl/CMake/CurlTests.c:87:
/usr/include/netdb.h:177:12: note: declared here
  177 | extern int gethostbyname_r (const char *__restrict __name,
      |            ^~~~~~~~~~~~~~~
gmake[2]: *** [CMakeFiles/cmTC_9b857.dir/build.make:78: CMakeFiles/cmTC_9b857.dir/CurlTests.c.o] Error 1
gmake[2]: Leaving directory '/home/ajender/QemuV1/Docker/buildroot-2023.02.4/output/build/host-cmake-3.22.3/CMakeFiles/CMakeTmp'
gmake[1]: *** [Makefile:127: cmTC_9b857/fast] Error 2
gmake[1]: Leaving directory '/home/ajender/QemuV1/Docker/buildroot-2023.02.4/output/build/host-cmake-3.22.3/CMakeFiles/CMakeTmp'


Performing Curl Test HAVE_GETHOSTBYNAME_R_5 failed with the following output:
Change Dir: /home/ajender/QemuV1/Docker/buildroot-2023.02.4/output/build/host-cmake-3.22.3/CMakeFiles/CMakeTmp

Run Build Command(s):/usr/bin/gmake -f Makefile cmTC_e5c60/fast && gmake[1]: Entering directory '/home/ajender/QemuV1/Docker/buildroot-2023.02.4/output/build/host-cmake-3.22.3/CMakeFiles/CMakeTmp'
gmake  -f CMakeFiles/cmTC_e5c60.dir/build.make CMakeFiles/cmTC_e5c60.dir/build
gmake[2]: Entering directory '/home/ajender/QemuV1/Docker/buildroot-2023.02.4/output/build/host-cmake-3.22.3/CMakeFiles/CMakeTmp'
Building C object CMakeFiles/cmTC_e5c60.dir/CurlTests.c.o
/usr/bin/gcc   -O2 -w -DHAVE_GETHOSTBYNAME_R_5  -DHAVE_STDIO_H -DHAVE_INTTYPES_H -DHAVE_SYS_IOCTL_H -DHAVE_SYS_PARAM_H -DHAVE_SYS_POLL_H -DHAVE_SYS_RESOURCE_H -DHAVE_SYS_SELECT_H -DHAVE_SYS_SOCKET_H -DHAVE_SYS_STAT_H -DHAVE_SYS_TIME_H -DHAVE_SYS_TYPES_H -DHAVE_SYS_UIO_H -DHAVE_SYS_UN_H -DHAVE_SYS_XATTR_H -DHAVE_ALLOCA_H -DHAVE_ARPA_INET_H -DHAVE_ARPA_TFTP_H -DHAVE_ASSERT_H -DHAVE_ERRNO_H -DHAVE_FCNTL_H -DHAVE_IFADDRS_H -DHAVE_LIBGEN_H -DHAVE_LOCALE_H -DHAVE_NET_IF_H -DHAVE_NETDB_H -DHAVE_NETINET_IN_H -DHAVE_NETINET_TCP_H -DHAVE_POLL_H -DHAVE_PWD_H -DHAVE_SETJMP_H -DHAVE_SIGNAL_H -DHAVE_STDBOOL_H -DHAVE_STDINT_H -DHAVE_STDIO_H -DHAVE_STDLIB_H -DHAVE_STRING_H -DHAVE_STRINGS_H -DHAVE_TERMIO_H -DHAVE_TERMIOS_H -DHAVE_TIME_H -DHAVE_UNISTD_H -DHAVE_UTIME_H -DHAVE_STDDEF_H -DHAVE_DLFCN_H -DHAVE_MALLOC_H -DHAVE_MEMORY_H -DHAVE_NETINET_IF_ETHER_H -DHAVE_STDINT_H -DHAVE_SYS_UTSNAME_H -std=gnu11 -o CMakeFiles/cmTC_e5c60.dir/CurlTests.c.o -c /home/ajender/QemuV1/Docker/buildroot-2023.02.4/output/build/host-cmake-3.22.3/Utilities/cmcurl/CMake/CurlTests.c
/home/ajender/QemuV1/Docker/buildroot-2023.02.4/output/build/host-cmake-3.22.3/Utilities/cmcurl/CMake/CurlTests.c: In function ‘main’:
/home/ajender/QemuV1/Docker/buildroot-2023.02.4/output/build/host-cmake-3.22.3/Utilities/cmcurl/CMake/CurlTests.c:112:8: error: too few arguments to function ‘gethostbyname_r’
  112 |   rc = gethostbyname_r(address, &h, buffer, 8192, &h_errnop);
      |        ^~~~~~~~~~~~~~~
In file included from /home/ajender/QemuV1/Docker/buildroot-2023.02.4/output/build/host-cmake-3.22.3/Utilities/cmcurl/CMake/CurlTests.c:87:
/usr/include/netdb.h:177:12: note: declared here
  177 | extern int gethostbyname_r (const char *__restrict __name,
      |            ^~~~~~~~~~~~~~~
gmake[2]: *** [CMakeFiles/cmTC_e5c60.dir/build.make:78: CMakeFiles/cmTC_e5c60.dir/CurlTests.c.o] Error 1
gmake[2]: Leaving directory '/home/ajender/QemuV1/Docker/buildroot-2023.02.4/output/build/host-cmake-3.22.3/CMakeFiles/CMakeTmp'
gmake[1]: *** [Makefile:127: cmTC_e5c60/fast] Error 2
gmake[1]: Leaving directory '/home/ajender/QemuV1/Docker/buildroot-2023.02.4/output/build/host-cmake-3.22.3/CMakeFiles/CMakeTmp'


Performing Curl Test HAVE_GETHOSTBYNAME_R_3_REENTRANT failed with the following output:
Change Dir: /home/ajender/QemuV1/Docker/buildroot-2023.02.4/output/build/host-cmake-3.22.3/CMakeFiles/CMakeTmp

Run Build Command(s):/usr/bin/gmake -f Makefile cmTC_ebd83/fast && gmake[1]: Entering directory '/home/ajender/QemuV1/Docker/buildroot-2023.02.4/output/build/host-cmake-3.22.3/CMakeFiles/CMakeTmp'
gmake  -f CMakeFiles/cmTC_ebd83.dir/build.make CMakeFiles/cmTC_ebd83.dir/build
gmake[2]: Entering directory '/home/ajender/QemuV1/Docker/buildroot-2023.02.4/output/build/host-cmake-3.22.3/CMakeFiles/CMakeTmp'
Building C object CMakeFiles/cmTC_ebd83.dir/CurlTests.c.o
/usr/bin/gcc   -O2 -w -DHAVE_GETHOSTBYNAME_R_3_REENTRANT  -DHAVE_STDIO_H -DHAVE_INTTYPES_H -DHAVE_SYS_IOCTL_H -DHAVE_SYS_PARAM_H -DHAVE_SYS_POLL_H -DHAVE_SYS_RESOURCE_H -DHAVE_SYS_SELECT_H -DHAVE_SYS_SOCKET_H -DHAVE_SYS_STAT_H -DHAVE_SYS_TIME_H -DHAVE_SYS_TYPES_H -DHAVE_SYS_UIO_H -DHAVE_SYS_UN_H -DHAVE_SYS_XATTR_H -DHAVE_ALLOCA_H -DHAVE_ARPA_INET_H -DHAVE_ARPA_TFTP_H -DHAVE_ASSERT_H -DHAVE_ERRNO_H -DHAVE_FCNTL_H -DHAVE_IFADDRS_H -DHAVE_LIBGEN_H -DHAVE_LOCALE_H -DHAVE_NET_IF_H -DHAVE_NETDB_H -DHAVE_NETINET_IN_H -DHAVE_NETINET_TCP_H -DHAVE_POLL_H -DHAVE_PWD_H -DHAVE_SETJMP_H -DHAVE_SIGNAL_H -DHAVE_STDBOOL_H -DHAVE_STDINT_H -DHAVE_STDIO_H -DHAVE_STDLIB_H -DHAVE_STRING_H -DHAVE_STRINGS_H -DHAVE_TERMIO_H -DHAVE_TERMIOS_H -DHAVE_TIME_H -DHAVE_UNISTD_H -DHAVE_UTIME_H -DHAVE_STDDEF_H -DHAVE_DLFCN_H -DHAVE_MALLOC_H -DHAVE_MEMORY_H -DHAVE_NETINET_IF_ETHER_H -DHAVE_STDINT_H -DHAVE_SYS_UTSNAME_H -std=gnu11 -o CMakeFiles/cmTC_ebd83.dir/CurlTests.c.o -c /home/ajender/QemuV1/Docker/buildroot-2023.02.4/output/build/host-cmake-3.22.3/Utilities/cmcurl/CMake/CurlTests.c
/home/ajender/QemuV1/Docker/buildroot-2023.02.4/output/build/host-cmake-3.22.3/Utilities/cmcurl/CMake/CurlTests.c: In function ‘main’:
/home/ajender/QemuV1/Docker/buildroot-2023.02.4/output/build/host-cmake-3.22.3/Utilities/cmcurl/CMake/CurlTests.c:97:23: error: storage size of ‘hdata’ isn’t known
   97 |   struct hostent_data hdata;
      |                       ^~~~~
/home/ajender/QemuV1/Docker/buildroot-2023.02.4/output/build/host-cmake-3.22.3/Utilities/cmcurl/CMake/CurlTests.c:109:8: error: too few arguments to function ‘gethostbyname_r’
  109 |   rc = gethostbyname_r(address, &h, &hdata);
      |        ^~~~~~~~~~~~~~~
In file included from /home/ajender/QemuV1/Docker/buildroot-2023.02.4/output/build/host-cmake-3.22.3/Utilities/cmcurl/CMake/CurlTests.c:87:
/usr/include/netdb.h:177:12: note: declared here
  177 | extern int gethostbyname_r (const char *__restrict __name,
      |            ^~~~~~~~~~~~~~~
gmake[2]: *** [CMakeFiles/cmTC_ebd83.dir/build.make:78: CMakeFiles/cmTC_ebd83.dir/CurlTests.c.o] Error 1
gmake[2]: Leaving directory '/home/ajender/QemuV1/Docker/buildroot-2023.02.4/output/build/host-cmake-3.22.3/CMakeFiles/CMakeTmp'
gmake[1]: *** [Makefile:127: cmTC_ebd83/fast] Error 2
gmake[1]: Leaving directory '/home/ajender/QemuV1/Docker/buildroot-2023.02.4/output/build/host-cmake-3.22.3/CMakeFiles/CMakeTmp'


Performing Curl Test HAVE_GETHOSTBYNAME_R_5_REENTRANT failed with the following output:
Change Dir: /home/ajender/QemuV1/Docker/buildroot-2023.02.4/output/build/host-cmake-3.22.3/CMakeFiles/CMakeTmp

Run Build Command(s):/usr/bin/gmake -f Makefile cmTC_35a67/fast && gmake[1]: Entering directory '/home/ajender/QemuV1/Docker/buildroot-2023.02.4/output/build/host-cmake-3.22.3/CMakeFiles/CMakeTmp'
gmake  -f CMakeFiles/cmTC_35a67.dir/build.make CMakeFiles/cmTC_35a67.dir/build
gmake[2]: Entering directory '/home/ajender/QemuV1/Docker/buildroot-2023.02.4/output/build/host-cmake-3.22.3/CMakeFiles/CMakeTmp'
Building C object CMakeFiles/cmTC_35a67.dir/CurlTests.c.o
/usr/bin/gcc   -O2 -w -DHAVE_GETHOSTBYNAME_R_5_REENTRANT  -DHAVE_STDIO_H -DHAVE_INTTYPES_H -DHAVE_SYS_IOCTL_H -DHAVE_SYS_PARAM_H -DHAVE_SYS_POLL_H -DHAVE_SYS_RESOURCE_H -DHAVE_SYS_SELECT_H -DHAVE_SYS_SOCKET_H -DHAVE_SYS_STAT_H -DHAVE_SYS_TIME_H -DHAVE_SYS_TYPES_H -DHAVE_SYS_UIO_H -DHAVE_SYS_UN_H -DHAVE_SYS_XATTR_H -DHAVE_ALLOCA_H -DHAVE_ARPA_INET_H -DHAVE_ARPA_TFTP_H -DHAVE_ASSERT_H -DHAVE_ERRNO_H -DHAVE_FCNTL_H -DHAVE_IFADDRS_H -DHAVE_LIBGEN_H -DHAVE_LOCALE_H -DHAVE_NET_IF_H -DHAVE_NETDB_H -DHAVE_NETINET_IN_H -DHAVE_NETINET_TCP_H -DHAVE_POLL_H -DHAVE_PWD_H -DHAVE_SETJMP_H -DHAVE_SIGNAL_H -DHAVE_STDBOOL_H -DHAVE_STDINT_H -DHAVE_STDIO_H -DHAVE_STDLIB_H -DHAVE_STRING_H -DHAVE_STRINGS_H -DHAVE_TERMIO_H -DHAVE_TERMIOS_H -DHAVE_TIME_H -DHAVE_UNISTD_H -DHAVE_UTIME_H -DHAVE_STDDEF_H -DHAVE_DLFCN_H -DHAVE_MALLOC_H -DHAVE_MEMORY_H -DHAVE_NETINET_IF_ETHER_H -DHAVE_STDINT_H -DHAVE_SYS_UTSNAME_H -std=gnu11 -o CMakeFiles/cmTC_35a67.dir/CurlTests.c.o -c /home/ajender/QemuV1/Docker/buildroot-2023.02.4/output/build/host-cmake-3.22.3/Utilities/cmcurl/CMake/CurlTests.c
/home/ajender/QemuV1/Docker/buildroot-2023.02.4/output/build/host-cmake-3.22.3/Utilities/cmcurl/CMake/CurlTests.c: In function ‘main’:
/home/ajender/QemuV1/Docker/buildroot-2023.02.4/output/build/host-cmake-3.22.3/Utilities/cmcurl/CMake/CurlTests.c:112:8: error: too few arguments to function ‘gethostbyname_r’
  112 |   rc = gethostbyname_r(address, &h, buffer, 8192, &h_errnop);
      |        ^~~~~~~~~~~~~~~
In file included from /home/ajender/QemuV1/Docker/buildroot-2023.02.4/output/build/host-cmake-3.22.3/Utilities/cmcurl/CMake/CurlTests.c:87:
/usr/include/netdb.h:177:12: note: declared here
  177 | extern int gethostbyname_r (const char *__restrict __name,
      |            ^~~~~~~~~~~~~~~
gmake[2]: *** [CMakeFiles/cmTC_35a67.dir/build.make:78: CMakeFiles/cmTC_35a67.dir/CurlTests.c.o] Error 1
gmake[2]: Leaving directory '/home/ajender/QemuV1/Docker/buildroot-2023.02.4/output/build/host-cmake-3.22.3/CMakeFiles/CMakeTmp'
gmake[1]: *** [Makefile:127: cmTC_35a67/fast] Error 2
gmake[1]: Leaving directory '/home/ajender/QemuV1/Docker/buildroot-2023.02.4/output/build/host-cmake-3.22.3/CMakeFiles/CMakeTmp'


Performing Curl Test HAVE_GLIBC_STRERROR_R failed with the following output:
Change Dir: /home/ajender/QemuV1/Docker/buildroot-2023.02.4/output/build/host-cmake-3.22.3/CMakeFiles/CMakeTmp

Run Build Command(s):/usr/bin/gmake -f Makefile cmTC_a99ac/fast && gmake[1]: Entering directory '/home/ajender/QemuV1/Docker/buildroot-2023.02.4/output/build/host-cmake-3.22.3/CMakeFiles/CMakeTmp'
gmake  -f CMakeFiles/cmTC_a99ac.dir/build.make CMakeFiles/cmTC_a99ac.dir/build
gmake[2]: Entering directory '/home/ajender/QemuV1/Docker/buildroot-2023.02.4/output/build/host-cmake-3.22.3/CMakeFiles/CMakeTmp'
Building C object CMakeFiles/cmTC_a99ac.dir/CurlTests.c.o
/usr/bin/gcc   -O2 -w -DHAVE_GLIBC_STRERROR_R  -DHAVE_STDIO_H -DHAVE_INTTYPES_H -DHAVE_SYS_IOCTL_H -DHAVE_SYS_PARAM_H -DHAVE_SYS_POLL_H -DHAVE_SYS_RESOURCE_H -DHAVE_SYS_SELECT_H -DHAVE_SYS_SOCKET_H -DHAVE_SYS_STAT_H -DHAVE_SYS_TIME_H -DHAVE_SYS_TYPES_H -DHAVE_SYS_UIO_H -DHAVE_SYS_UN_H -DHAVE_SYS_XATTR_H -DHAVE_ALLOCA_H -DHAVE_ARPA_INET_H -DHAVE_ARPA_TFTP_H -DHAVE_ASSERT_H -DHAVE_ERRNO_H -DHAVE_FCNTL_H -DHAVE_IFADDRS_H -DHAVE_LIBGEN_H -DHAVE_LOCALE_H -DHAVE_NET_IF_H -DHAVE_NETDB_H -DHAVE_NETINET_IN_H -DHAVE_NETINET_TCP_H -DHAVE_POLL_H -DHAVE_PWD_H -DHAVE_SETJMP_H -DHAVE_SIGNAL_H -DHAVE_STDBOOL_H -DHAVE_STDINT_H -DHAVE_STDIO_H -DHAVE_STDLIB_H -DHAVE_STRING_H -DHAVE_STRINGS_H -DHAVE_TERMIO_H -DHAVE_TERMIOS_H -DHAVE_TIME_H -DHAVE_UNISTD_H -DHAVE_UTIME_H -DHAVE_STDDEF_H -DHAVE_DLFCN_H -DHAVE_MALLOC_H -DHAVE_MEMORY_H -DHAVE_NETINET_IF_ETHER_H -DHAVE_STDINT_H -DHAVE_SYS_UTSNAME_H -std=gnu11 -o CMakeFiles/cmTC_a99ac.dir/CurlTests.c.o -c /home/ajender/QemuV1/Docker/buildroot-2023.02.4/output/build/host-cmake-3.22.3/Utilities/cmcurl/CMake/CurlTests.c
/home/ajender/QemuV1/Docker/buildroot-2023.02.4/output/build/host-cmake-3.22.3/Utilities/cmcurl/CMake/CurlTests.c: In function ‘main’:
/home/ajender/QemuV1/Docker/buildroot-2023.02.4/output/build/host-cmake-3.22.3/Utilities/cmcurl/CMake/CurlTests.c:440:51: error: subscripted value is neither array nor pointer nor vector
  440 |   check(strerror_r(EACCES, buffer, sizeof(buffer))[0]);
      |                                                   ^
gmake[2]: *** [CMakeFiles/cmTC_a99ac.dir/build.make:78: CMakeFiles/cmTC_a99ac.dir/CurlTests.c.o] Error 1
gmake[2]: Leaving directory '/home/ajender/QemuV1/Docker/buildroot-2023.02.4/output/build/host-cmake-3.22.3/CMakeFiles/CMakeTmp'
gmake[1]: *** [Makefile:127: cmTC_a99ac/fast] Error 2
gmake[1]: Leaving directory '/home/ajender/QemuV1/Docker/buildroot-2023.02.4/output/build/host-cmake-3.22.3/CMakeFiles/CMakeTmp'


Performing Curl Test HAVE_BUILTIN_AVAILABLE failed with the following output:
Change Dir: /home/ajender/QemuV1/Docker/buildroot-2023.02.4/output/build/host-cmake-3.22.3/CMakeFiles/CMakeTmp

Run Build Command(s):/usr/bin/gmake -f Makefile cmTC_5b8e1/fast && gmake[1]: Entering directory '/home/ajender/QemuV1/Docker/buildroot-2023.02.4/output/build/host-cmake-3.22.3/CMakeFiles/CMakeTmp'
gmake  -f CMakeFiles/cmTC_5b8e1.dir/build.make CMakeFiles/cmTC_5b8e1.dir/build
gmake[2]: Entering directory '/home/ajender/QemuV1/Docker/buildroot-2023.02.4/output/build/host-cmake-3.22.3/CMakeFiles/CMakeTmp'
Building C object CMakeFiles/cmTC_5b8e1.dir/CurlTests.c.o
/usr/bin/gcc   -O2 -w -DHAVE_BUILTIN_AVAILABLE  -DHAVE_STDIO_H -DHAVE_INTTYPES_H -DHAVE_SYS_IOCTL_H -DHAVE_SYS_PARAM_H -DHAVE_SYS_POLL_H -DHAVE_SYS_RESOURCE_H -DHAVE_SYS_SELECT_H -DHAVE_SYS_SOCKET_H -DHAVE_SYS_STAT_H -DHAVE_SYS_TIME_H -DHAVE_SYS_TYPES_H -DHAVE_SYS_UIO_H -DHAVE_SYS_UN_H -DHAVE_SYS_XATTR_H -DHAVE_ALLOCA_H -DHAVE_ARPA_INET_H -DHAVE_ARPA_TFTP_H -DHAVE_ASSERT_H -DHAVE_ERRNO_H -DHAVE_FCNTL_H -DHAVE_IFADDRS_H -DHAVE_LIBGEN_H -DHAVE_LOCALE_H -DHAVE_NET_IF_H -DHAVE_NETDB_H -DHAVE_NETINET_IN_H -DHAVE_NETINET_TCP_H -DHAVE_POLL_H -DHAVE_PWD_H -DHAVE_SETJMP_H -DHAVE_SIGNAL_H -DHAVE_STDBOOL_H -DHAVE_STDINT_H -DHAVE_STDIO_H -DHAVE_STDLIB_H -DHAVE_STRING_H -DHAVE_STRINGS_H -DHAVE_TERMIO_H -DHAVE_TERMIOS_H -DHAVE_TIME_H -DHAVE_UNISTD_H -DHAVE_UTIME_H -DHAVE_STDDEF_H -DHAVE_DLFCN_H -DHAVE_MALLOC_H -DHAVE_MEMORY_H -DHAVE_NETINET_IF_ETHER_H -DHAVE_STDINT_H -DHAVE_SYS_UTSNAME_H -std=gnu11 -o CMakeFiles/cmTC_5b8e1.dir/CurlTests.c.o -c /home/ajender/QemuV1/Docker/buildroot-2023.02.4/output/build/host-cmake-3.22.3/Utilities/cmcurl/CMake/CurlTests.c
/home/ajender/QemuV1/Docker/buildroot-2023.02.4/output/build/host-cmake-3.22.3/Utilities/cmcurl/CMake/CurlTests.c: In function ‘main’:
/home/ajender/QemuV1/Docker/buildroot-2023.02.4/output/build/host-cmake-3.22.3/Utilities/cmcurl/CMake/CurlTests.c:487:26: error: ‘macOS’ undeclared (first use in this function)
  487 |   if(__builtin_available(macOS 10.12, *)) {}
      |                          ^~~~~
/home/ajender/QemuV1/Docker/buildroot-2023.02.4/output/build/host-cmake-3.22.3/Utilities/cmcurl/CMake/CurlTests.c:487:26: note: each undeclared identifier is reported only once for each function it appears in
/home/ajender/QemuV1/Docker/buildroot-2023.02.4/output/build/host-cmake-3.22.3/Utilities/cmcurl/CMake/CurlTests.c:487:31: error: expected ‘)’ before numeric constant
  487 |   if(__builtin_available(macOS 10.12, *)) {}
      |                         ~     ^~~~~~
      |                               )
gmake[2]: *** [CMakeFiles/cmTC_5b8e1.dir/build.make:78: CMakeFiles/cmTC_5b8e1.dir/CurlTests.c.o] Error 1
gmake[2]: Leaving directory '/home/ajender/QemuV1/Docker/buildroot-2023.02.4/output/build/host-cmake-3.22.3/CMakeFiles/CMakeTmp'
gmake[1]: *** [Makefile:127: cmTC_5b8e1/fast] Error 2
gmake[1]: Leaving directory '/home/ajender/QemuV1/Docker/buildroot-2023.02.4/output/build/host-cmake-3.22.3/CMakeFiles/CMakeTmp'


Determining if the arc4random_buf exist failed with the following output:
Change Dir: /home/ajender/QemuV1/Docker/buildroot-2023.02.4/output/build/host-cmake-3.22.3/CMakeFiles/CMakeTmp

Run Build Command(s):/usr/bin/gmake -f Makefile cmTC_19ee9/fast && gmake[1]: Entering directory '/home/ajender/QemuV1/Docker/buildroot-2023.02.4/output/build/host-cmake-3.22.3/CMakeFiles/CMakeTmp'
gmake  -f CMakeFiles/cmTC_19ee9.dir/build.make CMakeFiles/cmTC_19ee9.dir/build
gmake[2]: Entering directory '/home/ajender/QemuV1/Docker/buildroot-2023.02.4/output/build/host-cmake-3.22.3/CMakeFiles/CMakeTmp'
Building C object CMakeFiles/cmTC_19ee9.dir/CheckSymbolExists.c.o
/usr/bin/gcc   -O2 -w  -std=gnu11 -o CMakeFiles/cmTC_19ee9.dir/CheckSymbolExists.c.o -c /home/ajender/QemuV1/Docker/buildroot-2023.02.4/output/build/host-cmake-3.22.3/CMakeFiles/CMakeTmp/CheckSymbolExists.c
/home/ajender/QemuV1/Docker/buildroot-2023.02.4/output/build/host-cmake-3.22.3/CMakeFiles/CMakeTmp/CheckSymbolExists.c: In function ‘main’:
/home/ajender/QemuV1/Docker/buildroot-2023.02.4/output/build/host-cmake-3.22.3/CMakeFiles/CMakeTmp/CheckSymbolExists.c:8:19: error: ‘arc4random_buf’ undeclared (first use in this function)
    8 |   return ((int*)(&arc4random_buf))[argc];
      |                   ^~~~~~~~~~~~~~
/home/ajender/QemuV1/Docker/buildroot-2023.02.4/output/build/host-cmake-3.22.3/CMakeFiles/CMakeTmp/CheckSymbolExists.c:8:19: note: each undeclared identifier is reported only once for each function it appears in
gmake[2]: *** [CMakeFiles/cmTC_19ee9.dir/build.make:78: CMakeFiles/cmTC_19ee9.dir/CheckSymbolExists.c.o] Error 1
gmake[2]: Leaving directory '/home/ajender/QemuV1/Docker/buildroot-2023.02.4/output/build/host-cmake-3.22.3/CMakeFiles/CMakeTmp'
gmake[1]: *** [Makefile:127: cmTC_19ee9/fast] Error 2
gmake[1]: Leaving directory '/home/ajender/QemuV1/Docker/buildroot-2023.02.4/output/build/host-cmake-3.22.3/CMakeFiles/CMakeTmp'


File /home/ajender/QemuV1/Docker/buildroot-2023.02.4/output/build/host-cmake-3.22.3/CMakeFiles/CMakeTmp/CheckSymbolExists.c:
/* */
#include <stdlib.h>

int main(int argc, char** argv)
{
  (void)argv;
#ifndef arc4random_buf
  return ((int*)(&arc4random_buf))[argc];
#else
  (void)argc;
  return 0;
#endif
}
Determining if the arc4random exist failed with the following output:
Change Dir: /home/ajender/QemuV1/Docker/buildroot-2023.02.4/output/build/host-cmake-3.22.3/CMakeFiles/CMakeTmp

Run Build Command(s):/usr/bin/gmake -f Makefile cmTC_ffc5c/fast && gmake[1]: Entering directory '/home/ajender/QemuV1/Docker/buildroot-2023.02.4/output/build/host-cmake-3.22.3/CMakeFiles/CMakeTmp'
gmake  -f CMakeFiles/cmTC_ffc5c.dir/build.make CMakeFiles/cmTC_ffc5c.dir/build
gmake[2]: Entering directory '/home/ajender/QemuV1/Docker/buildroot-2023.02.4/output/build/host-cmake-3.22.3/CMakeFiles/CMakeTmp'
Building C object CMakeFiles/cmTC_ffc5c.dir/CheckSymbolExists.c.o
/usr/bin/gcc   -O2 -w  -std=gnu11 -o CMakeFiles/cmTC_ffc5c.dir/CheckSymbolExists.c.o -c /home/ajender/QemuV1/Docker/buildroot-2023.02.4/output/build/host-cmake-3.22.3/CMakeFiles/CMakeTmp/CheckSymbolExists.c
/home/ajender/QemuV1/Docker/buildroot-2023.02.4/output/build/host-cmake-3.22.3/CMakeFiles/CMakeTmp/CheckSymbolExists.c: In function ‘main’:
/home/ajender/QemuV1/Docker/buildroot-2023.02.4/output/build/host-cmake-3.22.3/CMakeFiles/CMakeTmp/CheckSymbolExists.c:8:19: error: ‘arc4random’ undeclared (first use in this function); did you mean ‘srandom’?
    8 |   return ((int*)(&arc4random))[argc];
      |                   ^~~~~~~~~~
      |                   srandom
/home/ajender/QemuV1/Docker/buildroot-2023.02.4/output/build/host-cmake-3.22.3/CMakeFiles/CMakeTmp/CheckSymbolExists.c:8:19: note: each undeclared identifier is reported only once for each function it appears in
gmake[2]: *** [CMakeFiles/cmTC_ffc5c.dir/build.make:78: CMakeFiles/cmTC_ffc5c.dir/CheckSymbolExists.c.o] Error 1
gmake[2]: Leaving directory '/home/ajender/QemuV1/Docker/buildroot-2023.02.4/output/build/host-cmake-3.22.3/CMakeFiles/CMakeTmp'
gmake[1]: *** [Makefile:127: cmTC_ffc5c/fast] Error 2
gmake[1]: Leaving directory '/home/ajender/QemuV1/Docker/buildroot-2023.02.4/output/build/host-cmake-3.22.3/CMakeFiles/CMakeTmp'


File /home/ajender/QemuV1/Docker/buildroot-2023.02.4/output/build/host-cmake-3.22.3/CMakeFiles/CMakeTmp/CheckSymbolExists.c:
/* */
#include <stdlib.h>

int main(int argc, char** argv)
{
  (void)argv;
#ifndef arc4random
  return ((int*)(&arc4random))[argc];
#else
  (void)argc;
  return 0;
#endif
}
Determining if the include file sys/sysctl.h exists failed with the following output:
Change Dir: /home/ajender/QemuV1/Docker/buildroot-2023.02.4/output/build/host-cmake-3.22.3/CMakeFiles/CMakeTmp

Run Build Command(s):/usr/bin/gmake -f Makefile cmTC_00906/fast && gmake[1]: Entering directory '/home/ajender/QemuV1/Docker/buildroot-2023.02.4/output/build/host-cmake-3.22.3/CMakeFiles/CMakeTmp'
gmake  -f CMakeFiles/cmTC_00906.dir/build.make CMakeFiles/cmTC_00906.dir/build
gmake[2]: Entering directory '/home/ajender/QemuV1/Docker/buildroot-2023.02.4/output/build/host-cmake-3.22.3/CMakeFiles/CMakeTmp'
Building C object CMakeFiles/cmTC_00906.dir/CheckIncludeFile.c.o
/usr/bin/gcc   -O2  -std=gnu11 -o CMakeFiles/cmTC_00906.dir/CheckIncludeFile.c.o -c /home/ajender/QemuV1/Docker/buildroot-2023.02.4/output/build/host-cmake-3.22.3/CMakeFiles/CMakeTmp/CheckIncludeFile.c
/home/ajender/QemuV1/Docker/buildroot-2023.02.4/output/build/host-cmake-3.22.3/CMakeFiles/CMakeTmp/CheckIncludeFile.c:1:10: fatal error: sys/sysctl.h: No such file or directory
    1 | #include <sys/sysctl.h>
      |          ^~~~~~~~~~~~~~
compilation terminated.
gmake[2]: *** [CMakeFiles/cmTC_00906.dir/build.make:78: CMakeFiles/cmTC_00906.dir/CheckIncludeFile.c.o] Error 1
gmake[2]: Leaving directory '/home/ajender/QemuV1/Docker/buildroot-2023.02.4/output/build/host-cmake-3.22.3/CMakeFiles/CMakeTmp'
gmake[1]: *** [Makefile:127: cmTC_00906/fast] Error 2
gmake[1]: Leaving directory '/home/ajender/QemuV1/Docker/buildroot-2023.02.4/output/build/host-cmake-3.22.3/CMakeFiles/CMakeTmp'



Determining if files sys/types.h;ctype.h;copyfile.h exist failed with the following output:
Change Dir: /home/ajender/QemuV1/Docker/buildroot-2023.02.4/output/build/host-cmake-3.22.3/CMakeFiles/CMakeTmp

Run Build Command(s):/usr/bin/gmake -f Makefile cmTC_522dc/fast && gmake[1]: Entering directory '/home/ajender/QemuV1/Docker/buildroot-2023.02.4/output/build/host-cmake-3.22.3/CMakeFiles/CMakeTmp'
gmake  -f CMakeFiles/cmTC_522dc.dir/build.make CMakeFiles/cmTC_522dc.dir/build
gmake[2]: Entering directory '/home/ajender/QemuV1/Docker/buildroot-2023.02.4/output/build/host-cmake-3.22.3/CMakeFiles/CMakeTmp'
Building C object CMakeFiles/cmTC_522dc.dir/HAVE_COPYFILE_H.c.o
/usr/bin/gcc   -O2 -w  -std=gnu11 -o CMakeFiles/cmTC_522dc.dir/HAVE_COPYFILE_H.c.o -c /home/ajender/QemuV1/Docker/buildroot-2023.02.4/output/build/host-cmake-3.22.3/CMakeFiles/CheckIncludeFiles/HAVE_COPYFILE_H.c
/home/ajender/QemuV1/Docker/buildroot-2023.02.4/output/build/host-cmake-3.22.3/CMakeFiles/CheckIncludeFiles/HAVE_COPYFILE_H.c:4:10: fatal error: copyfile.h: No such file or directory
    4 | #include <copyfile.h>
      |          ^~~~~~~~~~~~
compilation terminated.
gmake[2]: *** [CMakeFiles/cmTC_522dc.dir/build.make:78: CMakeFiles/cmTC_522dc.dir/HAVE_COPYFILE_H.c.o] Error 1
gmake[2]: Leaving directory '/home/ajender/QemuV1/Docker/buildroot-2023.02.4/output/build/host-cmake-3.22.3/CMakeFiles/CMakeTmp'
gmake[1]: *** [Makefile:127: cmTC_522dc/fast] Error 2
gmake[1]: Leaving directory '/home/ajender/QemuV1/Docker/buildroot-2023.02.4/output/build/host-cmake-3.22.3/CMakeFiles/CMakeTmp'


Source:
/* */
#include <sys/types.h>
#include <ctype.h>
#include <copyfile.h>


int main(void){return 0;}

Determining if files sys/types.h;ctype.h;direct.h exist failed with the following output:
Change Dir: /home/ajender/QemuV1/Docker/buildroot-2023.02.4/output/build/host-cmake-3.22.3/CMakeFiles/CMakeTmp

Run Build Command(s):/usr/bin/gmake -f Makefile cmTC_02d1a/fast && gmake[1]: Entering directory '/home/ajender/QemuV1/Docker/buildroot-2023.02.4/output/build/host-cmake-3.22.3/CMakeFiles/CMakeTmp'
gmake  -f CMakeFiles/cmTC_02d1a.dir/build.make CMakeFiles/cmTC_02d1a.dir/build
gmake[2]: Entering directory '/home/ajender/QemuV1/Docker/buildroot-2023.02.4/output/build/host-cmake-3.22.3/CMakeFiles/CMakeTmp'
Building C object CMakeFiles/cmTC_02d1a.dir/HAVE_DIRECT_H.c.o
/usr/bin/gcc   -O2 -w  -std=gnu11 -o CMakeFiles/cmTC_02d1a.dir/HAVE_DIRECT_H.c.o -c /home/ajender/QemuV1/Docker/buildroot-2023.02.4/output/build/host-cmake-3.22.3/CMakeFiles/CheckIncludeFiles/HAVE_DIRECT_H.c
/home/ajender/QemuV1/Docker/buildroot-2023.02.4/output/build/host-cmake-3.22.3/CMakeFiles/CheckIncludeFiles/HAVE_DIRECT_H.c:4:10: fatal error: direct.h: No such file or directory
    4 | #include <direct.h>
      |          ^~~~~~~~~~
compilation terminated.
gmake[2]: *** [CMakeFiles/cmTC_02d1a.dir/build.make:78: CMakeFiles/cmTC_02d1a.dir/HAVE_DIRECT_H.c.o] Error 1
gmake[2]: Leaving directory '/home/ajender/QemuV1/Docker/buildroot-2023.02.4/output/build/host-cmake-3.22.3/CMakeFiles/CMakeTmp'
gmake[1]: *** [Makefile:127: cmTC_02d1a/fast] Error 2
gmake[1]: Leaving directory '/home/ajender/QemuV1/Docker/buildroot-2023.02.4/output/build/host-cmake-3.22.3/CMakeFiles/CMakeTmp'


Source:
/* */
#include <sys/types.h>
#include <ctype.h>
#include <direct.h>


int main(void){return 0;}

Determining if files sys/types.h;ctype.h;dlfcn.h;errno.h;ext2fs/ext2_fs.h exist failed with the following output:
Change Dir: /home/ajender/QemuV1/Docker/buildroot-2023.02.4/output/build/host-cmake-3.22.3/CMakeFiles/CMakeTmp

Run Build Command(s):/usr/bin/gmake -f Makefile cmTC_04fb5/fast && gmake[1]: Entering directory '/home/ajender/QemuV1/Docker/buildroot-2023.02.4/output/build/host-cmake-3.22.3/CMakeFiles/CMakeTmp'
gmake  -f CMakeFiles/cmTC_04fb5.dir/build.make CMakeFiles/cmTC_04fb5.dir/build
gmake[2]: Entering directory '/home/ajender/QemuV1/Docker/buildroot-2023.02.4/output/build/host-cmake-3.22.3/CMakeFiles/CMakeTmp'
Building C object CMakeFiles/cmTC_04fb5.dir/HAVE_EXT2FS_EXT2_FS_H.c.o
/usr/bin/gcc   -O2 -w  -std=gnu11 -o CMakeFiles/cmTC_04fb5.dir/HAVE_EXT2FS_EXT2_FS_H.c.o -c /home/ajender/QemuV1/Docker/buildroot-2023.02.4/output/build/host-cmake-3.22.3/CMakeFiles/CheckIncludeFiles/HAVE_EXT2FS_EXT2_FS_H.c
/home/ajender/QemuV1/Docker/buildroot-2023.02.4/output/build/host-cmake-3.22.3/CMakeFiles/CheckIncludeFiles/HAVE_EXT2FS_EXT2_FS_H.c:6:10: fatal error: ext2fs/ext2_fs.h: No such file or directory
    6 | #include <ext2fs/ext2_fs.h>
      |          ^~~~~~~~~~~~~~~~~~
compilation terminated.
gmake[2]: *** [CMakeFiles/cmTC_04fb5.dir/build.make:78: CMakeFiles/cmTC_04fb5.dir/HAVE_EXT2FS_EXT2_FS_H.c.o] Error 1
gmake[2]: Leaving directory '/home/ajender/QemuV1/Docker/buildroot-2023.02.4/output/build/host-cmake-3.22.3/CMakeFiles/CMakeTmp'
gmake[1]: *** [Makefile:127: cmTC_04fb5/fast] Error 2
gmake[1]: Leaving directory '/home/ajender/QemuV1/Docker/buildroot-2023.02.4/output/build/host-cmake-3.22.3/CMakeFiles/CMakeTmp'


Source:
/* */
#include <sys/types.h>
#include <ctype.h>
#include <dlfcn.h>
#include <errno.h>
#include <ext2fs/ext2_fs.h>


int main(void){return 0;}

Performing C SOURCE FILE Test HAVE_WORKING_EXT2_IOC_GETFLAGS failed with the following output:
Change Dir: /home/ajender/QemuV1/Docker/buildroot-2023.02.4/output/build/host-cmake-3.22.3/CMakeFiles/CMakeTmp

Run Build Command(s):/usr/bin/gmake -f Makefile cmTC_01fea/fast && gmake[1]: Entering directory '/home/ajender/QemuV1/Docker/buildroot-2023.02.4/output/build/host-cmake-3.22.3/CMakeFiles/CMakeTmp'
gmake  -f CMakeFiles/cmTC_01fea.dir/build.make CMakeFiles/cmTC_01fea.dir/build
gmake[2]: Entering directory '/home/ajender/QemuV1/Docker/buildroot-2023.02.4/output/build/host-cmake-3.22.3/CMakeFiles/CMakeTmp'
Building C object CMakeFiles/cmTC_01fea.dir/src.c.o
/usr/bin/gcc -DHAVE_WORKING_EXT2_IOC_GETFLAGS  -O2 -w  -std=gnu11 -o CMakeFiles/cmTC_01fea.dir/src.c.o -c /home/ajender/QemuV1/Docker/buildroot-2023.02.4/output/build/host-cmake-3.22.3/CMakeFiles/CMakeTmp/src.c
/home/ajender/QemuV1/Docker/buildroot-2023.02.4/output/build/host-cmake-3.22.3/CMakeFiles/CMakeTmp/src.c:2:10: fatal error: ext2fs/ext2_fs.h: No such file or directory
    2 | #include <ext2fs/ext2_fs.h>
      |          ^~~~~~~~~~~~~~~~~~
compilation terminated.
gmake[2]: *** [CMakeFiles/cmTC_01fea.dir/build.make:78: CMakeFiles/cmTC_01fea.dir/src.c.o] Error 1
gmake[2]: Leaving directory '/home/ajender/QemuV1/Docker/buildroot-2023.02.4/output/build/host-cmake-3.22.3/CMakeFiles/CMakeTmp'
gmake[1]: *** [Makefile:127: cmTC_01fea/fast] Error 2
gmake[1]: Leaving directory '/home/ajender/QemuV1/Docker/buildroot-2023.02.4/output/build/host-cmake-3.22.3/CMakeFiles/CMakeTmp'


Source file was:
#include <sys/ioctl.h>
#include <ext2fs/ext2_fs.h>
int main(void) { return EXT2_IOC_GETFLAGS; }
Determining if files sys/types.h;ctype.h;dlfcn.h;errno.h;fcntl.h;grp.h;langinfo.h;limits.h;linux/types.h;linux/fiemap.h;linux/fs.h;linux/magic.h;locale.h;membership.h exist failed with the following output:
Change Dir: /home/ajender/QemuV1/Docker/buildroot-2023.02.4/output/build/host-cmake-3.22.3/CMakeFiles/CMakeTmp

Run Build Command(s):/usr/bin/gmake -f Makefile cmTC_59582/fast && gmake[1]: Entering directory '/home/ajender/QemuV1/Docker/buildroot-2023.02.4/output/build/host-cmake-3.22.3/CMakeFiles/CMakeTmp'
gmake  -f CMakeFiles/cmTC_59582.dir/build.make CMakeFiles/cmTC_59582.dir/build
gmake[2]: Entering directory '/home/ajender/QemuV1/Docker/buildroot-2023.02.4/output/build/host-cmake-3.22.3/CMakeFiles/CMakeTmp'
Building C object CMakeFiles/cmTC_59582.dir/HAVE_MEMBERSHIP_H.c.o
/usr/bin/gcc   -O2 -w  -std=gnu11 -o CMakeFiles/cmTC_59582.dir/HAVE_MEMBERSHIP_H.c.o -c /home/ajender/QemuV1/Docker/buildroot-2023.02.4/output/build/host-cmake-3.22.3/CMakeFiles/CheckIncludeFiles/HAVE_MEMBERSHIP_H.c
/home/ajender/QemuV1/Docker/buildroot-2023.02.4/output/build/host-cmake-3.22.3/CMakeFiles/CheckIncludeFiles/HAVE_MEMBERSHIP_H.c:15:10: fatal error: membership.h: No such file or directory
   15 | #include <membership.h>
      |          ^~~~~~~~~~~~~~
compilation terminated.
gmake[2]: *** [CMakeFiles/cmTC_59582.dir/build.make:78: CMakeFiles/cmTC_59582.dir/HAVE_MEMBERSHIP_H.c.o] Error 1
gmake[2]: Leaving directory '/home/ajender/QemuV1/Docker/buildroot-2023.02.4/output/build/host-cmake-3.22.3/CMakeFiles/CMakeTmp'
gmake[1]: *** [Makefile:127: cmTC_59582/fast] Error 2
gmake[1]: Leaving directory '/home/ajender/QemuV1/Docker/buildroot-2023.02.4/output/build/host-cmake-3.22.3/CMakeFiles/CMakeTmp'


Source:
/* */
#include <sys/types.h>
#include <ctype.h>
#include <dlfcn.h>
#include <errno.h>
#include <fcntl.h>
#include <grp.h>
#include <langinfo.h>
#include <limits.h>
#include <linux/types.h>
#include <linux/fiemap.h>
#include <linux/fs.h>
#include <linux/magic.h>
#include <locale.h>
#include <membership.h>


int main(void){return 0;}

Determining if files sys/types.h;ctype.h;dlfcn.h;errno.h;fcntl.h;grp.h;langinfo.h;limits.h;linux/types.h;linux/fiemap.h;linux/fs.h;linux/magic.h;locale.h;memory.h;paths.h;poll.h;pthread.h;pwd.h;readpassphrase.h exist failed with the following output:
Change Dir: /home/ajender/QemuV1/Docker/buildroot-2023.02.4/output/build/host-cmake-3.22.3/CMakeFiles/CMakeTmp

Run Build Command(s):/usr/bin/gmake -f Makefile cmTC_4909f/fast && gmake[1]: Entering directory '/home/ajender/QemuV1/Docker/buildroot-2023.02.4/output/build/host-cmake-3.22.3/CMakeFiles/CMakeTmp'
gmake  -f CMakeFiles/cmTC_4909f.dir/build.make CMakeFiles/cmTC_4909f.dir/build
gmake[2]: Entering directory '/home/ajender/QemuV1/Docker/buildroot-2023.02.4/output/build/host-cmake-3.22.3/CMakeFiles/CMakeTmp'
Building C object CMakeFiles/cmTC_4909f.dir/HAVE_READPASSPHRASE_H.c.o
/usr/bin/gcc   -O2 -w  -std=gnu11 -o CMakeFiles/cmTC_4909f.dir/HAVE_READPASSPHRASE_H.c.o -c /home/ajender/QemuV1/Docker/buildroot-2023.02.4/output/build/host-cmake-3.22.3/CMakeFiles/CheckIncludeFiles/HAVE_READPASSPHRASE_H.c
/home/ajender/QemuV1/Docker/buildroot-2023.02.4/output/build/host-cmake-3.22.3/CMakeFiles/CheckIncludeFiles/HAVE_READPASSPHRASE_H.c:20:10: fatal error: readpassphrase.h: No such file or directory
   20 | #include <readpassphrase.h>
      |          ^~~~~~~~~~~~~~~~~~
compilation terminated.
gmake[2]: *** [CMakeFiles/cmTC_4909f.dir/build.make:78: CMakeFiles/cmTC_4909f.dir/HAVE_READPASSPHRASE_H.c.o] Error 1
gmake[2]: Leaving directory '/home/ajender/QemuV1/Docker/buildroot-2023.02.4/output/build/host-cmake-3.22.3/CMakeFiles/CMakeTmp'
gmake[1]: *** [Makefile:127: cmTC_4909f/fast] Error 2
gmake[1]: Leaving directory '/home/ajender/QemuV1/Docker/buildroot-2023.02.4/output/build/host-cmake-3.22.3/CMakeFiles/CMakeTmp'


Source:
/* */
#include <sys/types.h>
#include <ctype.h>
#include <dlfcn.h>
#include <errno.h>
#include <fcntl.h>
#include <grp.h>
#include <langinfo.h>
#include <limits.h>
#include <linux/types.h>
#include <linux/fiemap.h>
#include <linux/fs.h>
#include <linux/magic.h>
#include <locale.h>
#include <memory.h>
#include <paths.h>
#include <poll.h>
#include <pthread.h>
#include <pwd.h>
#include <readpassphrase.h>


int main(void){return 0;}

Determining if files sys/types.h;ctype.h;dlfcn.h;errno.h;fcntl.h;grp.h;langinfo.h;limits.h;linux/types.h;linux/fiemap.h;linux/fs.h;linux/magic.h;locale.h;memory.h;paths.h;poll.h;pthread.h;pwd.h;regex.h;signal.h;spawn.h;stdarg.h;stdlib.h;string.h;strings.h;sys/acl.h exist failed with the following output:
Change Dir: /home/ajender/QemuV1/Docker/buildroot-2023.02.4/output/build/host-cmake-3.22.3/CMakeFiles/CMakeTmp

Run Build Command(s):/usr/bin/gmake -f Makefile cmTC_d8e9b/fast && gmake[1]: Entering directory '/home/ajender/QemuV1/Docker/buildroot-2023.02.4/output/build/host-cmake-3.22.3/CMakeFiles/CMakeTmp'
gmake  -f CMakeFiles/cmTC_d8e9b.dir/build.make CMakeFiles/cmTC_d8e9b.dir/build
gmake[2]: Entering directory '/home/ajender/QemuV1/Docker/buildroot-2023.02.4/output/build/host-cmake-3.22.3/CMakeFiles/CMakeTmp'
Building C object CMakeFiles/cmTC_d8e9b.dir/HAVE_SYS_ACL_H.c.o
/usr/bin/gcc   -O2 -w  -std=gnu11 -o CMakeFiles/cmTC_d8e9b.dir/HAVE_SYS_ACL_H.c.o -c /home/ajender/QemuV1/Docker/buildroot-2023.02.4/output/build/host-cmake-3.22.3/CMakeFiles/CheckIncludeFiles/HAVE_SYS_ACL_H.c
/home/ajender/QemuV1/Docker/buildroot-2023.02.4/output/build/host-cmake-3.22.3/CMakeFiles/CheckIncludeFiles/HAVE_SYS_ACL_H.c:27:10: fatal error: sys/acl.h: No such file or directory
   27 | #include <sys/acl.h>
      |          ^~~~~~~~~~~
compilation terminated.
gmake[2]: *** [CMakeFiles/cmTC_d8e9b.dir/build.make:78: CMakeFiles/cmTC_d8e9b.dir/HAVE_SYS_ACL_H.c.o] Error 1
gmake[2]: Leaving directory '/home/ajender/QemuV1/Docker/buildroot-2023.02.4/output/build/host-cmake-3.22.3/CMakeFiles/CMakeTmp'
gmake[1]: *** [Makefile:127: cmTC_d8e9b/fast] Error 2
gmake[1]: Leaving directory '/home/ajender/QemuV1/Docker/buildroot-2023.02.4/output/build/host-cmake-3.22.3/CMakeFiles/CMakeTmp'


Source:
/* */
#include <sys/types.h>
#include <ctype.h>
#include <dlfcn.h>
#include <errno.h>
#include <fcntl.h>
#include <grp.h>
#include <langinfo.h>
#include <limits.h>
#include <linux/types.h>
#include <linux/fiemap.h>
#include <linux/fs.h>
#include <linux/magic.h>
#include <locale.h>
#include <memory.h>
#include <paths.h>
#include <poll.h>
#include <pthread.h>
#include <pwd.h>
#include <regex.h>
#include <signal.h>
#include <spawn.h>
#include <stdarg.h>
#include <stdlib.h>
#include <string.h>
#include <strings.h>
#include <sys/acl.h>


int main(void){return 0;}

Determining if files sys/types.h;ctype.h;dlfcn.h;errno.h;fcntl.h;grp.h;langinfo.h;limits.h;linux/types.h;linux/fiemap.h;linux/fs.h;linux/magic.h;locale.h;memory.h;paths.h;poll.h;pthread.h;pwd.h;regex.h;signal.h;spawn.h;stdarg.h;stdlib.h;string.h;strings.h;sys/cdefs.h;sys/extattr.h exist failed with the following output:
Change Dir: /home/ajender/QemuV1/Docker/buildroot-2023.02.4/output/build/host-cmake-3.22.3/CMakeFiles/CMakeTmp

Run Build Command(s):/usr/bin/gmake -f Makefile cmTC_e20a3/fast && gmake[1]: Entering directory '/home/ajender/QemuV1/Docker/buildroot-2023.02.4/output/build/host-cmake-3.22.3/CMakeFiles/CMakeTmp'
gmake  -f CMakeFiles/cmTC_e20a3.dir/build.make CMakeFiles/cmTC_e20a3.dir/build
gmake[2]: Entering directory '/home/ajender/QemuV1/Docker/buildroot-2023.02.4/output/build/host-cmake-3.22.3/CMakeFiles/CMakeTmp'
Building C object CMakeFiles/cmTC_e20a3.dir/HAVE_SYS_EXTATTR_H.c.o
/usr/bin/gcc   -O2 -w  -std=gnu11 -o CMakeFiles/cmTC_e20a3.dir/HAVE_SYS_EXTATTR_H.c.o -c /home/ajender/QemuV1/Docker/buildroot-2023.02.4/output/build/host-cmake-3.22.3/CMakeFiles/CheckIncludeFiles/HAVE_SYS_EXTATTR_H.c
/home/ajender/QemuV1/Docker/buildroot-2023.02.4/output/build/host-cmake-3.22.3/CMakeFiles/CheckIncludeFiles/HAVE_SYS_EXTATTR_H.c:28:10: fatal error: sys/extattr.h: No such file or directory
   28 | #include <sys/extattr.h>
      |          ^~~~~~~~~~~~~~~
compilation terminated.
gmake[2]: *** [CMakeFiles/cmTC_e20a3.dir/build.make:78: CMakeFiles/cmTC_e20a3.dir/HAVE_SYS_EXTATTR_H.c.o] Error 1
gmake[2]: Leaving directory '/home/ajender/QemuV1/Docker/buildroot-2023.02.4/output/build/host-cmake-3.22.3/CMakeFiles/CMakeTmp'
gmake[1]: *** [Makefile:127: cmTC_e20a3/fast] Error 2
gmake[1]: Leaving directory '/home/ajender/QemuV1/Docker/buildroot-2023.02.4/output/build/host-cmake-3.22.3/CMakeFiles/CMakeTmp'


Source:
/* */
#include <sys/types.h>
#include <ctype.h>
#include <dlfcn.h>
#include <errno.h>
#include <fcntl.h>
#include <grp.h>
#include <langinfo.h>
#include <limits.h>
#include <linux/types.h>
#include <linux/fiemap.h>
#include <linux/fs.h>
#include <linux/magic.h>
#include <locale.h>
#include <memory.h>
#include <paths.h>
#include <poll.h>
#include <pthread.h>
#include <pwd.h>
#include <regex.h>
#include <signal.h>
#include <spawn.h>
#include <stdarg.h>
#include <stdlib.h>
#include <string.h>
#include <strings.h>
#include <sys/cdefs.h>
#include <sys/extattr.h>


int main(void){return 0;}

Determining if files sys/types.h;ctype.h;dlfcn.h;errno.h;fcntl.h;grp.h;langinfo.h;limits.h;linux/types.h;linux/fiemap.h;linux/fs.h;linux/magic.h;locale.h;memory.h;paths.h;poll.h;pthread.h;pwd.h;regex.h;signal.h;spawn.h;stdarg.h;stdlib.h;string.h;strings.h;sys/cdefs.h;sys/ioctl.h;sys/mkdev.h exist failed with the following output:
Change Dir: /home/ajender/QemuV1/Docker/buildroot-2023.02.4/output/build/host-cmake-3.22.3/CMakeFiles/CMakeTmp

Run Build Command(s):/usr/bin/gmake -f Makefile cmTC_1fe48/fast && gmake[1]: Entering directory '/home/ajender/QemuV1/Docker/buildroot-2023.02.4/output/build/host-cmake-3.22.3/CMakeFiles/CMakeTmp'
gmake  -f CMakeFiles/cmTC_1fe48.dir/build.make CMakeFiles/cmTC_1fe48.dir/build
gmake[2]: Entering directory '/home/ajender/QemuV1/Docker/buildroot-2023.02.4/output/build/host-cmake-3.22.3/CMakeFiles/CMakeTmp'
Building C object CMakeFiles/cmTC_1fe48.dir/HAVE_SYS_MKDEV_H.c.o
/usr/bin/gcc   -O2 -w  -std=gnu11 -o CMakeFiles/cmTC_1fe48.dir/HAVE_SYS_MKDEV_H.c.o -c /home/ajender/QemuV1/Docker/buildroot-2023.02.4/output/build/host-cmake-3.22.3/CMakeFiles/CheckIncludeFiles/HAVE_SYS_MKDEV_H.c
/home/ajender/QemuV1/Docker/buildroot-2023.02.4/output/build/host-cmake-3.22.3/CMakeFiles/CheckIncludeFiles/HAVE_SYS_MKDEV_H.c:29:10: fatal error: sys/mkdev.h: No such file or directory
   29 | #include <sys/mkdev.h>
      |          ^~~~~~~~~~~~~
compilation terminated.
gmake[2]: *** [CMakeFiles/cmTC_1fe48.dir/build.make:78: CMakeFiles/cmTC_1fe48.dir/HAVE_SYS_MKDEV_H.c.o] Error 1
gmake[2]: Leaving directory '/home/ajender/QemuV1/Docker/buildroot-2023.02.4/output/build/host-cmake-3.22.3/CMakeFiles/CMakeTmp'
gmake[1]: *** [Makefile:127: cmTC_1fe48/fast] Error 2
gmake[1]: Leaving directory '/home/ajender/QemuV1/Docker/buildroot-2023.02.4/output/build/host-cmake-3.22.3/CMakeFiles/CMakeTmp'


Source:
/* */
#include <sys/types.h>
#include <ctype.h>
#include <dlfcn.h>
#include <errno.h>
#include <fcntl.h>
#include <grp.h>
#include <langinfo.h>
#include <limits.h>
#include <linux/types.h>
#include <linux/fiemap.h>
#include <linux/fs.h>
#include <linux/magic.h>
#include <locale.h>
#include <memory.h>
#include <paths.h>
#include <poll.h>
#include <pthread.h>
#include <pwd.h>
#include <regex.h>
#include <signal.h>
#include <spawn.h>
#include <stdarg.h>
#include <stdlib.h>
#include <string.h>
#include <strings.h>
#include <sys/cdefs.h>
#include <sys/ioctl.h>
#include <sys/mkdev.h>


int main(void){return 0;}

Determining if files sys/types.h;ctype.h;dlfcn.h;errno.h;fcntl.h;grp.h;langinfo.h;limits.h;linux/types.h;linux/fiemap.h;linux/fs.h;linux/magic.h;locale.h;memory.h;paths.h;poll.h;pthread.h;pwd.h;regex.h;signal.h;spawn.h;stdarg.h;stdlib.h;string.h;strings.h;sys/cdefs.h;sys/ioctl.h;sys/mount.h exist failed with the following output:
Change Dir: /home/ajender/QemuV1/Docker/buildroot-2023.02.4/output/build/host-cmake-3.22.3/CMakeFiles/CMakeTmp

Run Build Command(s):/usr/bin/gmake -f Makefile cmTC_786c6/fast && gmake[1]: Entering directory '/home/ajender/QemuV1/Docker/buildroot-2023.02.4/output/build/host-cmake-3.22.3/CMakeFiles/CMakeTmp'
gmake  -f CMakeFiles/cmTC_786c6.dir/build.make CMakeFiles/cmTC_786c6.dir/build
gmake[2]: Entering directory '/home/ajender/QemuV1/Docker/buildroot-2023.02.4/output/build/host-cmake-3.22.3/CMakeFiles/CMakeTmp'
Building C object CMakeFiles/cmTC_786c6.dir/HAVE_SYS_MOUNT_H.c.o
/usr/bin/gcc   -O2 -w  -std=gnu11 -o CMakeFiles/cmTC_786c6.dir/HAVE_SYS_MOUNT_H.c.o -c /home/ajender/QemuV1/Docker/buildroot-2023.02.4/output/build/host-cmake-3.22.3/CMakeFiles/CheckIncludeFiles/HAVE_SYS_MOUNT_H.c
In file included from /usr/include/linux/fs.h:19,
                 from /home/ajender/QemuV1/Docker/buildroot-2023.02.4/output/build/host-cmake-3.22.3/CMakeFiles/CheckIncludeFiles/HAVE_SYS_MOUNT_H.c:12:
/usr/include/x86_64-linux-gnu/sys/mount.h:35:3: error: expected identifier before numeric constant
   35 |   MS_RDONLY = 1,                /* Mount read-only.  */
      |   ^~~~~~~~~
gmake[2]: *** [CMakeFiles/cmTC_786c6.dir/build.make:78: CMakeFiles/cmTC_786c6.dir/HAVE_SYS_MOUNT_H.c.o] Error 1
gmake[2]: Leaving directory '/home/ajender/QemuV1/Docker/buildroot-2023.02.4/output/build/host-cmake-3.22.3/CMakeFiles/CMakeTmp'
gmake[1]: *** [Makefile:127: cmTC_786c6/fast] Error 2
gmake[1]: Leaving directory '/home/ajender/QemuV1/Docker/buildroot-2023.02.4/output/build/host-cmake-3.22.3/CMakeFiles/CMakeTmp'


Source:
/* */
#include <sys/types.h>
#include <ctype.h>
#include <dlfcn.h>
#include <errno.h>
#include <fcntl.h>
#include <grp.h>
#include <langinfo.h>
#include <limits.h>
#include <linux/types.h>
#include <linux/fiemap.h>
#include <linux/fs.h>
#include <linux/magic.h>
#include <locale.h>
#include <memory.h>
#include <paths.h>
#include <poll.h>
#include <pthread.h>
#include <pwd.h>
#include <regex.h>
#include <signal.h>
#include <spawn.h>
#include <stdarg.h>
#include <stdlib.h>
#include <string.h>
#include <strings.h>
#include <sys/cdefs.h>
#include <sys/ioctl.h>
#include <sys/mount.h>


int main(void){return 0;}

Determining if files sys/types.h;ctype.h;dlfcn.h;errno.h;fcntl.h;grp.h;langinfo.h;limits.h;linux/types.h;linux/fiemap.h;linux/fs.h;linux/magic.h;locale.h;memory.h;paths.h;poll.h;pthread.h;pwd.h;regex.h;signal.h;spawn.h;stdarg.h;stdlib.h;string.h;strings.h;sys/cdefs.h;sys/ioctl.h;sys/param.h;sys/poll.h;sys/richacl.h exist failed with the following output:
Change Dir: /home/ajender/QemuV1/Docker/buildroot-2023.02.4/output/build/host-cmake-3.22.3/CMakeFiles/CMakeTmp

Run Build Command(s):/usr/bin/gmake -f Makefile cmTC_e63de/fast && gmake[1]: Entering directory '/home/ajender/QemuV1/Docker/buildroot-2023.02.4/output/build/host-cmake-3.22.3/CMakeFiles/CMakeTmp'
gmake  -f CMakeFiles/cmTC_e63de.dir/build.make CMakeFiles/cmTC_e63de.dir/build
gmake[2]: Entering directory '/home/ajender/QemuV1/Docker/buildroot-2023.02.4/output/build/host-cmake-3.22.3/CMakeFiles/CMakeTmp'
Building C object CMakeFiles/cmTC_e63de.dir/HAVE_SYS_RICHACL_H.c.o
/usr/bin/gcc   -O2 -w  -std=gnu11 -o CMakeFiles/cmTC_e63de.dir/HAVE_SYS_RICHACL_H.c.o -c /home/ajender/QemuV1/Docker/buildroot-2023.02.4/output/build/host-cmake-3.22.3/CMakeFiles/CheckIncludeFiles/HAVE_SYS_RICHACL_H.c
/home/ajender/QemuV1/Docker/buildroot-2023.02.4/output/build/host-cmake-3.22.3/CMakeFiles/CheckIncludeFiles/HAVE_SYS_RICHACL_H.c:31:10: fatal error: sys/richacl.h: No such file or directory
   31 | #include <sys/richacl.h>
      |          ^~~~~~~~~~~~~~~
compilation terminated.
gmake[2]: *** [CMakeFiles/cmTC_e63de.dir/build.make:78: CMakeFiles/cmTC_e63de.dir/HAVE_SYS_RICHACL_H.c.o] Error 1
gmake[2]: Leaving directory '/home/ajender/QemuV1/Docker/buildroot-2023.02.4/output/build/host-cmake-3.22.3/CMakeFiles/CMakeTmp'
gmake[1]: *** [Makefile:127: cmTC_e63de/fast] Error 2
gmake[1]: Leaving directory '/home/ajender/QemuV1/Docker/buildroot-2023.02.4/output/build/host-cmake-3.22.3/CMakeFiles/CMakeTmp'


Source:
/* */
#include <sys/types.h>
#include <ctype.h>
#include <dlfcn.h>
#include <errno.h>
#include <fcntl.h>
#include <grp.h>
#include <langinfo.h>
#include <limits.h>
#include <linux/types.h>
#include <linux/fiemap.h>
#include <linux/fs.h>
#include <linux/magic.h>
#include <locale.h>
#include <memory.h>
#include <paths.h>
#include <poll.h>
#include <pthread.h>
#include <pwd.h>
#include <regex.h>
#include <signal.h>
#include <spawn.h>
#include <stdarg.h>
#include <stdlib.h>
#include <string.h>
#include <strings.h>
#include <sys/cdefs.h>
#include <sys/ioctl.h>
#include <sys/param.h>
#include <sys/poll.h>
#include <sys/richacl.h>


int main(void){return 0;}

Determining if files sys/types.h;ctype.h;dlfcn.h;errno.h;fcntl.h;grp.h;langinfo.h;limits.h;linux/types.h;linux/fiemap.h;linux/fs.h;linux/magic.h;locale.h;memory.h;paths.h;poll.h;pthread.h;pwd.h;regex.h;signal.h;spawn.h;stdarg.h;stdlib.h;string.h;strings.h;sys/cdefs.h;sys/ioctl.h;sys/param.h;sys/poll.h;sys/select.h;sys/stat.h;sys/statfs.h;sys/statvfs.h;sys/sysmacros.h;sys/time.h;sys/utsname.h;sys/vfs.h;sys/wait.h;sys/xattr.h;time.h;unistd.h;utime.h;wchar.h;wctype.h;windows.h exist failed with the following output:
Change Dir: /home/ajender/QemuV1/Docker/buildroot-2023.02.4/output/build/host-cmake-3.22.3/CMakeFiles/CMakeTmp

Run Build Command(s):/usr/bin/gmake -f Makefile cmTC_72f09/fast && gmake[1]: Entering directory '/home/ajender/QemuV1/Docker/buildroot-2023.02.4/output/build/host-cmake-3.22.3/CMakeFiles/CMakeTmp'
gmake  -f CMakeFiles/cmTC_72f09.dir/build.make CMakeFiles/cmTC_72f09.dir/build
gmake[2]: Entering directory '/home/ajender/QemuV1/Docker/buildroot-2023.02.4/output/build/host-cmake-3.22.3/CMakeFiles/CMakeTmp'
Building C object CMakeFiles/cmTC_72f09.dir/HAVE_WINDOWS_H.c.o
/usr/bin/gcc   -O2 -w  -std=gnu11 -o CMakeFiles/cmTC_72f09.dir/HAVE_WINDOWS_H.c.o -c /home/ajender/QemuV1/Docker/buildroot-2023.02.4/output/build/host-cmake-3.22.3/CMakeFiles/CheckIncludeFiles/HAVE_WINDOWS_H.c
/home/ajender/QemuV1/Docker/buildroot-2023.02.4/output/build/host-cmake-3.22.3/CMakeFiles/CheckIncludeFiles/HAVE_WINDOWS_H.c:46:10: fatal error: windows.h: No such file or directory
   46 | #include <windows.h>
      |          ^~~~~~~~~~~
compilation terminated.
gmake[2]: *** [CMakeFiles/cmTC_72f09.dir/build.make:78: CMakeFiles/cmTC_72f09.dir/HAVE_WINDOWS_H.c.o] Error 1
gmake[2]: Leaving directory '/home/ajender/QemuV1/Docker/buildroot-2023.02.4/output/build/host-cmake-3.22.3/CMakeFiles/CMakeTmp'
gmake[1]: *** [Makefile:127: cmTC_72f09/fast] Error 2
gmake[1]: Leaving directory '/home/ajender/QemuV1/Docker/buildroot-2023.02.4/output/build/host-cmake-3.22.3/CMakeFiles/CMakeTmp'


Source:
/* */
#include <sys/types.h>
#include <ctype.h>
#include <dlfcn.h>
#include <errno.h>
#include <fcntl.h>
#include <grp.h>
#include <langinfo.h>
#include <limits.h>
#include <linux/types.h>
#include <linux/fiemap.h>
#include <linux/fs.h>
#include <linux/magic.h>
#include <locale.h>
#include <memory.h>
#include <paths.h>
#include <poll.h>
#include <pthread.h>
#include <pwd.h>
#include <regex.h>
#include <signal.h>
#include <spawn.h>
#include <stdarg.h>
#include <stdlib.h>
#include <string.h>
#include <strings.h>
#include <sys/cdefs.h>
#include <sys/ioctl.h>
#include <sys/param.h>
#include <sys/poll.h>
#include <sys/select.h>
#include <sys/stat.h>
#include <sys/statfs.h>
#include <sys/statvfs.h>
#include <sys/sysmacros.h>
#include <sys/time.h>
#include <sys/utsname.h>
#include <sys/vfs.h>
#include <sys/wait.h>
#include <sys/xattr.h>
#include <time.h>
#include <unistd.h>
#include <utime.h>
#include <wchar.h>
#include <wctype.h>
#include <windows.h>


int main(void){return 0;}

Determining if files sys/types.h;ctype.h;dlfcn.h;errno.h;fcntl.h;grp.h;langinfo.h;limits.h;linux/types.h;linux/fiemap.h;linux/fs.h;linux/magic.h;locale.h;memory.h;paths.h;poll.h;pthread.h;pwd.h;regex.h;signal.h;spawn.h;stdarg.h;stdlib.h;string.h;strings.h;sys/cdefs.h;sys/ioctl.h;sys/param.h;sys/poll.h;sys/select.h;sys/stat.h;sys/statfs.h;sys/statvfs.h;sys/sysmacros.h;sys/time.h;sys/utsname.h;sys/vfs.h;sys/wait.h;sys/xattr.h;time.h;unistd.h;utime.h;wchar.h;wctype.h;wincrypt.h exist failed with the following output:
Change Dir: /home/ajender/QemuV1/Docker/buildroot-2023.02.4/output/build/host-cmake-3.22.3/CMakeFiles/CMakeTmp

Run Build Command(s):/usr/bin/gmake -f Makefile cmTC_5397c/fast && gmake[1]: Entering directory '/home/ajender/QemuV1/Docker/buildroot-2023.02.4/output/build/host-cmake-3.22.3/CMakeFiles/CMakeTmp'
gmake  -f CMakeFiles/cmTC_5397c.dir/build.make CMakeFiles/cmTC_5397c.dir/build
gmake[2]: Entering directory '/home/ajender/QemuV1/Docker/buildroot-2023.02.4/output/build/host-cmake-3.22.3/CMakeFiles/CMakeTmp'
Building C object CMakeFiles/cmTC_5397c.dir/HAVE_WINCRYPT_H.c.o
/usr/bin/gcc   -O2 -w  -std=gnu11 -o CMakeFiles/cmTC_5397c.dir/HAVE_WINCRYPT_H.c.o -c /home/ajender/QemuV1/Docker/buildroot-2023.02.4/output/build/host-cmake-3.22.3/CMakeFiles/CheckIncludeFiles/HAVE_WINCRYPT_H.c
/home/ajender/QemuV1/Docker/buildroot-2023.02.4/output/build/host-cmake-3.22.3/CMakeFiles/CheckIncludeFiles/HAVE_WINCRYPT_H.c:46:10: fatal error: wincrypt.h: No such file or directory
   46 | #include <wincrypt.h>
      |          ^~~~~~~~~~~~
compilation terminated.
gmake[2]: *** [CMakeFiles/cmTC_5397c.dir/build.make:78: CMakeFiles/cmTC_5397c.dir/HAVE_WINCRYPT_H.c.o] Error 1
gmake[2]: Leaving directory '/home/ajender/QemuV1/Docker/buildroot-2023.02.4/output/build/host-cmake-3.22.3/CMakeFiles/CMakeTmp'
gmake[1]: *** [Makefile:127: cmTC_5397c/fast] Error 2
gmake[1]: Leaving directory '/home/ajender/QemuV1/Docker/buildroot-2023.02.4/output/build/host-cmake-3.22.3/CMakeFiles/CMakeTmp'


Source:
/* */
#include <sys/types.h>
#include <ctype.h>
#include <dlfcn.h>
#include <errno.h>
#include <fcntl.h>
#include <grp.h>
#include <langinfo.h>
#include <limits.h>
#include <linux/types.h>
#include <linux/fiemap.h>
#include <linux/fs.h>
#include <linux/magic.h>
#include <locale.h>
#include <memory.h>
#include <paths.h>
#include <poll.h>
#include <pthread.h>
#include <pwd.h>
#include <regex.h>
#include <signal.h>
#include <spawn.h>
#include <stdarg.h>
#include <stdlib.h>
#include <string.h>
#include <strings.h>
#include <sys/cdefs.h>
#include <sys/ioctl.h>
#include <sys/param.h>
#include <sys/poll.h>
#include <sys/select.h>
#include <sys/stat.h>
#include <sys/statfs.h>
#include <sys/statvfs.h>
#include <sys/sysmacros.h>
#include <sys/time.h>
#include <sys/utsname.h>
#include <sys/vfs.h>
#include <sys/wait.h>
#include <sys/xattr.h>
#include <time.h>
#include <unistd.h>
#include <utime.h>
#include <wchar.h>
#include <wctype.h>
#include <wincrypt.h>


int main(void){return 0;}

Determining if files sys/types.h;ctype.h;dlfcn.h;errno.h;fcntl.h;grp.h;langinfo.h;limits.h;linux/types.h;linux/fiemap.h;linux/fs.h;linux/magic.h;locale.h;memory.h;paths.h;poll.h;pthread.h;pwd.h;regex.h;signal.h;spawn.h;stdarg.h;stdlib.h;string.h;strings.h;sys/cdefs.h;sys/ioctl.h;sys/param.h;sys/poll.h;sys/select.h;sys/stat.h;sys/statfs.h;sys/statvfs.h;sys/sysmacros.h;sys/time.h;sys/utsname.h;sys/vfs.h;sys/wait.h;sys/xattr.h;time.h;unistd.h;utime.h;wchar.h;wctype.h;winioctl.h exist failed with the following output:
Change Dir: /home/ajender/QemuV1/Docker/buildroot-2023.02.4/output/build/host-cmake-3.22.3/CMakeFiles/CMakeTmp

Run Build Command(s):/usr/bin/gmake -f Makefile cmTC_42579/fast && gmake[1]: Entering directory '/home/ajender/QemuV1/Docker/buildroot-2023.02.4/output/build/host-cmake-3.22.3/CMakeFiles/CMakeTmp'
gmake  -f CMakeFiles/cmTC_42579.dir/build.make CMakeFiles/cmTC_42579.dir/build
gmake[2]: Entering directory '/home/ajender/QemuV1/Docker/buildroot-2023.02.4/output/build/host-cmake-3.22.3/CMakeFiles/CMakeTmp'
Building C object CMakeFiles/cmTC_42579.dir/HAVE_WINIOCTL_H.c.o
/usr/bin/gcc   -O2 -w  -std=gnu11 -o CMakeFiles/cmTC_42579.dir/HAVE_WINIOCTL_H.c.o -c /home/ajender/QemuV1/Docker/buildroot-2023.02.4/output/build/host-cmake-3.22.3/CMakeFiles/CheckIncludeFiles/HAVE_WINIOCTL_H.c
/home/ajender/QemuV1/Docker/buildroot-2023.02.4/output/build/host-cmake-3.22.3/CMakeFiles/CheckIncludeFiles/HAVE_WINIOCTL_H.c:46:10: fatal error: winioctl.h: No such file or directory
   46 | #include <winioctl.h>
      |          ^~~~~~~~~~~~
compilation terminated.
gmake[2]: *** [CMakeFiles/cmTC_42579.dir/build.make:78: CMakeFiles/cmTC_42579.dir/HAVE_WINIOCTL_H.c.o] Error 1
gmake[2]: Leaving directory '/home/ajender/QemuV1/Docker/buildroot-2023.02.4/output/build/host-cmake-3.22.3/CMakeFiles/CMakeTmp'
gmake[1]: *** [Makefile:127: cmTC_42579/fast] Error 2
gmake[1]: Leaving directory '/home/ajender/QemuV1/Docker/buildroot-2023.02.4/output/build/host-cmake-3.22.3/CMakeFiles/CMakeTmp'


Source:
/* */
#include <sys/types.h>
#include <ctype.h>
#include <dlfcn.h>
#include <errno.h>
#include <fcntl.h>
#include <grp.h>
#include <langinfo.h>
#include <limits.h>
#include <linux/types.h>
#include <linux/fiemap.h>
#include <linux/fs.h>
#include <linux/magic.h>
#include <locale.h>
#include <memory.h>
#include <paths.h>
#include <poll.h>
#include <pthread.h>
#include <pwd.h>
#include <regex.h>
#include <signal.h>
#include <spawn.h>
#include <stdarg.h>
#include <stdlib.h>
#include <string.h>
#include <strings.h>
#include <sys/cdefs.h>
#include <sys/ioctl.h>
#include <sys/param.h>
#include <sys/poll.h>
#include <sys/select.h>
#include <sys/stat.h>
#include <sys/statfs.h>
#include <sys/statvfs.h>
#include <sys/sysmacros.h>
#include <sys/time.h>
#include <sys/utsname.h>
#include <sys/vfs.h>
#include <sys/wait.h>
#include <sys/xattr.h>
#include <time.h>
#include <unistd.h>
#include <utime.h>
#include <wchar.h>
#include <wctype.h>
#include <winioctl.h>


int main(void){return 0;}

Determining if the function MD5Init exists in the md failed with the following output:
Change Dir: /home/ajender/QemuV1/Docker/buildroot-2023.02.4/output/build/host-cmake-3.22.3/CMakeFiles/CMakeTmp

Run Build Command(s):/usr/bin/gmake -f Makefile cmTC_6549c/fast && gmake[1]: Entering directory '/home/ajender/QemuV1/Docker/buildroot-2023.02.4/output/build/host-cmake-3.22.3/CMakeFiles/CMakeTmp'
gmake  -f CMakeFiles/cmTC_6549c.dir/build.make CMakeFiles/cmTC_6549c.dir/build
gmake[2]: Entering directory '/home/ajender/QemuV1/Docker/buildroot-2023.02.4/output/build/host-cmake-3.22.3/CMakeFiles/CMakeTmp'
Building C object CMakeFiles/cmTC_6549c.dir/CheckFunctionExists.c.o
/usr/bin/gcc   -O2 -w -DCHECK_FUNCTION_EXISTS=MD5Init -std=gnu11 -o CMakeFiles/cmTC_6549c.dir/CheckFunctionExists.c.o -c /home/ajender/QemuV1/Docker/buildroot-2023.02.4/output/build/host-cmake-3.22.3/Modules/CheckFunctionExists.c
Linking C executable cmTC_6549c
/home/ajender/QemuV1/Docker/buildroot-2023.02.4/output/build/host-cmake-3.22.3/Bootstrap.cmk/cmake -E cmake_link_script CMakeFiles/cmTC_6549c.dir/link.txt --verbose=1
/usr/bin/gcc -O2 -w -DCHECK_FUNCTION_EXISTS=MD5Init -L/home/ajender/QemuV1/Docker/buildroot-2023.02.4/output/host/lib -Wl,-rpath,/home/ajender/QemuV1/Docker/buildroot-2023.02.4/output/host/lib  CMakeFiles/cmTC_6549c.dir/CheckFunctionExists.c.o -o cmTC_6549c  -lmd 
/usr/bin/ld: cannot find -lmd: No such file or directory
collect2: error: ld returned 1 exit status
gmake[2]: *** [CMakeFiles/cmTC_6549c.dir/build.make:99: cmTC_6549c] Error 1
gmake[2]: Leaving directory '/home/ajender/QemuV1/Docker/buildroot-2023.02.4/output/build/host-cmake-3.22.3/CMakeFiles/CMakeTmp'
gmake[1]: *** [Makefile:127: cmTC_6549c/fast] Error 2
gmake[1]: Leaving directory '/home/ajender/QemuV1/Docker/buildroot-2023.02.4/output/build/host-cmake-3.22.3/CMakeFiles/CMakeTmp'



Determining if the function getvfsbyname exists failed with the following output:
Change Dir: /home/ajender/QemuV1/Docker/buildroot-2023.02.4/output/build/host-cmake-3.22.3/CMakeFiles/CMakeTmp

Run Build Command(s):/usr/bin/gmake -f Makefile cmTC_d42e9/fast && gmake[1]: Entering directory '/home/ajender/QemuV1/Docker/buildroot-2023.02.4/output/build/host-cmake-3.22.3/CMakeFiles/CMakeTmp'
gmake  -f CMakeFiles/cmTC_d42e9.dir/build.make CMakeFiles/cmTC_d42e9.dir/build
gmake[2]: Entering directory '/home/ajender/QemuV1/Docker/buildroot-2023.02.4/output/build/host-cmake-3.22.3/CMakeFiles/CMakeTmp'
Building C object CMakeFiles/cmTC_d42e9.dir/CheckFunctionExists.c.o
/usr/bin/gcc   -O2 -w -DCHECK_FUNCTION_EXISTS=getvfsbyname  -fno-builtin -std=gnu11 -o CMakeFiles/cmTC_d42e9.dir/CheckFunctionExists.c.o -c /home/ajender/QemuV1/Docker/buildroot-2023.02.4/output/build/host-cmake-3.22.3/Modules/CheckFunctionExists.c
Linking C executable cmTC_d42e9
/home/ajender/QemuV1/Docker/buildroot-2023.02.4/output/build/host-cmake-3.22.3/Bootstrap.cmk/cmake -E cmake_link_script CMakeFiles/cmTC_d42e9.dir/link.txt --verbose=1
/usr/bin/gcc -O2 -w -DCHECK_FUNCTION_EXISTS=getvfsbyname  -fno-builtin -L/home/ajender/QemuV1/Docker/buildroot-2023.02.4/output/host/lib -Wl,-rpath,/home/ajender/QemuV1/Docker/buildroot-2023.02.4/output/host/lib  CMakeFiles/cmTC_d42e9.dir/CheckFunctionExists.c.o -o cmTC_d42e9 
/usr/bin/ld: CMakeFiles/cmTC_d42e9.dir/CheckFunctionExists.c.o: in function `main':
CheckFunctionExists.c:(.text.startup+0x10): undefined reference to `getvfsbyname'
collect2: error: ld returned 1 exit status
gmake[2]: *** [CMakeFiles/cmTC_d42e9.dir/build.make:99: cmTC_d42e9] Error 1
gmake[2]: Leaving directory '/home/ajender/QemuV1/Docker/buildroot-2023.02.4/output/build/host-cmake-3.22.3/CMakeFiles/CMakeTmp'
gmake[1]: *** [Makefile:127: cmTC_d42e9/fast] Error 2
gmake[1]: Leaving directory '/home/ajender/QemuV1/Docker/buildroot-2023.02.4/output/build/host-cmake-3.22.3/CMakeFiles/CMakeTmp'



Determining if the function lchflags exists failed with the following output:
Change Dir: /home/ajender/QemuV1/Docker/buildroot-2023.02.4/output/build/host-cmake-3.22.3/CMakeFiles/CMakeTmp

Run Build Command(s):/usr/bin/gmake -f Makefile cmTC_88fac/fast && gmake[1]: Entering directory '/home/ajender/QemuV1/Docker/buildroot-2023.02.4/output/build/host-cmake-3.22.3/CMakeFiles/CMakeTmp'
gmake  -f CMakeFiles/cmTC_88fac.dir/build.make CMakeFiles/cmTC_88fac.dir/build
gmake[2]: Entering directory '/home/ajender/QemuV1/Docker/buildroot-2023.02.4/output/build/host-cmake-3.22.3/CMakeFiles/CMakeTmp'
Building C object CMakeFiles/cmTC_88fac.dir/CheckFunctionExists.c.o
/usr/bin/gcc   -O2 -w -DCHECK_FUNCTION_EXISTS=lchflags  -fno-builtin -std=gnu11 -o CMakeFiles/cmTC_88fac.dir/CheckFunctionExists.c.o -c /home/ajender/QemuV1/Docker/buildroot-2023.02.4/output/build/host-cmake-3.22.3/Modules/CheckFunctionExists.c
Linking C executable cmTC_88fac
/home/ajender/QemuV1/Docker/buildroot-2023.02.4/output/build/host-cmake-3.22.3/Bootstrap.cmk/cmake -E cmake_link_script CMakeFiles/cmTC_88fac.dir/link.txt --verbose=1
/usr/bin/gcc -O2 -w -DCHECK_FUNCTION_EXISTS=lchflags  -fno-builtin -L/home/ajender/QemuV1/Docker/buildroot-2023.02.4/output/host/lib -Wl,-rpath,/home/ajender/QemuV1/Docker/buildroot-2023.02.4/output/host/lib  CMakeFiles/cmTC_88fac.dir/CheckFunctionExists.c.o -o cmTC_88fac 
/usr/bin/ld: CMakeFiles/cmTC_88fac.dir/CheckFunctionExists.c.o: in function `main':
CheckFunctionExists.c:(.text.startup+0x10): undefined reference to `lchflags'
collect2: error: ld returned 1 exit status
gmake[2]: *** [CMakeFiles/cmTC_88fac.dir/build.make:99: cmTC_88fac] Error 1
gmake[2]: Leaving directory '/home/ajender/QemuV1/Docker/buildroot-2023.02.4/output/build/host-cmake-3.22.3/CMakeFiles/CMakeTmp'
gmake[1]: *** [Makefile:127: cmTC_88fac/fast] Error 2
gmake[1]: Leaving directory '/home/ajender/QemuV1/Docker/buildroot-2023.02.4/output/build/host-cmake-3.22.3/CMakeFiles/CMakeTmp'



Determining if the function readpassphrase exists failed with the following output:
Change Dir: /home/ajender/QemuV1/Docker/buildroot-2023.02.4/output/build/host-cmake-3.22.3/CMakeFiles/CMakeTmp

Run Build Command(s):/usr/bin/gmake -f Makefile cmTC_eb687/fast && gmake[1]: Entering directory '/home/ajender/QemuV1/Docker/buildroot-2023.02.4/output/build/host-cmake-3.22.3/CMakeFiles/CMakeTmp'
gmake  -f CMakeFiles/cmTC_eb687.dir/build.make CMakeFiles/cmTC_eb687.dir/build
gmake[2]: Entering directory '/home/ajender/QemuV1/Docker/buildroot-2023.02.4/output/build/host-cmake-3.22.3/CMakeFiles/CMakeTmp'
Building C object CMakeFiles/cmTC_eb687.dir/CheckFunctionExists.c.o
/usr/bin/gcc   -O2 -w -DCHECK_FUNCTION_EXISTS=readpassphrase  -fno-builtin -std=gnu11 -o CMakeFiles/cmTC_eb687.dir/CheckFunctionExists.c.o -c /home/ajender/QemuV1/Docker/buildroot-2023.02.4/output/build/host-cmake-3.22.3/Modules/CheckFunctionExists.c
Linking C executable cmTC_eb687
/home/ajender/QemuV1/Docker/buildroot-2023.02.4/output/build/host-cmake-3.22.3/Bootstrap.cmk/cmake -E cmake_link_script CMakeFiles/cmTC_eb687.dir/link.txt --verbose=1
/usr/bin/gcc -O2 -w -DCHECK_FUNCTION_EXISTS=readpassphrase  -fno-builtin -L/home/ajender/QemuV1/Docker/buildroot-2023.02.4/output/host/lib -Wl,-rpath,/home/ajender/QemuV1/Docker/buildroot-2023.02.4/output/host/lib  CMakeFiles/cmTC_eb687.dir/CheckFunctionExists.c.o -o cmTC_eb687 
/usr/bin/ld: CMakeFiles/cmTC_eb687.dir/CheckFunctionExists.c.o: in function `main':
CheckFunctionExists.c:(.text.startup+0x10): undefined reference to `readpassphrase'
collect2: error: ld returned 1 exit status
gmake[2]: *** [CMakeFiles/cmTC_eb687.dir/build.make:99: cmTC_eb687] Error 1
gmake[2]: Leaving directory '/home/ajender/QemuV1/Docker/buildroot-2023.02.4/output/build/host-cmake-3.22.3/CMakeFiles/CMakeTmp'
gmake[1]: *** [Makefile:127: cmTC_eb687/fast] Error 2
gmake[1]: Leaving directory '/home/ajender/QemuV1/Docker/buildroot-2023.02.4/output/build/host-cmake-3.22.3/CMakeFiles/CMakeTmp'



Determining if the function strncpy_s exists failed with the following output:
Change Dir: /home/ajender/QemuV1/Docker/buildroot-2023.02.4/output/build/host-cmake-3.22.3/CMakeFiles/CMakeTmp

Run Build Command(s):/usr/bin/gmake -f Makefile cmTC_d8596/fast && gmake[1]: Entering directory '/home/ajender/QemuV1/Docker/buildroot-2023.02.4/output/build/host-cmake-3.22.3/CMakeFiles/CMakeTmp'
gmake  -f CMakeFiles/cmTC_d8596.dir/build.make CMakeFiles/cmTC_d8596.dir/build
gmake[2]: Entering directory '/home/ajender/QemuV1/Docker/buildroot-2023.02.4/output/build/host-cmake-3.22.3/CMakeFiles/CMakeTmp'
Building C object CMakeFiles/cmTC_d8596.dir/CheckFunctionExists.c.o
/usr/bin/gcc   -O2 -w -DCHECK_FUNCTION_EXISTS=strncpy_s  -fno-builtin -std=gnu11 -o CMakeFiles/cmTC_d8596.dir/CheckFunctionExists.c.o -c /home/ajender/QemuV1/Docker/buildroot-2023.02.4/output/build/host-cmake-3.22.3/Modules/CheckFunctionExists.c
Linking C executable cmTC_d8596
/home/ajender/QemuV1/Docker/buildroot-2023.02.4/output/build/host-cmake-3.22.3/Bootstrap.cmk/cmake -E cmake_link_script CMakeFiles/cmTC_d8596.dir/link.txt --verbose=1
/usr/bin/gcc -O2 -w -DCHECK_FUNCTION_EXISTS=strncpy_s  -fno-builtin -L/home/ajender/QemuV1/Docker/buildroot-2023.02.4/output/host/lib -Wl,-rpath,/home/ajender/QemuV1/Docker/buildroot-2023.02.4/output/host/lib  CMakeFiles/cmTC_d8596.dir/CheckFunctionExists.c.o -o cmTC_d8596 
/usr/bin/ld: CMakeFiles/cmTC_d8596.dir/CheckFunctionExists.c.o: in function `main':
CheckFunctionExists.c:(.text.startup+0x10): undefined reference to `strncpy_s'
collect2: error: ld returned 1 exit status
gmake[2]: *** [CMakeFiles/cmTC_d8596.dir/build.make:99: cmTC_d8596] Error 1
gmake[2]: Leaving directory '/home/ajender/QemuV1/Docker/buildroot-2023.02.4/output/build/host-cmake-3.22.3/CMakeFiles/CMakeTmp'
gmake[1]: *** [Makefile:127: cmTC_d8596/fast] Error 2
gmake[1]: Leaving directory '/home/ajender/QemuV1/Docker/buildroot-2023.02.4/output/build/host-cmake-3.22.3/CMakeFiles/CMakeTmp'



Determining if the function _ctime64_s exists failed with the following output:
Change Dir: /home/ajender/QemuV1/Docker/buildroot-2023.02.4/output/build/host-cmake-3.22.3/CMakeFiles/CMakeTmp

Run Build Command(s):/usr/bin/gmake -f Makefile cmTC_00642/fast && gmake[1]: Entering directory '/home/ajender/QemuV1/Docker/buildroot-2023.02.4/output/build/host-cmake-3.22.3/CMakeFiles/CMakeTmp'
gmake  -f CMakeFiles/cmTC_00642.dir/build.make CMakeFiles/cmTC_00642.dir/build
gmake[2]: Entering directory '/home/ajender/QemuV1/Docker/buildroot-2023.02.4/output/build/host-cmake-3.22.3/CMakeFiles/CMakeTmp'
Building C object CMakeFiles/cmTC_00642.dir/CheckFunctionExists.c.o
/usr/bin/gcc   -O2 -w -DCHECK_FUNCTION_EXISTS=_ctime64_s  -fno-builtin -std=gnu11 -o CMakeFiles/cmTC_00642.dir/CheckFunctionExists.c.o -c /home/ajender/QemuV1/Docker/buildroot-2023.02.4/output/build/host-cmake-3.22.3/Modules/CheckFunctionExists.c
Linking C executable cmTC_00642
/home/ajender/QemuV1/Docker/buildroot-2023.02.4/output/build/host-cmake-3.22.3/Bootstrap.cmk/cmake -E cmake_link_script CMakeFiles/cmTC_00642.dir/link.txt --verbose=1
/usr/bin/gcc -O2 -w -DCHECK_FUNCTION_EXISTS=_ctime64_s  -fno-builtin -L/home/ajender/QemuV1/Docker/buildroot-2023.02.4/output/host/lib -Wl,-rpath,/home/ajender/QemuV1/Docker/buildroot-2023.02.4/output/host/lib  CMakeFiles/cmTC_00642.dir/CheckFunctionExists.c.o -o cmTC_00642 
/usr/bin/ld: CMakeFiles/cmTC_00642.dir/CheckFunctionExists.c.o: in function `main':
CheckFunctionExists.c:(.text.startup+0x10): undefined reference to `_ctime64_s'
collect2: error: ld returned 1 exit status
gmake[2]: *** [CMakeFiles/cmTC_00642.dir/build.make:99: cmTC_00642] Error 1
gmake[2]: Leaving directory '/home/ajender/QemuV1/Docker/buildroot-2023.02.4/output/build/host-cmake-3.22.3/CMakeFiles/CMakeTmp'
gmake[1]: *** [Makefile:127: cmTC_00642/fast] Error 2
gmake[1]: Leaving directory '/home/ajender/QemuV1/Docker/buildroot-2023.02.4/output/build/host-cmake-3.22.3/CMakeFiles/CMakeTmp'



Determining if the function _fseeki64 exists failed with the following output:
Change Dir: /home/ajender/QemuV1/Docker/buildroot-2023.02.4/output/build/host-cmake-3.22.3/CMakeFiles/CMakeTmp

Run Build Command(s):/usr/bin/gmake -f Makefile cmTC_073b7/fast && gmake[1]: Entering directory '/home/ajender/QemuV1/Docker/buildroot-2023.02.4/output/build/host-cmake-3.22.3/CMakeFiles/CMakeTmp'
gmake  -f CMakeFiles/cmTC_073b7.dir/build.make CMakeFiles/cmTC_073b7.dir/build
gmake[2]: Entering directory '/home/ajender/QemuV1/Docker/buildroot-2023.02.4/output/build/host-cmake-3.22.3/CMakeFiles/CMakeTmp'
Building C object CMakeFiles/cmTC_073b7.dir/CheckFunctionExists.c.o
/usr/bin/gcc   -O2 -w -DCHECK_FUNCTION_EXISTS=_fseeki64  -fno-builtin -std=gnu11 -o CMakeFiles/cmTC_073b7.dir/CheckFunctionExists.c.o -c /home/ajender/QemuV1/Docker/buildroot-2023.02.4/output/build/host-cmake-3.22.3/Modules/CheckFunctionExists.c
Linking C executable cmTC_073b7
/home/ajender/QemuV1/Docker/buildroot-2023.02.4/output/build/host-cmake-3.22.3/Bootstrap.cmk/cmake -E cmake_link_script CMakeFiles/cmTC_073b7.dir/link.txt --verbose=1
/usr/bin/gcc -O2 -w -DCHECK_FUNCTION_EXISTS=_fseeki64  -fno-builtin -L/home/ajender/QemuV1/Docker/buildroot-2023.02.4/output/host/lib -Wl,-rpath,/home/ajender/QemuV1/Docker/buildroot-2023.02.4/output/host/lib  CMakeFiles/cmTC_073b7.dir/CheckFunctionExists.c.o -o cmTC_073b7 
/usr/bin/ld: CMakeFiles/cmTC_073b7.dir/CheckFunctionExists.c.o: in function `main':
CheckFunctionExists.c:(.text.startup+0x10): undefined reference to `_fseeki64'
collect2: error: ld returned 1 exit status
gmake[2]: *** [CMakeFiles/cmTC_073b7.dir/build.make:99: cmTC_073b7] Error 1
gmake[2]: Leaving directory '/home/ajender/QemuV1/Docker/buildroot-2023.02.4/output/build/host-cmake-3.22.3/CMakeFiles/CMakeTmp'
gmake[1]: *** [Makefile:127: cmTC_073b7/fast] Error 2
gmake[1]: Leaving directory '/home/ajender/QemuV1/Docker/buildroot-2023.02.4/output/build/host-cmake-3.22.3/CMakeFiles/CMakeTmp'



Determining if the function _get_timezone exists failed with the following output:
Change Dir: /home/ajender/QemuV1/Docker/buildroot-2023.02.4/output/build/host-cmake-3.22.3/CMakeFiles/CMakeTmp

Run Build Command(s):/usr/bin/gmake -f Makefile cmTC_1ce55/fast && gmake[1]: Entering directory '/home/ajender/QemuV1/Docker/buildroot-2023.02.4/output/build/host-cmake-3.22.3/CMakeFiles/CMakeTmp'
gmake  -f CMakeFiles/cmTC_1ce55.dir/build.make CMakeFiles/cmTC_1ce55.dir/build
gmake[2]: Entering directory '/home/ajender/QemuV1/Docker/buildroot-2023.02.4/output/build/host-cmake-3.22.3/CMakeFiles/CMakeTmp'
Building C object CMakeFiles/cmTC_1ce55.dir/CheckFunctionExists.c.o
/usr/bin/gcc   -O2 -w -DCHECK_FUNCTION_EXISTS=_get_timezone  -fno-builtin -std=gnu11 -o CMakeFiles/cmTC_1ce55.dir/CheckFunctionExists.c.o -c /home/ajender/QemuV1/Docker/buildroot-2023.02.4/output/build/host-cmake-3.22.3/Modules/CheckFunctionExists.c
Linking C executable cmTC_1ce55
/home/ajender/QemuV1/Docker/buildroot-2023.02.4/output/build/host-cmake-3.22.3/Bootstrap.cmk/cmake -E cmake_link_script CMakeFiles/cmTC_1ce55.dir/link.txt --verbose=1
/usr/bin/gcc -O2 -w -DCHECK_FUNCTION_EXISTS=_get_timezone  -fno-builtin -L/home/ajender/QemuV1/Docker/buildroot-2023.02.4/output/host/lib -Wl,-rpath,/home/ajender/QemuV1/Docker/buildroot-2023.02.4/output/host/lib  CMakeFiles/cmTC_1ce55.dir/CheckFunctionExists.c.o -o cmTC_1ce55 
/usr/bin/ld: CMakeFiles/cmTC_1ce55.dir/CheckFunctionExists.c.o: in function `main':
CheckFunctionExists.c:(.text.startup+0x10): undefined reference to `_get_timezone'
collect2: error: ld returned 1 exit status
gmake[2]: *** [CMakeFiles/cmTC_1ce55.dir/build.make:99: cmTC_1ce55] Error 1
gmake[2]: Leaving directory '/home/ajender/QemuV1/Docker/buildroot-2023.02.4/output/build/host-cmake-3.22.3/CMakeFiles/CMakeTmp'
gmake[1]: *** [Makefile:127: cmTC_1ce55/fast] Error 2
gmake[1]: Leaving directory '/home/ajender/QemuV1/Docker/buildroot-2023.02.4/output/build/host-cmake-3.22.3/CMakeFiles/CMakeTmp'



Determining if the function _gmtime64_s exists failed with the following output:
Change Dir: /home/ajender/QemuV1/Docker/buildroot-2023.02.4/output/build/host-cmake-3.22.3/CMakeFiles/CMakeTmp

Run Build Command(s):/usr/bin/gmake -f Makefile cmTC_e5f0f/fast && gmake[1]: Entering directory '/home/ajender/QemuV1/Docker/buildroot-2023.02.4/output/build/host-cmake-3.22.3/CMakeFiles/CMakeTmp'
gmake  -f CMakeFiles/cmTC_e5f0f.dir/build.make CMakeFiles/cmTC_e5f0f.dir/build
gmake[2]: Entering directory '/home/ajender/QemuV1/Docker/buildroot-2023.02.4/output/build/host-cmake-3.22.3/CMakeFiles/CMakeTmp'
Building C object CMakeFiles/cmTC_e5f0f.dir/CheckFunctionExists.c.o
/usr/bin/gcc   -O2 -w -DCHECK_FUNCTION_EXISTS=_gmtime64_s  -fno-builtin -std=gnu11 -o CMakeFiles/cmTC_e5f0f.dir/CheckFunctionExists.c.o -c /home/ajender/QemuV1/Docker/buildroot-2023.02.4/output/build/host-cmake-3.22.3/Modules/CheckFunctionExists.c
Linking C executable cmTC_e5f0f
/home/ajender/QemuV1/Docker/buildroot-2023.02.4/output/build/host-cmake-3.22.3/Bootstrap.cmk/cmake -E cmake_link_script CMakeFiles/cmTC_e5f0f.dir/link.txt --verbose=1
/usr/bin/gcc -O2 -w -DCHECK_FUNCTION_EXISTS=_gmtime64_s  -fno-builtin -L/home/ajender/QemuV1/Docker/buildroot-2023.02.4/output/host/lib -Wl,-rpath,/home/ajender/QemuV1/Docker/buildroot-2023.02.4/output/host/lib  CMakeFiles/cmTC_e5f0f.dir/CheckFunctionExists.c.o -o cmTC_e5f0f 
/usr/bin/ld: CMakeFiles/cmTC_e5f0f.dir/CheckFunctionExists.c.o: in function `main':
CheckFunctionExists.c:(.text.startup+0x10): undefined reference to `_gmtime64_s'
collect2: error: ld returned 1 exit status
gmake[2]: *** [CMakeFiles/cmTC_e5f0f.dir/build.make:99: cmTC_e5f0f] Error 1
gmake[2]: Leaving directory '/home/ajender/QemuV1/Docker/buildroot-2023.02.4/output/build/host-cmake-3.22.3/CMakeFiles/CMakeTmp'
gmake[1]: *** [Makefile:127: cmTC_e5f0f/fast] Error 2
gmake[1]: Leaving directory '/home/ajender/QemuV1/Docker/buildroot-2023.02.4/output/build/host-cmake-3.22.3/CMakeFiles/CMakeTmp'



Determining if the function _localtime64_s exists failed with the following output:
Change Dir: /home/ajender/QemuV1/Docker/buildroot-2023.02.4/output/build/host-cmake-3.22.3/CMakeFiles/CMakeTmp

Run Build Command(s):/usr/bin/gmake -f Makefile cmTC_86dca/fast && gmake[1]: Entering directory '/home/ajender/QemuV1/Docker/buildroot-2023.02.4/output/build/host-cmake-3.22.3/CMakeFiles/CMakeTmp'
gmake  -f CMakeFiles/cmTC_86dca.dir/build.make CMakeFiles/cmTC_86dca.dir/build
gmake[2]: Entering directory '/home/ajender/QemuV1/Docker/buildroot-2023.02.4/output/build/host-cmake-3.22.3/CMakeFiles/CMakeTmp'
Building C object CMakeFiles/cmTC_86dca.dir/CheckFunctionExists.c.o
/usr/bin/gcc   -O2 -w -DCHECK_FUNCTION_EXISTS=_localtime64_s  -fno-builtin -std=gnu11 -o CMakeFiles/cmTC_86dca.dir/CheckFunctionExists.c.o -c /home/ajender/QemuV1/Docker/buildroot-2023.02.4/output/build/host-cmake-3.22.3/Modules/CheckFunctionExists.c
Linking C executable cmTC_86dca
/home/ajender/QemuV1/Docker/buildroot-2023.02.4/output/build/host-cmake-3.22.3/Bootstrap.cmk/cmake -E cmake_link_script CMakeFiles/cmTC_86dca.dir/link.txt --verbose=1
/usr/bin/gcc -O2 -w -DCHECK_FUNCTION_EXISTS=_localtime64_s  -fno-builtin -L/home/ajender/QemuV1/Docker/buildroot-2023.02.4/output/host/lib -Wl,-rpath,/home/ajender/QemuV1/Docker/buildroot-2023.02.4/output/host/lib  CMakeFiles/cmTC_86dca.dir/CheckFunctionExists.c.o -o cmTC_86dca 
/usr/bin/ld: CMakeFiles/cmTC_86dca.dir/CheckFunctionExists.c.o: in function `main':
CheckFunctionExists.c:(.text.startup+0x10): undefined reference to `_localtime64_s'
collect2: error: ld returned 1 exit status
gmake[2]: *** [CMakeFiles/cmTC_86dca.dir/build.make:99: cmTC_86dca] Error 1
gmake[2]: Leaving directory '/home/ajender/QemuV1/Docker/buildroot-2023.02.4/output/build/host-cmake-3.22.3/CMakeFiles/CMakeTmp'
gmake[1]: *** [Makefile:127: cmTC_86dca/fast] Error 2
gmake[1]: Leaving directory '/home/ajender/QemuV1/Docker/buildroot-2023.02.4/output/build/host-cmake-3.22.3/CMakeFiles/CMakeTmp'



Determining if the function _mkgmtime64 exists failed with the following output:
Change Dir: /home/ajender/QemuV1/Docker/buildroot-2023.02.4/output/build/host-cmake-3.22.3/CMakeFiles/CMakeTmp

Run Build Command(s):/usr/bin/gmake -f Makefile cmTC_f477b/fast && gmake[1]: Entering directory '/home/ajender/QemuV1/Docker/buildroot-2023.02.4/output/build/host-cmake-3.22.3/CMakeFiles/CMakeTmp'
gmake  -f CMakeFiles/cmTC_f477b.dir/build.make CMakeFiles/cmTC_f477b.dir/build
gmake[2]: Entering directory '/home/ajender/QemuV1/Docker/buildroot-2023.02.4/output/build/host-cmake-3.22.3/CMakeFiles/CMakeTmp'
Building C object CMakeFiles/cmTC_f477b.dir/CheckFunctionExists.c.o
/usr/bin/gcc   -O2 -w -DCHECK_FUNCTION_EXISTS=_mkgmtime64  -fno-builtin -std=gnu11 -o CMakeFiles/cmTC_f477b.dir/CheckFunctionExists.c.o -c /home/ajender/QemuV1/Docker/buildroot-2023.02.4/output/build/host-cmake-3.22.3/Modules/CheckFunctionExists.c
Linking C executable cmTC_f477b
/home/ajender/QemuV1/Docker/buildroot-2023.02.4/output/build/host-cmake-3.22.3/Bootstrap.cmk/cmake -E cmake_link_script CMakeFiles/cmTC_f477b.dir/link.txt --verbose=1
/usr/bin/gcc -O2 -w -DCHECK_FUNCTION_EXISTS=_mkgmtime64  -fno-builtin -L/home/ajender/QemuV1/Docker/buildroot-2023.02.4/output/host/lib -Wl,-rpath,/home/ajender/QemuV1/Docker/buildroot-2023.02.4/output/host/lib  CMakeFiles/cmTC_f477b.dir/CheckFunctionExists.c.o -o cmTC_f477b 
/usr/bin/ld: CMakeFiles/cmTC_f477b.dir/CheckFunctionExists.c.o: in function `main':
CheckFunctionExists.c:(.text.startup+0x10): undefined reference to `_mkgmtime64'
collect2: error: ld returned 1 exit status
gmake[2]: *** [CMakeFiles/cmTC_f477b.dir/build.make:99: cmTC_f477b] Error 1
gmake[2]: Leaving directory '/home/ajender/QemuV1/Docker/buildroot-2023.02.4/output/build/host-cmake-3.22.3/CMakeFiles/CMakeTmp'
gmake[1]: *** [Makefile:127: cmTC_f477b/fast] Error 2
gmake[1]: Leaving directory '/home/ajender/QemuV1/Docker/buildroot-2023.02.4/output/build/host-cmake-3.22.3/CMakeFiles/CMakeTmp'



Determining if the function cygwin_conv_path exists failed with the following output:
Change Dir: /home/ajender/QemuV1/Docker/buildroot-2023.02.4/output/build/host-cmake-3.22.3/CMakeFiles/CMakeTmp

Run Build Command(s):/usr/bin/gmake -f Makefile cmTC_d48fe/fast && gmake[1]: Entering directory '/home/ajender/QemuV1/Docker/buildroot-2023.02.4/output/build/host-cmake-3.22.3/CMakeFiles/CMakeTmp'
gmake  -f CMakeFiles/cmTC_d48fe.dir/build.make CMakeFiles/cmTC_d48fe.dir/build
gmake[2]: Entering directory '/home/ajender/QemuV1/Docker/buildroot-2023.02.4/output/build/host-cmake-3.22.3/CMakeFiles/CMakeTmp'
Building C object CMakeFiles/cmTC_d48fe.dir/CheckFunctionExists.c.o
/usr/bin/gcc   -O2 -w -DCHECK_FUNCTION_EXISTS=cygwin_conv_path  -fno-builtin -std=gnu11 -o CMakeFiles/cmTC_d48fe.dir/CheckFunctionExists.c.o -c /home/ajender/QemuV1/Docker/buildroot-2023.02.4/output/build/host-cmake-3.22.3/Modules/CheckFunctionExists.c
Linking C executable cmTC_d48fe
/home/ajender/QemuV1/Docker/buildroot-2023.02.4/output/build/host-cmake-3.22.3/Bootstrap.cmk/cmake -E cmake_link_script CMakeFiles/cmTC_d48fe.dir/link.txt --verbose=1
/usr/bin/gcc -O2 -w -DCHECK_FUNCTION_EXISTS=cygwin_conv_path  -fno-builtin -L/home/ajender/QemuV1/Docker/buildroot-2023.02.4/output/host/lib -Wl,-rpath,/home/ajender/QemuV1/Docker/buildroot-2023.02.4/output/host/lib  CMakeFiles/cmTC_d48fe.dir/CheckFunctionExists.c.o -o cmTC_d48fe 
/usr/bin/ld: CMakeFiles/cmTC_d48fe.dir/CheckFunctionExists.c.o: in function `main':
CheckFunctionExists.c:(.text.startup+0x10): undefined reference to `cygwin_conv_path'
collect2: error: ld returned 1 exit status
gmake[2]: *** [CMakeFiles/cmTC_d48fe.dir/build.make:99: cmTC_d48fe] Error 1
gmake[2]: Leaving directory '/home/ajender/QemuV1/Docker/buildroot-2023.02.4/output/build/host-cmake-3.22.3/CMakeFiles/CMakeTmp'
gmake[1]: *** [Makefile:127: cmTC_d48fe/fast] Error 2
gmake[1]: Leaving directory '/home/ajender/QemuV1/Docker/buildroot-2023.02.4/output/build/host-cmake-3.22.3/CMakeFiles/CMakeTmp'



Performing C SOURCE FILE Test HAVE_STRUCT_VFSCONF failed with the following output:
Change Dir: /home/ajender/QemuV1/Docker/buildroot-2023.02.4/output/build/host-cmake-3.22.3/CMakeFiles/CMakeTmp

Run Build Command(s):/usr/bin/gmake -f Makefile cmTC_929d0/fast && gmake[1]: Entering directory '/home/ajender/QemuV1/Docker/buildroot-2023.02.4/output/build/host-cmake-3.22.3/CMakeFiles/CMakeTmp'
gmake  -f CMakeFiles/cmTC_929d0.dir/build.make CMakeFiles/cmTC_929d0.dir/build
gmake[2]: Entering directory '/home/ajender/QemuV1/Docker/buildroot-2023.02.4/output/build/host-cmake-3.22.3/CMakeFiles/CMakeTmp'
Building C object CMakeFiles/cmTC_929d0.dir/src.c.o
/usr/bin/gcc -DHAVE_STRUCT_VFSCONF  -O2 -w  -std=gnu11 -o CMakeFiles/cmTC_929d0.dir/src.c.o -c /home/ajender/QemuV1/Docker/buildroot-2023.02.4/output/build/host-cmake-3.22.3/CMakeFiles/CMakeTmp/src.c
/home/ajender/QemuV1/Docker/buildroot-2023.02.4/output/build/host-cmake-3.22.3/CMakeFiles/CMakeTmp/src.c: In function ‘main’:
/home/ajender/QemuV1/Docker/buildroot-2023.02.4/output/build/host-cmake-3.22.3/CMakeFiles/CMakeTmp/src.c:3:33: error: storage size of ‘v’ isn’t known
    3 | int main(void) { struct vfsconf v; return sizeof(v);}
      |                                 ^
gmake[2]: *** [CMakeFiles/cmTC_929d0.dir/build.make:78: CMakeFiles/cmTC_929d0.dir/src.c.o] Error 1
gmake[2]: Leaving directory '/home/ajender/QemuV1/Docker/buildroot-2023.02.4/output/build/host-cmake-3.22.3/CMakeFiles/CMakeTmp'
gmake[1]: *** [Makefile:127: cmTC_929d0/fast] Error 2
gmake[1]: Leaving directory '/home/ajender/QemuV1/Docker/buildroot-2023.02.4/output/build/host-cmake-3.22.3/CMakeFiles/CMakeTmp'


Source file was:
#include <sys/types.h>
#include <sys/mount.h>
int main(void) { struct vfsconf v; return sizeof(v);}
Performing C SOURCE FILE Test HAVE_STRUCT_XVFSCONF failed with the following output:
Change Dir: /home/ajender/QemuV1/Docker/buildroot-2023.02.4/output/build/host-cmake-3.22.3/CMakeFiles/CMakeTmp

Run Build Command(s):/usr/bin/gmake -f Makefile cmTC_cd7f2/fast && gmake[1]: Entering directory '/home/ajender/QemuV1/Docker/buildroot-2023.02.4/output/build/host-cmake-3.22.3/CMakeFiles/CMakeTmp'
gmake  -f CMakeFiles/cmTC_cd7f2.dir/build.make CMakeFiles/cmTC_cd7f2.dir/build
gmake[2]: Entering directory '/home/ajender/QemuV1/Docker/buildroot-2023.02.4/output/build/host-cmake-3.22.3/CMakeFiles/CMakeTmp'
Building C object CMakeFiles/cmTC_cd7f2.dir/src.c.o
/usr/bin/gcc -DHAVE_STRUCT_XVFSCONF  -O2 -w  -std=gnu11 -o CMakeFiles/cmTC_cd7f2.dir/src.c.o -c /home/ajender/QemuV1/Docker/buildroot-2023.02.4/output/build/host-cmake-3.22.3/CMakeFiles/CMakeTmp/src.c
/home/ajender/QemuV1/Docker/buildroot-2023.02.4/output/build/host-cmake-3.22.3/CMakeFiles/CMakeTmp/src.c: In function ‘main’:
/home/ajender/QemuV1/Docker/buildroot-2023.02.4/output/build/host-cmake-3.22.3/CMakeFiles/CMakeTmp/src.c:3:34: error: storage size of ‘v’ isn’t known
    3 | int main(void) { struct xvfsconf v; return sizeof(v);}
      |                                  ^
gmake[2]: *** [CMakeFiles/cmTC_cd7f2.dir/build.make:78: CMakeFiles/cmTC_cd7f2.dir/src.c.o] Error 1
gmake[2]: Leaving directory '/home/ajender/QemuV1/Docker/buildroot-2023.02.4/output/build/host-cmake-3.22.3/CMakeFiles/CMakeTmp'
gmake[1]: *** [Makefile:127: cmTC_cd7f2/fast] Error 2
gmake[1]: Leaving directory '/home/ajender/QemuV1/Docker/buildroot-2023.02.4/output/build/host-cmake-3.22.3/CMakeFiles/CMakeTmp'


Source file was:
#include <sys/types.h>
#include <sys/mount.h>
int main(void) { struct xvfsconf v; return sizeof(v);}
Performing C SOURCE FILE Test MAJOR_IN_MKDEV failed with the following output:
Change Dir: /home/ajender/QemuV1/Docker/buildroot-2023.02.4/output/build/host-cmake-3.22.3/CMakeFiles/CMakeTmp

Run Build Command(s):/usr/bin/gmake -f Makefile cmTC_3a51a/fast && gmake[1]: Entering directory '/home/ajender/QemuV1/Docker/buildroot-2023.02.4/output/build/host-cmake-3.22.3/CMakeFiles/CMakeTmp'
gmake  -f CMakeFiles/cmTC_3a51a.dir/build.make CMakeFiles/cmTC_3a51a.dir/build
gmake[2]: Entering directory '/home/ajender/QemuV1/Docker/buildroot-2023.02.4/output/build/host-cmake-3.22.3/CMakeFiles/CMakeTmp'
Building C object CMakeFiles/cmTC_3a51a.dir/src.c.o
/usr/bin/gcc -DMAJOR_IN_MKDEV  -O2 -w  -std=gnu11 -o CMakeFiles/cmTC_3a51a.dir/src.c.o -c /home/ajender/QemuV1/Docker/buildroot-2023.02.4/output/build/host-cmake-3.22.3/CMakeFiles/CMakeTmp/src.c
/home/ajender/QemuV1/Docker/buildroot-2023.02.4/output/build/host-cmake-3.22.3/CMakeFiles/CMakeTmp/src.c:1:10: fatal error: sys/mkdev.h: No such file or directory
    1 | #include <sys/mkdev.h>
      |          ^~~~~~~~~~~~~
compilation terminated.
gmake[2]: *** [CMakeFiles/cmTC_3a51a.dir/build.make:78: CMakeFiles/cmTC_3a51a.dir/src.c.o] Error 1
gmake[2]: Leaving directory '/home/ajender/QemuV1/Docker/buildroot-2023.02.4/output/build/host-cmake-3.22.3/CMakeFiles/CMakeTmp'
gmake[1]: *** [Makefile:127: cmTC_3a51a/fast] Error 2
gmake[1]: Leaving directory '/home/ajender/QemuV1/Docker/buildroot-2023.02.4/output/build/host-cmake-3.22.3/CMakeFiles/CMakeTmp'


Source file was:
#include <sys/mkdev.h>
int main() { return major(256); }
Determining if the EFTYPE exist failed with the following output:
Change Dir: /home/ajender/QemuV1/Docker/buildroot-2023.02.4/output/build/host-cmake-3.22.3/CMakeFiles/CMakeTmp

Run Build Command(s):/usr/bin/gmake -f Makefile cmTC_fdf39/fast && gmake[1]: Entering directory '/home/ajender/QemuV1/Docker/buildroot-2023.02.4/output/build/host-cmake-3.22.3/CMakeFiles/CMakeTmp'
gmake  -f CMakeFiles/cmTC_fdf39.dir/build.make CMakeFiles/cmTC_fdf39.dir/build
gmake[2]: Entering directory '/home/ajender/QemuV1/Docker/buildroot-2023.02.4/output/build/host-cmake-3.22.3/CMakeFiles/CMakeTmp'
Building C object CMakeFiles/cmTC_fdf39.dir/CheckSymbolExists.c.o
/usr/bin/gcc   -O2 -w  -std=gnu11 -o CMakeFiles/cmTC_fdf39.dir/CheckSymbolExists.c.o -c /home/ajender/QemuV1/Docker/buildroot-2023.02.4/output/build/host-cmake-3.22.3/CMakeFiles/CMakeTmp/CheckSymbolExists.c
/home/ajender/QemuV1/Docker/buildroot-2023.02.4/output/build/host-cmake-3.22.3/CMakeFiles/CMakeTmp/CheckSymbolExists.c: In function ‘main’:
/home/ajender/QemuV1/Docker/buildroot-2023.02.4/output/build/host-cmake-3.22.3/CMakeFiles/CMakeTmp/CheckSymbolExists.c:8:19: error: ‘EFTYPE’ undeclared (first use in this function)
    8 |   return ((int*)(&EFTYPE))[argc];
      |                   ^~~~~~
/home/ajender/QemuV1/Docker/buildroot-2023.02.4/output/build/host-cmake-3.22.3/CMakeFiles/CMakeTmp/CheckSymbolExists.c:8:19: note: each undeclared identifier is reported only once for each function it appears in
gmake[2]: *** [CMakeFiles/cmTC_fdf39.dir/build.make:78: CMakeFiles/cmTC_fdf39.dir/CheckSymbolExists.c.o] Error 1
gmake[2]: Leaving directory '/home/ajender/QemuV1/Docker/buildroot-2023.02.4/output/build/host-cmake-3.22.3/CMakeFiles/CMakeTmp'
gmake[1]: *** [Makefile:127: cmTC_fdf39/fast] Error 2
gmake[1]: Leaving directory '/home/ajender/QemuV1/Docker/buildroot-2023.02.4/output/build/host-cmake-3.22.3/CMakeFiles/CMakeTmp'


File /home/ajender/QemuV1/Docker/buildroot-2023.02.4/output/build/host-cmake-3.22.3/CMakeFiles/CMakeTmp/CheckSymbolExists.c:
/* */
#include <errno.h>

int main(int argc, char** argv)
{
  (void)argv;
#ifndef EFTYPE
  return ((int*)(&EFTYPE))[argc];
#else
  (void)argc;
  return 0;
#endif
}
Determining if the D_MD_ORDER exist failed with the following output:
Change Dir: /home/ajender/QemuV1/Docker/buildroot-2023.02.4/output/build/host-cmake-3.22.3/CMakeFiles/CMakeTmp

Run Build Command(s):/usr/bin/gmake -f Makefile cmTC_4eb39/fast && gmake[1]: Entering directory '/home/ajender/QemuV1/Docker/buildroot-2023.02.4/output/build/host-cmake-3.22.3/CMakeFiles/CMakeTmp'
gmake  -f CMakeFiles/cmTC_4eb39.dir/build.make CMakeFiles/cmTC_4eb39.dir/build
gmake[2]: Entering directory '/home/ajender/QemuV1/Docker/buildroot-2023.02.4/output/build/host-cmake-3.22.3/CMakeFiles/CMakeTmp'
Building C object CMakeFiles/cmTC_4eb39.dir/CheckSymbolExists.c.o
/usr/bin/gcc   -O2 -w  -std=gnu11 -o CMakeFiles/cmTC_4eb39.dir/CheckSymbolExists.c.o -c /home/ajender/QemuV1/Docker/buildroot-2023.02.4/output/build/host-cmake-3.22.3/CMakeFiles/CMakeTmp/CheckSymbolExists.c
/home/ajender/QemuV1/Docker/buildroot-2023.02.4/output/build/host-cmake-3.22.3/CMakeFiles/CMakeTmp/CheckSymbolExists.c: In function ‘main’:
/home/ajender/QemuV1/Docker/buildroot-2023.02.4/output/build/host-cmake-3.22.3/CMakeFiles/CMakeTmp/CheckSymbolExists.c:8:19: error: ‘D_MD_ORDER’ undeclared (first use in this function)
    8 |   return ((int*)(&D_MD_ORDER))[argc];
      |                   ^~~~~~~~~~
/home/ajender/QemuV1/Docker/buildroot-2023.02.4/output/build/host-cmake-3.22.3/CMakeFiles/CMakeTmp/CheckSymbolExists.c:8:19: note: each undeclared identifier is reported only once for each function it appears in
gmake[2]: *** [CMakeFiles/cmTC_4eb39.dir/build.make:78: CMakeFiles/cmTC_4eb39.dir/CheckSymbolExists.c.o] Error 1
gmake[2]: Leaving directory '/home/ajender/QemuV1/Docker/buildroot-2023.02.4/output/build/host-cmake-3.22.3/CMakeFiles/CMakeTmp'
gmake[1]: *** [Makefile:127: cmTC_4eb39/fast] Error 2
gmake[1]: Leaving directory '/home/ajender/QemuV1/Docker/buildroot-2023.02.4/output/build/host-cmake-3.22.3/CMakeFiles/CMakeTmp'


File /home/ajender/QemuV1/Docker/buildroot-2023.02.4/output/build/host-cmake-3.22.3/CMakeFiles/CMakeTmp/CheckSymbolExists.c:
/* */
#include <langinfo.h>

int main(int argc, char** argv)
{
  (void)argv;
#ifndef D_MD_ORDER
  return ((int*)(&D_MD_ORDER))[argc];
#else
  (void)argc;
  return 0;
#endif
}
Performing C SOURCE FILE Test HAVE_STRUCT_TM___TM_GMTOFF failed with the following output:
Change Dir: /home/ajender/QemuV1/Docker/buildroot-2023.02.4/output/build/host-cmake-3.22.3/CMakeFiles/CMakeTmp

Run Build Command(s):/usr/bin/gmake -f Makefile cmTC_9a041/fast && gmake[1]: Entering directory '/home/ajender/QemuV1/Docker/buildroot-2023.02.4/output/build/host-cmake-3.22.3/CMakeFiles/CMakeTmp'
gmake  -f CMakeFiles/cmTC_9a041.dir/build.make CMakeFiles/cmTC_9a041.dir/build
gmake[2]: Entering directory '/home/ajender/QemuV1/Docker/buildroot-2023.02.4/output/build/host-cmake-3.22.3/CMakeFiles/CMakeTmp'
Building C object CMakeFiles/cmTC_9a041.dir/src.c.o
/usr/bin/gcc -DHAVE_STRUCT_TM___TM_GMTOFF  -O2 -w  -std=gnu11 -o CMakeFiles/cmTC_9a041.dir/src.c.o -c /home/ajender/QemuV1/Docker/buildroot-2023.02.4/output/build/host-cmake-3.22.3/CMakeFiles/CMakeTmp/src.c
/home/ajender/QemuV1/Docker/buildroot-2023.02.4/output/build/host-cmake-3.22.3/CMakeFiles/CMakeTmp/src.c: In function ‘main’:
/home/ajender/QemuV1/Docker/buildroot-2023.02.4/output/build/host-cmake-3.22.3/CMakeFiles/CMakeTmp/src.c:6:34: error: ‘struct tm’ has no member named ‘__tm_gmtoff’; did you mean ‘tm_gmtoff’?
    6 |   (void)sizeof(((struct tm *)0)->__tm_gmtoff);
      |                                  ^~~~~~~~~~~
      |                                  tm_gmtoff
gmake[2]: *** [CMakeFiles/cmTC_9a041.dir/build.make:78: CMakeFiles/cmTC_9a041.dir/src.c.o] Error 1
gmake[2]: Leaving directory '/home/ajender/QemuV1/Docker/buildroot-2023.02.4/output/build/host-cmake-3.22.3/CMakeFiles/CMakeTmp'
gmake[1]: *** [Makefile:127: cmTC_9a041/fast] Error 2
gmake[1]: Leaving directory '/home/ajender/QemuV1/Docker/buildroot-2023.02.4/output/build/host-cmake-3.22.3/CMakeFiles/CMakeTmp'


Source file was:

#include <time.h>

int main()
{
  (void)sizeof(((struct tm *)0)->__tm_gmtoff);
  return 0;
}

Performing C SOURCE FILE Test HAVE_STRUCT_STATFS_F_NAMEMAX failed with the following output:
Change Dir: /home/ajender/QemuV1/Docker/buildroot-2023.02.4/output/build/host-cmake-3.22.3/CMakeFiles/CMakeTmp

Run Build Command(s):/usr/bin/gmake -f Makefile cmTC_5023d/fast && gmake[1]: Entering directory '/home/ajender/QemuV1/Docker/buildroot-2023.02.4/output/build/host-cmake-3.22.3/CMakeFiles/CMakeTmp'
gmake  -f CMakeFiles/cmTC_5023d.dir/build.make CMakeFiles/cmTC_5023d.dir/build
gmake[2]: Entering directory '/home/ajender/QemuV1/Docker/buildroot-2023.02.4/output/build/host-cmake-3.22.3/CMakeFiles/CMakeTmp'
Building C object CMakeFiles/cmTC_5023d.dir/src.c.o
/usr/bin/gcc -DHAVE_STRUCT_STATFS_F_NAMEMAX  -O2 -w  -std=gnu11 -o CMakeFiles/cmTC_5023d.dir/src.c.o -c /home/ajender/QemuV1/Docker/buildroot-2023.02.4/output/build/host-cmake-3.22.3/CMakeFiles/CMakeTmp/src.c
/home/ajender/QemuV1/Docker/buildroot-2023.02.4/output/build/host-cmake-3.22.3/CMakeFiles/CMakeTmp/src.c: In function ‘main’:
/home/ajender/QemuV1/Docker/buildroot-2023.02.4/output/build/host-cmake-3.22.3/CMakeFiles/CMakeTmp/src.c:7:36: error: invalid use of undefined type ‘struct statfs’
    7 |   (void)sizeof(((struct statfs *)0)->f_namemax);
      |                                    ^~
gmake[2]: *** [CMakeFiles/cmTC_5023d.dir/build.make:78: CMakeFiles/cmTC_5023d.dir/src.c.o] Error 1
gmake[2]: Leaving directory '/home/ajender/QemuV1/Docker/buildroot-2023.02.4/output/build/host-cmake-3.22.3/CMakeFiles/CMakeTmp'
gmake[1]: *** [Makefile:127: cmTC_5023d/fast] Error 2
gmake[1]: Leaving directory '/home/ajender/QemuV1/Docker/buildroot-2023.02.4/output/build/host-cmake-3.22.3/CMakeFiles/CMakeTmp'


Source file was:

#include <sys/param.h>
#include <sys/mount.h>

int main()
{
  (void)sizeof(((struct statfs *)0)->f_namemax);
  return 0;
}

Performing C SOURCE FILE Test HAVE_STRUCT_STAT_ST_BIRTHTIME failed with the following output:
Change Dir: /home/ajender/QemuV1/Docker/buildroot-2023.02.4/output/build/host-cmake-3.22.3/CMakeFiles/CMakeTmp

Run Build Command(s):/usr/bin/gmake -f Makefile cmTC_deab9/fast && gmake[1]: Entering directory '/home/ajender/QemuV1/Docker/buildroot-2023.02.4/output/build/host-cmake-3.22.3/CMakeFiles/CMakeTmp'
gmake  -f CMakeFiles/cmTC_deab9.dir/build.make CMakeFiles/cmTC_deab9.dir/build
gmake[2]: Entering directory '/home/ajender/QemuV1/Docker/buildroot-2023.02.4/output/build/host-cmake-3.22.3/CMakeFiles/CMakeTmp'
Building C object CMakeFiles/cmTC_deab9.dir/src.c.o
/usr/bin/gcc -DHAVE_STRUCT_STAT_ST_BIRTHTIME  -O2 -w  -std=gnu11 -o CMakeFiles/cmTC_deab9.dir/src.c.o -c /home/ajender/QemuV1/Docker/buildroot-2023.02.4/output/build/host-cmake-3.22.3/CMakeFiles/CMakeTmp/src.c
/home/ajender/QemuV1/Docker/buildroot-2023.02.4/output/build/host-cmake-3.22.3/CMakeFiles/CMakeTmp/src.c: In function ‘main’:
/home/ajender/QemuV1/Docker/buildroot-2023.02.4/output/build/host-cmake-3.22.3/CMakeFiles/CMakeTmp/src.c:7:34: error: ‘struct stat’ has no member named ‘st_birthtime’
    7 |   (void)sizeof(((struct stat *)0)->st_birthtime);
      |                                  ^~
gmake[2]: *** [CMakeFiles/cmTC_deab9.dir/build.make:78: CMakeFiles/cmTC_deab9.dir/src.c.o] Error 1
gmake[2]: Leaving directory '/home/ajender/QemuV1/Docker/buildroot-2023.02.4/output/build/host-cmake-3.22.3/CMakeFiles/CMakeTmp'
gmake[1]: *** [Makefile:127: cmTC_deab9/fast] Error 2
gmake[1]: Leaving directory '/home/ajender/QemuV1/Docker/buildroot-2023.02.4/output/build/host-cmake-3.22.3/CMakeFiles/CMakeTmp'


Source file was:

#include <sys/types.h>
#include <sys/stat.h>

int main()
{
  (void)sizeof(((struct stat *)0)->st_birthtime);
  return 0;
}

Performing C SOURCE FILE Test HAVE_STRUCT_STAT_ST_BIRTHTIMESPEC_TV_NSEC failed with the following output:
Change Dir: /home/ajender/QemuV1/Docker/buildroot-2023.02.4/output/build/host-cmake-3.22.3/CMakeFiles/CMakeTmp

Run Build Command(s):/usr/bin/gmake -f Makefile cmTC_c9865/fast && gmake[1]: Entering directory '/home/ajender/QemuV1/Docker/buildroot-2023.02.4/output/build/host-cmake-3.22.3/CMakeFiles/CMakeTmp'
gmake  -f CMakeFiles/cmTC_c9865.dir/build.make CMakeFiles/cmTC_c9865.dir/build
gmake[2]: Entering directory '/home/ajender/QemuV1/Docker/buildroot-2023.02.4/output/build/host-cmake-3.22.3/CMakeFiles/CMakeTmp'
Building C object CMakeFiles/cmTC_c9865.dir/src.c.o
/usr/bin/gcc -DHAVE_STRUCT_STAT_ST_BIRTHTIMESPEC_TV_NSEC  -O2 -w  -std=gnu11 -o CMakeFiles/cmTC_c9865.dir/src.c.o -c /home/ajender/QemuV1/Docker/buildroot-2023.02.4/output/build/host-cmake-3.22.3/CMakeFiles/CMakeTmp/src.c
/home/ajender/QemuV1/Docker/buildroot-2023.02.4/output/build/host-cmake-3.22.3/CMakeFiles/CMakeTmp/src.c: In function ‘main’:
/home/ajender/QemuV1/Docker/buildroot-2023.02.4/output/build/host-cmake-3.22.3/CMakeFiles/CMakeTmp/src.c:7:34: error: ‘struct stat’ has no member named ‘st_birthtimespec’
    7 |   (void)sizeof(((struct stat *)0)->st_birthtimespec.tv_nsec);
      |                                  ^~
gmake[2]: *** [CMakeFiles/cmTC_c9865.dir/build.make:78: CMakeFiles/cmTC_c9865.dir/src.c.o] Error 1
gmake[2]: Leaving directory '/home/ajender/QemuV1/Docker/buildroot-2023.02.4/output/build/host-cmake-3.22.3/CMakeFiles/CMakeTmp'
gmake[1]: *** [Makefile:127: cmTC_c9865/fast] Error 2
gmake[1]: Leaving directory '/home/ajender/QemuV1/Docker/buildroot-2023.02.4/output/build/host-cmake-3.22.3/CMakeFiles/CMakeTmp'


Source file was:

#include <sys/types.h>
#include <sys/stat.h>

int main()
{
  (void)sizeof(((struct stat *)0)->st_birthtimespec.tv_nsec);
  return 0;
}

Performing C SOURCE FILE Test HAVE_STRUCT_STAT_ST_MTIMESPEC_TV_NSEC failed with the following output:
Change Dir: /home/ajender/QemuV1/Docker/buildroot-2023.02.4/output/build/host-cmake-3.22.3/CMakeFiles/CMakeTmp

Run Build Command(s):/usr/bin/gmake -f Makefile cmTC_4e84c/fast && gmake[1]: Entering directory '/home/ajender/QemuV1/Docker/buildroot-2023.02.4/output/build/host-cmake-3.22.3/CMakeFiles/CMakeTmp'
gmake  -f CMakeFiles/cmTC_4e84c.dir/build.make CMakeFiles/cmTC_4e84c.dir/build
gmake[2]: Entering directory '/home/ajender/QemuV1/Docker/buildroot-2023.02.4/output/build/host-cmake-3.22.3/CMakeFiles/CMakeTmp'
Building C object CMakeFiles/cmTC_4e84c.dir/src.c.o
/usr/bin/gcc -DHAVE_STRUCT_STAT_ST_MTIMESPEC_TV_NSEC  -O2 -w  -std=gnu11 -o CMakeFiles/cmTC_4e84c.dir/src.c.o -c /home/ajender/QemuV1/Docker/buildroot-2023.02.4/output/build/host-cmake-3.22.3/CMakeFiles/CMakeTmp/src.c
/home/ajender/QemuV1/Docker/buildroot-2023.02.4/output/build/host-cmake-3.22.3/CMakeFiles/CMakeTmp/src.c: In function ‘main’:
/home/ajender/QemuV1/Docker/buildroot-2023.02.4/output/build/host-cmake-3.22.3/CMakeFiles/CMakeTmp/src.c:7:34: error: ‘struct stat’ has no member named ‘st_mtimespec’
    7 |   (void)sizeof(((struct stat *)0)->st_mtimespec.tv_nsec);
      |                                  ^~
gmake[2]: *** [CMakeFiles/cmTC_4e84c.dir/build.make:78: CMakeFiles/cmTC_4e84c.dir/src.c.o] Error 1
gmake[2]: Leaving directory '/home/ajender/QemuV1/Docker/buildroot-2023.02.4/output/build/host-cmake-3.22.3/CMakeFiles/CMakeTmp'
gmake[1]: *** [Makefile:127: cmTC_4e84c/fast] Error 2
gmake[1]: Leaving directory '/home/ajender/QemuV1/Docker/buildroot-2023.02.4/output/build/host-cmake-3.22.3/CMakeFiles/CMakeTmp'


Source file was:

#include <sys/types.h>
#include <sys/stat.h>

int main()
{
  (void)sizeof(((struct stat *)0)->st_mtimespec.tv_nsec);
  return 0;
}

Performing C SOURCE FILE Test HAVE_STRUCT_STAT_ST_MTIME_N failed with the following output:
Change Dir: /home/ajender/QemuV1/Docker/buildroot-2023.02.4/output/build/host-cmake-3.22.3/CMakeFiles/CMakeTmp

Run Build Command(s):/usr/bin/gmake -f Makefile cmTC_dfdf3/fast && gmake[1]: Entering directory '/home/ajender/QemuV1/Docker/buildroot-2023.02.4/output/build/host-cmake-3.22.3/CMakeFiles/CMakeTmp'
gmake  -f CMakeFiles/cmTC_dfdf3.dir/build.make CMakeFiles/cmTC_dfdf3.dir/build
gmake[2]: Entering directory '/home/ajender/QemuV1/Docker/buildroot-2023.02.4/output/build/host-cmake-3.22.3/CMakeFiles/CMakeTmp'
Building C object CMakeFiles/cmTC_dfdf3.dir/src.c.o
/usr/bin/gcc -DHAVE_STRUCT_STAT_ST_MTIME_N  -O2 -w  -std=gnu11 -o CMakeFiles/cmTC_dfdf3.dir/src.c.o -c /home/ajender/QemuV1/Docker/buildroot-2023.02.4/output/build/host-cmake-3.22.3/CMakeFiles/CMakeTmp/src.c
/home/ajender/QemuV1/Docker/buildroot-2023.02.4/output/build/host-cmake-3.22.3/CMakeFiles/CMakeTmp/src.c: In function ‘main’:
/home/ajender/QemuV1/Docker/buildroot-2023.02.4/output/build/host-cmake-3.22.3/CMakeFiles/CMakeTmp/src.c:7:36: error: ‘struct stat’ has no member named ‘st_mtime_n’; did you mean ‘st_mtim’?
    7 |   (void)sizeof(((struct stat *)0)->st_mtime_n);
      |                                    ^~~~~~~~~~
      |                                    st_mtim
gmake[2]: *** [CMakeFiles/cmTC_dfdf3.dir/build.make:78: CMakeFiles/cmTC_dfdf3.dir/src.c.o] Error 1
gmake[2]: Leaving directory '/home/ajender/QemuV1/Docker/buildroot-2023.02.4/output/build/host-cmake-3.22.3/CMakeFiles/CMakeTmp'
gmake[1]: *** [Makefile:127: cmTC_dfdf3/fast] Error 2
gmake[1]: Leaving directory '/home/ajender/QemuV1/Docker/buildroot-2023.02.4/output/build/host-cmake-3.22.3/CMakeFiles/CMakeTmp'


Source file was:

#include <sys/types.h>
#include <sys/stat.h>

int main()
{
  (void)sizeof(((struct stat *)0)->st_mtime_n);
  return 0;
}

Performing C SOURCE FILE Test HAVE_STRUCT_STAT_ST_UMTIME failed with the following output:
Change Dir: /home/ajender/QemuV1/Docker/buildroot-2023.02.4/output/build/host-cmake-3.22.3/CMakeFiles/CMakeTmp

Run Build Command(s):/usr/bin/gmake -f Makefile cmTC_0f36f/fast && gmake[1]: Entering directory '/home/ajender/QemuV1/Docker/buildroot-2023.02.4/output/build/host-cmake-3.22.3/CMakeFiles/CMakeTmp'
gmake  -f CMakeFiles/cmTC_0f36f.dir/build.make CMakeFiles/cmTC_0f36f.dir/build
gmake[2]: Entering directory '/home/ajender/QemuV1/Docker/buildroot-2023.02.4/output/build/host-cmake-3.22.3/CMakeFiles/CMakeTmp'
Building C object CMakeFiles/cmTC_0f36f.dir/src.c.o
/usr/bin/gcc -DHAVE_STRUCT_STAT_ST_UMTIME  -O2 -w  -std=gnu11 -o CMakeFiles/cmTC_0f36f.dir/src.c.o -c /home/ajender/QemuV1/Docker/buildroot-2023.02.4/output/build/host-cmake-3.22.3/CMakeFiles/CMakeTmp/src.c
/home/ajender/QemuV1/Docker/buildroot-2023.02.4/output/build/host-cmake-3.22.3/CMakeFiles/CMakeTmp/src.c: In function ‘main’:
/home/ajender/QemuV1/Docker/buildroot-2023.02.4/output/build/host-cmake-3.22.3/CMakeFiles/CMakeTmp/src.c:7:36: error: ‘struct stat’ has no member named ‘st_umtime’; did you mean ‘st_mtim’?
    7 |   (void)sizeof(((struct stat *)0)->st_umtime);
      |                                    ^~~~~~~~~
      |                                    st_mtim
gmake[2]: *** [CMakeFiles/cmTC_0f36f.dir/build.make:78: CMakeFiles/cmTC_0f36f.dir/src.c.o] Error 1
gmake[2]: Leaving directory '/home/ajender/QemuV1/Docker/buildroot-2023.02.4/output/build/host-cmake-3.22.3/CMakeFiles/CMakeTmp'
gmake[1]: *** [Makefile:127: cmTC_0f36f/fast] Error 2
gmake[1]: Leaving directory '/home/ajender/QemuV1/Docker/buildroot-2023.02.4/output/build/host-cmake-3.22.3/CMakeFiles/CMakeTmp'


Source file was:

#include <sys/types.h>
#include <sys/stat.h>

int main()
{
  (void)sizeof(((struct stat *)0)->st_umtime);
  return 0;
}

Performing C SOURCE FILE Test HAVE_STRUCT_STAT_ST_MTIME_USEC failed with the following output:
Change Dir: /home/ajender/QemuV1/Docker/buildroot-2023.02.4/output/build/host-cmake-3.22.3/CMakeFiles/CMakeTmp

Run Build Command(s):/usr/bin/gmake -f Makefile cmTC_0f5ff/fast && gmake[1]: Entering directory '/home/ajender/QemuV1/Docker/buildroot-2023.02.4/output/build/host-cmake-3.22.3/CMakeFiles/CMakeTmp'
gmake  -f CMakeFiles/cmTC_0f5ff.dir/build.make CMakeFiles/cmTC_0f5ff.dir/build
gmake[2]: Entering directory '/home/ajender/QemuV1/Docker/buildroot-2023.02.4/output/build/host-cmake-3.22.3/CMakeFiles/CMakeTmp'
Building C object CMakeFiles/cmTC_0f5ff.dir/src.c.o
/usr/bin/gcc -DHAVE_STRUCT_STAT_ST_MTIME_USEC  -O2 -w  -std=gnu11 -o CMakeFiles/cmTC_0f5ff.dir/src.c.o -c /home/ajender/QemuV1/Docker/buildroot-2023.02.4/output/build/host-cmake-3.22.3/CMakeFiles/CMakeTmp/src.c
/home/ajender/QemuV1/Docker/buildroot-2023.02.4/output/build/host-cmake-3.22.3/CMakeFiles/CMakeTmp/src.c: In function ‘main’:
/home/ajender/QemuV1/Docker/buildroot-2023.02.4/output/build/host-cmake-3.22.3/CMakeFiles/CMakeTmp/src.c:7:34: error: ‘struct stat’ has no member named ‘st_mtime_usec’
    7 |   (void)sizeof(((struct stat *)0)->st_mtime_usec);
      |                                  ^~
gmake[2]: *** [CMakeFiles/cmTC_0f5ff.dir/build.make:78: CMakeFiles/cmTC_0f5ff.dir/src.c.o] Error 1
gmake[2]: Leaving directory '/home/ajender/QemuV1/Docker/buildroot-2023.02.4/output/build/host-cmake-3.22.3/CMakeFiles/CMakeTmp'
gmake[1]: *** [Makefile:127: cmTC_0f5ff/fast] Error 2
gmake[1]: Leaving directory '/home/ajender/QemuV1/Docker/buildroot-2023.02.4/output/build/host-cmake-3.22.3/CMakeFiles/CMakeTmp'


Source file was:

#include <sys/types.h>
#include <sys/stat.h>

int main()
{
  (void)sizeof(((struct stat *)0)->st_mtime_usec);
  return 0;
}

Performing C SOURCE FILE Test HAVE_STRUCT_STAT_ST_FLAGS failed with the following output:
Change Dir: /home/ajender/QemuV1/Docker/buildroot-2023.02.4/output/build/host-cmake-3.22.3/CMakeFiles/CMakeTmp

Run Build Command(s):/usr/bin/gmake -f Makefile cmTC_f80b8/fast && gmake[1]: Entering directory '/home/ajender/QemuV1/Docker/buildroot-2023.02.4/output/build/host-cmake-3.22.3/CMakeFiles/CMakeTmp'
gmake  -f CMakeFiles/cmTC_f80b8.dir/build.make CMakeFiles/cmTC_f80b8.dir/build
gmake[2]: Entering directory '/home/ajender/QemuV1/Docker/buildroot-2023.02.4/output/build/host-cmake-3.22.3/CMakeFiles/CMakeTmp'
Building C object CMakeFiles/cmTC_f80b8.dir/src.c.o
/usr/bin/gcc -DHAVE_STRUCT_STAT_ST_FLAGS  -O2 -w  -std=gnu11 -o CMakeFiles/cmTC_f80b8.dir/src.c.o -c /home/ajender/QemuV1/Docker/buildroot-2023.02.4/output/build/host-cmake-3.22.3/CMakeFiles/CMakeTmp/src.c
/home/ajender/QemuV1/Docker/buildroot-2023.02.4/output/build/host-cmake-3.22.3/CMakeFiles/CMakeTmp/src.c: In function ‘main’:
/home/ajender/QemuV1/Docker/buildroot-2023.02.4/output/build/host-cmake-3.22.3/CMakeFiles/CMakeTmp/src.c:7:34: error: ‘struct stat’ has no member named ‘st_flags’
    7 |   (void)sizeof(((struct stat *)0)->st_flags);
      |                                  ^~
gmake[2]: *** [CMakeFiles/cmTC_f80b8.dir/build.make:78: CMakeFiles/cmTC_f80b8.dir/src.c.o] Error 1
gmake[2]: Leaving directory '/home/ajender/QemuV1/Docker/buildroot-2023.02.4/output/build/host-cmake-3.22.3/CMakeFiles/CMakeTmp'
gmake[1]: *** [Makefile:127: cmTC_f80b8/fast] Error 2
gmake[1]: Leaving directory '/home/ajender/QemuV1/Docker/buildroot-2023.02.4/output/build/host-cmake-3.22.3/CMakeFiles/CMakeTmp'


Source file was:

#include <sys/types.h>
#include <sys/stat.h>

int main()
{
  (void)sizeof(((struct stat *)0)->st_flags);
  return 0;
}

Performing C SOURCE FILE Test HAVE_STRUCT_STATVFS_F_IOSIZE failed with the following output:
Change Dir: /home/ajender/QemuV1/Docker/buildroot-2023.02.4/output/build/host-cmake-3.22.3/CMakeFiles/CMakeTmp

Run Build Command(s):/usr/bin/gmake -f Makefile cmTC_29db3/fast && gmake[1]: Entering directory '/home/ajender/QemuV1/Docker/buildroot-2023.02.4/output/build/host-cmake-3.22.3/CMakeFiles/CMakeTmp'
gmake  -f CMakeFiles/cmTC_29db3.dir/build.make CMakeFiles/cmTC_29db3.dir/build
gmake[2]: Entering directory '/home/ajender/QemuV1/Docker/buildroot-2023.02.4/output/build/host-cmake-3.22.3/CMakeFiles/CMakeTmp'
Building C object CMakeFiles/cmTC_29db3.dir/src.c.o
/usr/bin/gcc -DHAVE_STRUCT_STATVFS_F_IOSIZE  -O2 -w  -std=gnu11 -o CMakeFiles/cmTC_29db3.dir/src.c.o -c /home/ajender/QemuV1/Docker/buildroot-2023.02.4/output/build/host-cmake-3.22.3/CMakeFiles/CMakeTmp/src.c
/home/ajender/QemuV1/Docker/buildroot-2023.02.4/output/build/host-cmake-3.22.3/CMakeFiles/CMakeTmp/src.c: In function ‘main’:
/home/ajender/QemuV1/Docker/buildroot-2023.02.4/output/build/host-cmake-3.22.3/CMakeFiles/CMakeTmp/src.c:7:39: error: ‘struct statvfs’ has no member named ‘f_iosize’; did you mean ‘f_bsize’?
    7 |   (void)sizeof(((struct statvfs *)0)->f_iosize);
      |                                       ^~~~~~~~
      |                                       f_bsize
gmake[2]: *** [CMakeFiles/cmTC_29db3.dir/build.make:78: CMakeFiles/cmTC_29db3.dir/src.c.o] Error 1
gmake[2]: Leaving directory '/home/ajender/QemuV1/Docker/buildroot-2023.02.4/output/build/host-cmake-3.22.3/CMakeFiles/CMakeTmp'
gmake[1]: *** [Makefile:127: cmTC_29db3/fast] Error 2
gmake[1]: Leaving directory '/home/ajender/QemuV1/Docker/buildroot-2023.02.4/output/build/host-cmake-3.22.3/CMakeFiles/CMakeTmp'


Source file was:

#include <sys/types.h>
#include <sys/statvfs.h>

int main()
{
  (void)sizeof(((struct statvfs *)0)->f_iosize);
  return 0;
}

Looking for a Fortran compiler failed with the following output:
-- The Fortran compiler identification is unknown
[31mCMake Error at CMakeLists.txt:2 (project):
  No CMAKE_Fortran_COMPILER could be found.

  Tell CMake where to find the compiler by setting either the environment
  variable "FC" or the CMake cache entry CMAKE_Fortran_COMPILER to the full
  path to the compiler, or to the compiler name if it is in the PATH.

[0m
-- Configuring incomplete, errors occurred!
See also "/home/ajender/QemuV1/Docker/buildroot-2023.02.4/output/build/host-cmake-3.22.3/Tests/CMakeFiles/CheckFortran/CMakeFiles/CMakeOutput.log".
See also "/home/ajender/QemuV1/Docker/buildroot-2023.02.4/output/build/host-cmake-3.22.3/Tests/CMakeFiles/CheckFortran/CMakeFiles/CMakeError.log".

